Scraper Hospital - 2026-03-15 13:21:13
============================================================

Logging in...
Logged in!

============================================================
COMPETENCIA 06/2025
============================================================
  Site total: 931 | Links encontrados: 931
  Ja registrados no banco: 892
  --------------------------------------------------------
  [1/931] JA NO BANCO: 368323 (ent=2025-05-20)
  [2/931] JA NO BANCO: 365333 (ent=2025-05-10)
  [3/931] JA NO BANCO: 367549 (ent=2025-05-18)
  [4/931] JA NO BANCO: 363670 (ent=2025-05-05)
  [5/931] JA NO BANCO: 361027 (ent=2025-04-24)
  [6/931] JA NO BANCO: 364253 (ent=2025-05-06)
  [7/931] JA NO BANCO: 365615 (ent=2025-05-11)
  [8/931] JA NO BANCO: 366285 (ent=2025-05-13)
  [9/931] JA NO BANCO: 361953 (ent=2025-04-28)
  [10/931] JA NO BANCO: 369258 (ent=2025-05-23)
  [11/931] JA NO BANCO: 364392 (ent=2025-05-07)
  [12/931] JA NO BANCO: 368889 (ent=2025-05-22)
  [13/931] JA NO BANCO: 367419 (ent=2025-05-17)
  [14/931] JA NO BANCO: 368856 (ent=2025-05-22)
  [15/931] JA NO BANCO: 367348 (ent=2025-05-17)
  [16/931] JA NO BANCO: 364354 (ent=2025-05-07)
  [17/931] JA NO BANCO: 370684 (ent=2025-05-28)
  [18/931] JA NO BANCO: 362988 (ent=2025-05-02)
  [19/931] JA NO BANCO: 368272 (ent=2025-05-20)
  [20/931] JA NO BANCO: 364798 (ent=2025-05-08)
  [21/931] JA NO BANCO: 363941 (ent=2025-05-05)
  [22/931] JA NO BANCO: 360500 (ent=2025-04-23)
  [23/931] JA NO BANCO: 369867 (ent=2025-05-26)
  [24/931] JA NO BANCO: 357349 (ent=2025-04-12)
  [25/931] JA NO BANCO: 363885 (ent=2025-05-05)
  [26/931] JA NO BANCO: 366408 (ent=2025-05-14)
  [27/931] JA NO BANCO: 366593 (ent=2025-05-14)
  [28/931] JA NO BANCO: 370235 (ent=2025-05-27)
  [29/931] JA NO BANCO: 362636 (ent=2025-04-30)
  [30/931] JA NO BANCO: 365163 (ent=2025-05-09)
  [31/931] JA NO BANCO: 366452 (ent=2025-05-14)
  [32/931] JA NO BANCO: 365322 (ent=2025-05-10)
  [33/931] JA NO BANCO: 365071 (ent=2025-05-09)
  [34/931] JA NO BANCO: 368117 (ent=2025-05-19)
  [35/931] JA NO BANCO: 364581 (ent=2025-05-07)
  [36/931] JA NO BANCO: 368046 (ent=2025-05-19)
  [37/931] JA NO BANCO: 364281 (ent=2025-05-06)
  [38/931] JA NO BANCO: 367933 (ent=2025-05-19)
  [39/931] JA NO BANCO: 369306 (ent=2025-05-23)
  [40/931] JA NO BANCO: 368230 (ent=2025-05-20)
  [41/931] JA NO BANCO: 367976 (ent=2025-05-19)
  [42/931] JA NO BANCO: 370820 (ent=2025-05-29)
  [43/931] JA NO BANCO: 369657 (ent=2025-05-24)
  [44/931] JA NO BANCO: 360488 (ent=2025-04-23)
  [45/931] JA NO BANCO: 363930 (ent=2025-05-05)
  [46/931] JA NO BANCO: 364585 (ent=2025-05-07)
  [47/931] JA NO BANCO: 363412 (ent=2025-05-04)
  [48/931] JA NO BANCO: 369969 (ent=2025-05-26)
  [49/931] JA NO BANCO: 360498 (ent=2025-04-23)
  [50/931] JA NO BANCO: 360498 (ent=2025-04-23)
  [51/931] JA NO BANCO: 369895 (ent=2025-05-26)
  [52/931] JA NO BANCO: 365769 (ent=2025-05-11)
  [53/931] JA NO BANCO: 365209 (ent=2025-05-09)
  [54/931] JA NO BANCO: 368242 (ent=2025-05-19)
  [55/931] JA NO BANCO: 367848 (ent=2025-05-19)
  [56/931] JA NO BANCO: 369663 (ent=2025-05-24)
  [57/931] JA NO BANCO: 362084 (ent=2025-04-29)
  [58/931] JA NO BANCO: 369011 (ent=2025-05-22)
  [59/931] JA NO BANCO: 369503 (ent=2025-05-24)
  [60/931] JA NO BANCO: 350578 (ent=2025-03-20)
  [61/931] JA NO BANCO: 350578 (ent=2025-03-20)
  [62/931] + EXTRAIDO: 346860 - ANA LUIZA NOGUEIRA RIBEIRO | Campina Grande | 20 procs | 2025-03-07 -> 2025-03-15
  [62/931] !! PROBLEMAS: 346860 -> INTERNACAO MULTIPLA (2x no site) | SEM AIH
  [63/931] JA NO BANCO: 346860 (ent=2025-03-15)
  [64/931] JA NO BANCO: 362707 (ent=2025-04-30)
  [65/931] JA NO BANCO: 368311 (ent=2025-05-20)
  [66/931] JA NO BANCO: 365640 (ent=2025-05-11)
  [67/931] JA NO BANCO: 368950 (ent=2025-05-22)
  [68/931] JA NO BANCO: 367994 (ent=2025-05-19)
  [69/931] JA NO BANCO: 370451 (ent=2025-05-28)
  [70/931] JA NO BANCO: 358764 (ent=2025-04-17)
  [71/931] + EXTRAIDO: 358764 - ANA PAULA DE SOUSA | Sumé | 11 procs | 2025-04-18 -> 2025-04-19
  [71/931] !! PROBLEMAS: 358764 -> INTERNACAO MULTIPLA (2x no site) | SEM AIH
  [72/931] JA NO BANCO: 364837 (ent=2025-05-08)
  [73/931] JA NO BANCO: 365638 (ent=2025-05-11)
  [74/931] JA NO BANCO: 369587 (ent=2025-05-24)
  [75/931] JA NO BANCO: 366013 (ent=2025-05-12)
  [76/931] JA NO BANCO: 362267 (ent=2025-04-29)
  [77/931] JA NO BANCO: 356611 (ent=2025-04-09)
  [78/931] JA NO BANCO: 360325 (ent=2025-04-22)
  [79/931] JA NO BANCO: 366251 (ent=2025-05-13)
  [80/931] JA NO BANCO: 370844 (ent=2025-05-29)
  [81/931] JA NO BANCO: 361983 (ent=2025-04-28)
  [82/931] JA NO BANCO: 345028 (ent=2025-03-02)
  [83/931] JA NO BANCO: 366630 (ent=2025-05-14)
  [84/931] JA NO BANCO: 368099 (ent=2025-05-19)
  [85/931] JA NO BANCO: 364739 (ent=2025-05-08)
  [86/931] JA NO BANCO: 367749 (ent=2025-05-18)
  [87/931] JA NO BANCO: 369163 (ent=2025-05-23)
  [88/931] JA NO BANCO: 368478 (ent=2025-05-21)
  [89/931] JA NO BANCO: 366723 (ent=2025-05-15)
  [90/931] JA NO BANCO: 367790 (ent=2025-05-19)
  [91/931] JA NO BANCO: 365368 (ent=2025-05-10)
  [92/931] JA NO BANCO: 364187 (ent=2025-05-06)
  [93/931] JA NO BANCO: 366067 (ent=2025-05-12)
  [94/931] JA NO BANCO: 367060 (ent=2025-05-16)
  [95/931] JA NO BANCO: 367996 (ent=2025-05-19)
  [96/931] JA NO BANCO: 356883 (ent=2025-04-10)
  [97/931] JA NO BANCO: 359358 (ent=2025-04-19)
  [98/931] JA NO BANCO: 354852 (ent=2025-04-03)
  [99/931] JA NO BANCO: 370044 (ent=2025-05-26)
  [100/931] JA NO BANCO: 367169 (ent=2025-05-16)
  [101/931] JA NO BANCO: 360949 (ent=2025-04-24)
  [102/931] JA NO BANCO: 366672 (ent=2025-05-15)
  [103/931] JA NO BANCO: 365082 (ent=2025-05-09)
  [104/931] JA NO BANCO: 367256 (ent=2025-05-16)
  [105/931] JA NO BANCO: 349565 (ent=2025-03-16)
  [106/931] + EXTRAIDO: 349565 - ARMINDA RAQUEL SILVA DE OLIVEIRA | Campina Grande | 3 procs | 2025-03-17 -> 2025-03-18
  [106/931] !! PROBLEMAS: 349565 -> INTERNACAO MULTIPLA (2x no site) | SEM AIH
  [107/931] JA NO BANCO: 361744 (ent=2025-04-27)
  [108/931] JA NO BANCO: 369028 (ent=2025-05-22)
  [109/931] JA NO BANCO: 363299 (ent=2025-05-03)
  [110/931] JA NO BANCO: 364562 (ent=2025-05-07)
  [111/931] JA NO BANCO: 360496 (ent=2025-04-23)
  [112/931] JA NO BANCO: 362253 (ent=2025-04-29)
  [113/931] JA NO BANCO: 364811 (ent=2025-05-08)
  [114/931] JA NO BANCO: 370518 (ent=2025-05-28)
  [115/931] JA NO BANCO: 364850 (ent=2025-05-08)
  [116/931] JA NO BANCO: 367352 (ent=2025-05-17)
  [117/931] JA NO BANCO: 364685 (ent=2025-05-08)
  [118/931] JA NO BANCO: 368675 (ent=2025-05-21)
  [119/931] JA NO BANCO: 364987 (ent=2025-05-09)
  [120/931] JA NO BANCO: 363426 (ent=2025-05-04)
  [121/931] JA NO BANCO: 366166 (ent=2025-05-13)
  [122/931] JA NO BANCO: 369407 (ent=2025-05-23)
  [123/931] JA NO BANCO: 367373 (ent=2025-05-17)
  [124/931] JA NO BANCO: 370421 (ent=2025-05-28)
  [125/931] JA NO BANCO: 367733 (ent=2025-05-18)
  [126/931] + EXTRAIDO: 367733 - CALINE DA SILVA SOARES | Campina Grande | 3 procs | 2025-05-19 -> 2025-05-20
  [126/931] !! PROBLEMAS: 367733 -> INTERNACAO MULTIPLA (2x no site) | SEM AIH
  [127/931] JA NO BANCO: 370389 (ent=2025-05-27)
  [128/931] JA NO BANCO: 363865 (ent=2025-05-05)
  [129/931] JA NO BANCO: 366646 (ent=2025-05-14)
  [130/931] + EXTRAIDO: 351987 - CAMILA SIMEAO DE SOUSA | Campina Grande | 12 procs | 2025-03-24 -> 2025-03-28
  [130/931] !! PROBLEMAS: 351987 -> INTERNACAO MULTIPLA (2x no site) | SEM AIH
  [131/931] JA NO BANCO: 351987 (ent=2025-03-28)
  [132/931] JA NO BANCO: 362734 (ent=2025-05-01)
  [133/931] JA NO BANCO: 363614 (ent=2025-05-04)
  [134/931] JA NO BANCO: 368020 (ent=2025-05-19)
  [135/931] JA NO BANCO: 369564 (ent=2025-05-24)
  [136/931] JA NO BANCO: 367635 (ent=2025-05-18)
  [137/931] JA NO BANCO: 363183 (ent=2025-05-03)
  [138/931] JA NO BANCO: 362310 (ent=2025-04-29)
  [139/931] JA NO BANCO: 365123 (ent=2025-05-09)
  [140/931] JA NO BANCO: 365715 (ent=2025-05-11)
  [141/931] JA NO BANCO: 367767 (ent=2025-05-19)
  [142/931] JA NO BANCO: 369369 (ent=2025-05-23)
  [143/931] JA NO BANCO: 367050 (ent=2025-05-16)
  [144/931] JA NO BANCO: 370799 (ent=2025-05-29)
  [145/931] JA NO BANCO: 362803 (ent=2025-05-01)
  [146/931] JA NO BANCO: 363121 (ent=2025-05-02)
  [147/931] JA NO BANCO: 365803 (ent=2025-05-12)
  [148/931] JA NO BANCO: 366693 (ent=2025-05-15)
  [149/931] + EXTRAIDO: 351061 - CLEDYHOMARA MOTA PATRICIO | Campina Grande | 17 procs | 2025-03-21 -> 2025-04-01
  [149/931] !! PROBLEMAS: 351061 -> INTERNACAO MULTIPLA (2x no site) | SEM AIH
  [150/931] JA NO BANCO: 351061 (ent=2025-04-01)
  [151/931] JA NO BANCO: 363823 (ent=2025-05-05)
  [152/931] JA NO BANCO: 363604 (ent=2025-05-04)
  [153/931] JA NO BANCO: 367785 (ent=2025-05-19)
  [154/931] JA NO BANCO: 359374 (ent=2025-04-19)
  [155/931] JA NO BANCO: 370041 (ent=2025-05-26)
  [156/931] JA NO BANCO: 364320 (ent=2025-05-07)
  [157/931] JA NO BANCO: 368965 (ent=2025-05-22)
  [158/931] JA NO BANCO: 370675 (ent=2025-05-28)
  [159/931] JA NO BANCO: 363742 (ent=2025-05-05)
  [160/931] JA NO BANCO: 368438 (ent=2025-05-21)
  [161/931] JA NO BANCO: 366602 (ent=2025-05-14)
  [162/931] JA NO BANCO: 361666 (ent=2025-04-27)
  [163/931] JA NO BANCO: 367132 (ent=2025-05-16)
  [164/931] JA NO BANCO: 368823 (ent=2025-05-22)
  [165/931] JA NO BANCO: 369585 (ent=2025-05-24)
  [166/931] JA NO BANCO: 364951 (ent=2025-05-08)
  [167/931] JA NO BANCO: 364189 (ent=2025-05-06)
  [168/931] JA NO BANCO: 366256 (ent=2025-05-13)
  [169/931] JA NO BANCO: 366218 (ent=2025-05-13)
  [170/931] JA NO BANCO: 364674 (ent=2025-05-08)
  [171/931] + EXTRAIDO: 347848 - DAYANE DE MELO DINIZ | Pocinhos | 5 procs | 2025-03-11 -> 2025-03-15
  [171/931] !! PROBLEMAS: 347848 -> INTERNACAO MULTIPLA (2x no site) | SEM AIH
  [172/931] JA NO BANCO: 347848 (ent=2025-03-15)
  [173/931] JA NO BANCO: 368394 (ent=2025-05-20)
  [174/931] + EXTRAIDO: 348202 - DAYANNE KELLY CANARIO DA SILVA | Monteiro | 5 procs | 2025-03-11 -> 2025-03-15
  [174/931] !! PROBLEMAS: 348202 -> INTERNACAO MULTIPLA (2x no site) | SEM AIH
  [175/931] JA NO BANCO: 348202 (ent=2025-03-15)
  [176/931] JA NO BANCO: 370586 (ent=2025-05-28)
  [177/931] JA NO BANCO: 366508 (ent=2025-05-14)
  [178/931] JA NO BANCO: 355991 (ent=2025-04-07)
  [179/931] JA NO BANCO: 360657 (ent=2025-04-23)
  [180/931] JA NO BANCO: 368088 (ent=2025-05-19)
  [181/931] JA NO BANCO: 362164 (ent=2025-04-29)
  [182/931] JA NO BANCO: 370804 (ent=2025-05-29)
  [183/931] + EXTRAIDO: 342054 - EDINETE JOSE DA SILVA | Natuba | 9 procs | 2025-02-20 -> 2025-03-01
  [183/931] !! PROBLEMAS: 342054 -> INTERNACAO MULTIPLA (2x no site) | SEM AIH
  [184/931] JA NO BANCO: 342054 (ent=2025-03-01)
  [185/931] JA NO BANCO: 364440 (ent=2025-05-07)
  [186/931] JA NO BANCO: 370811 (ent=2025-05-29)
  [187/931] JA NO BANCO: 362330 (ent=2025-04-29)
  [188/931] JA NO BANCO: 69248 (ent=2022-05-07)
  [189/931] JA NO BANCO: 363968 (ent=2025-05-06)
  [190/931] JA NO BANCO: 363375 (ent=2025-05-03)
  [191/931] JA NO BANCO: 370715 (ent=2025-05-28)
  [192/931] JA NO BANCO: 364058 (ent=2025-05-06)
  [193/931] JA NO BANCO: 368903 (ent=2025-05-22)
  [194/931] JA NO BANCO: 367620 (ent=2025-05-18)
  [195/931] JA NO BANCO: 362975 (ent=2025-05-02)
  [196/931] JA NO BANCO: 367731 (ent=2025-05-18)
  [197/931] + EXTRAIDO: 350051 - EDUARDA OLIVEIRA PIRANGIBE | Campina Grande | 13 procs | 2025-03-18 -> 2025-03-19
  [197/931] !! PROBLEMAS: 350051 -> INTERNACAO MULTIPLA (2x no site) | SEM AIH
  [198/931] JA NO BANCO: 350051 (ent=2025-03-19)
  [199/931] JA NO BANCO: 368784 (ent=2025-05-22)
  [200/931] JA NO BANCO: 367402 (ent=2025-05-17)
  [201/931] JA NO BANCO: 361802 (ent=2025-04-28)
  [202/931] JA NO BANCO: 365552 (ent=2025-05-11)
  [203/931] JA NO BANCO: 368735 (ent=2025-05-22)
  [204/931] JA NO BANCO: 368066 (ent=2025-05-19)
  [205/931] + EXTRAIDO: 352217 - ELIANE SILVA SANTOS | Campina Grande | 9 procs | 2025-03-25 -> 2025-03-26
  [205/931] !! PROBLEMAS: 352217 -> INTERNACAO MULTIPLA (2x no site) | SEM AIH
  [206/931] JA NO BANCO: 352217 (ent=2025-03-26)
  [207/931] JA NO BANCO: 361190 (ent=2025-04-25)
  [208/931] JA NO BANCO: 364899 (ent=2025-05-08)
  [209/931] JA NO BANCO: 371359 (ent=2025-05-30)
  [210/931] JA NO BANCO: 363676 (ent=2025-05-05)
  [211/931] JA NO BANCO: 366707 (ent=2025-05-15)
  [212/931] JA NO BANCO: 363520 (ent=2025-05-04)
  [213/931] JA NO BANCO: 365449 (ent=2025-05-10)
  [214/931] JA NO BANCO: 365544 (ent=2025-05-11)
  [215/931] JA NO BANCO: 365285 (ent=2025-05-10)
  [216/931] JA NO BANCO: 364291 (ent=2025-05-06)
  [217/931] JA NO BANCO: 362926 (ent=2025-05-01)
  [218/931] JA NO BANCO: 369568 (ent=2025-05-24)
  [219/931] JA NO BANCO: 363871 (ent=2025-05-05)
  [220/931] JA NO BANCO: 368817 (ent=2025-05-22)
  [221/931] JA NO BANCO: 366855 (ent=2025-05-15)
  [222/931] JA NO BANCO: 362450 (ent=2025-04-30)
  [223/931] JA NO BANCO: 355127 (ent=2025-04-04)
  [224/931] JA NO BANCO: 370093 (ent=2025-05-26)
  [225/931] JA NO BANCO: 371122 (ent=2025-05-30)
  [226/931] JA NO BANCO: 367142 (ent=2025-05-16)
  [227/931] JA NO BANCO: 364202 (ent=2025-05-06)
  [228/931] JA NO BANCO: 368341 (ent=2025-05-20)
  [229/931] JA NO BANCO: 369751 (ent=2025-05-25)
  [230/931] JA NO BANCO: 367022 (ent=2025-05-16)
  [231/931] JA NO BANCO: 363813 (ent=2025-05-05)
  [232/931] JA NO BANCO: 364494 (ent=2025-05-07)
  [233/931] JA NO BANCO: 367800 (ent=2025-05-19)
  [234/931] JA NO BANCO: 369140 (ent=2025-05-23)
  [235/931] JA NO BANCO: 364352 (ent=2025-05-07)
  [236/931] JA NO BANCO: 366303 (ent=2025-05-13)
  [237/931] JA NO BANCO: 368386 (ent=2025-05-20)
  [238/931] JA NO BANCO: 364162 (ent=2025-05-06)
  [239/931] JA NO BANCO: 369989 (ent=2025-05-26)
  [240/931] JA NO BANCO: 354131 (ent=2025-04-01)
  [241/931] JA NO BANCO: 345631 (ent=2025-03-04)
  [242/931] + EXTRAIDO: 345631 - FLAVIA ALESSANDRA PEREIRA HENRIQUE | Barra de Santana | 24 procs | 2025-03-12 -> 2025-03-22
  [242/931] !! PROBLEMAS: 345631 -> INTERNACAO MULTIPLA (2x no site) | SEM AIH
  [243/931] JA NO BANCO: 364579 (ent=2025-05-07)
  [244/931] JA NO BANCO: 369240 (ent=2025-05-23)
  [245/931] JA NO BANCO: 366287 (ent=2025-05-13)
  [246/931] JA NO BANCO: 367154 (ent=2025-05-16)
  [247/931] JA NO BANCO: 364791 (ent=2025-05-08)
  [248/931] JA NO BANCO: 369837 (ent=2025-05-25)
  [249/931] JA NO BANCO: 369591 (ent=2025-05-24)
  [250/931] JA NO BANCO: 368169 (ent=2025-05-20)
  [251/931] JA NO BANCO: 368613 (ent=2025-05-21)
  [252/931] JA NO BANCO: 344263 (ent=2025-02-27)
  [253/931] JA NO BANCO: 369323 (ent=2025-05-23)
  [254/931] JA NO BANCO: 369985 (ent=2025-05-26)
  [255/931] JA NO BANCO: 367278 (ent=2025-05-17)
  [256/931] JA NO BANCO: 369549 (ent=2025-05-23)
  [257/931] JA NO BANCO: 364831 (ent=2025-05-08)
  [258/931] JA NO BANCO: 362576 (ent=2025-04-30)
  [259/931] JA NO BANCO: 367266 (ent=2025-05-17)
  [260/931] JA NO BANCO: 371040 (ent=2025-05-29)
  [261/931] JA NO BANCO: 364631 (ent=2025-05-07)
  [262/931] JA NO BANCO: 364343 (ent=2025-05-07)
  [263/931] JA NO BANCO: 368591 (ent=2025-05-21)
  [264/931] JA NO BANCO: 359252 (ent=2025-04-18)
  [265/931] + EXTRAIDO: 359252 - GILBERLANIA BENTO FERREIRA DE LIMA | Campina Grande | 3 procs | 2025-04-21 -> 2025-04-22
  [265/931] !! PROBLEMAS: 359252 -> INTERNACAO MULTIPLA (2x no site) | SEM AIH
  [266/931] JA NO BANCO: 354327 (ent=2025-04-01)
  [267/931] + EXTRAIDO: 354327 - GILMARA BARBOSA DE ARAUJO | Aroeiras | 2 procs | 2025-04-02 -> 2025-04-02
  [267/931] !! PROBLEMAS: 354327 -> INTERNACAO MULTIPLA (2x no site) | SEM AIH
  [268/931] JA NO BANCO: 369973 (ent=2025-05-26)
  [269/931] JA NO BANCO: 365165 (ent=2025-05-09)
  [270/931] JA NO BANCO: 370610 (ent=2025-05-28)
  [271/931] JA NO BANCO: 368640 (ent=2025-05-21)
  [272/931] JA NO BANCO: 363264 (ent=2025-05-03)
  [273/931] JA NO BANCO: 365125 (ent=2025-05-09)
  [274/931] JA NO BANCO: 368002 (ent=2025-05-19)
  [275/931] JA NO BANCO: 357445 (ent=2025-04-12)
  [276/931] JA NO BANCO: 364350 (ent=2025-05-07)
  [277/931] JA NO BANCO: 369294 (ent=2025-05-23)
  [278/931] JA NO BANCO: 369715 (ent=2025-05-25)
  [279/931] JA NO BANCO: 362596 (ent=2025-04-30)
  [280/931] JA NO BANCO: 358891 (ent=2025-04-17)
  [281/931] JA NO BANCO: 369851 (ent=2025-05-26)
  [282/931] JA NO BANCO: 369879 (ent=2025-05-26)
  [283/931] JA NO BANCO: 365797 (ent=2025-05-12)
  [284/931] JA NO BANCO: 362278 (ent=2025-04-29)
  [285/931] JA NO BANCO: 363728 (ent=2025-05-05)
  [286/931] JA NO BANCO: 365842 (ent=2025-05-12)
  [287/931] JA NO BANCO: 362796 (ent=2025-05-01)
  [288/931] JA NO BANCO: 368484 (ent=2025-05-21)
  [289/931] JA NO BANCO: 369387 (ent=2025-05-23)
  [290/931] JA NO BANCO: 366712 (ent=2025-05-15)
  [291/931] JA NO BANCO: 363187 (ent=2025-05-03)
  [292/931] JA NO BANCO: 355518 (ent=2025-04-06)
  [293/931] JA NO BANCO: 365294 (ent=2025-05-10)
  [294/931] JA NO BANCO: 364322 (ent=2025-05-07)
  [295/931] JA NO BANCO: 365741 (ent=2025-05-11)
  [296/931] JA NO BANCO: 367600 (ent=2025-05-18)
  [297/931] JA NO BANCO: 367412 (ent=2025-05-17)
  [298/931] JA NO BANCO: 366470 (ent=2025-05-14)
  [299/931] JA NO BANCO: 349858 (ent=2025-03-17)
  [300/931] + EXTRAIDO: 349858 - INGRID RODRIGUES DA SILVA | Queimadas | 2 procs | 2025-03-18 -> 2025-03-19
  [300/931] !! PROBLEMAS: 349858 -> INTERNACAO MULTIPLA (2x no site) | SEM AIH
  [301/931] JA NO BANCO: 362304 (ent=2025-04-29)
  [302/931] JA NO BANCO: 363596 (ent=2025-05-04)
  [303/931] JA NO BANCO: 368384 (ent=2025-05-20)
  [304/931] JA NO BANCO: 363807 (ent=2025-05-05)
  [305/931] JA NO BANCO: 368187 (ent=2025-05-20)
  [306/931] JA NO BANCO: 369943 (ent=2025-05-26)
  [307/931] JA NO BANCO: 368220 (ent=2025-05-20)
  [308/931] JA NO BANCO: 361379 (ent=2025-04-25)
  [309/931] JA NO BANCO: 367156 (ent=2025-05-16)
  [310/931] JA NO BANCO: 366479 (ent=2025-05-14)
  [311/931] JA NO BANCO: 368519 (ent=2025-05-21)
  [312/931] JA NO BANCO: 362807 (ent=2025-05-01)
  [313/931] + EXTRAIDO: 353791 - ITALA MILENA DOS SANTOS RODRIGUES | Campina Grande | 12 procs | 2025-03-31 -> 2025-04-02
  [313/931] !! PROBLEMAS: 353791 -> INTERNACAO MULTIPLA (2x no site) | SEM AIH
  [314/931] JA NO BANCO: 353791 (ent=2025-04-02)
  [315/931] JA NO BANCO: 358774 (ent=2025-04-17)
  [316/931] JA NO BANCO: 358580 (ent=2025-04-16)
  [317/931] JA NO BANCO: 367778 (ent=2025-05-19)
  [318/931] JA NO BANCO: 368762 (ent=2025-05-22)
  [319/931] JA NO BANCO: 367335 (ent=2025-05-17)
  [320/931] JA NO BANCO: 369575 (ent=2025-05-24)
  [321/931] JA NO BANCO: 361091 (ent=2025-04-24)
  [322/931] JA NO BANCO: 349053 (ent=2025-03-14)
  [323/931] + EXTRAIDO: 349053 - JAILMA DA SILVA FELISMINO | Campina Grande | 1 procs | 2025-03-16 -> 2025-03-17
  [323/931] !! PROBLEMAS: 349053 -> INTERNACAO MULTIPLA (2x no site) | SEM AIH
  [324/931] JA NO BANCO: 360193 (ent=2025-04-22)
  [325/931] JA NO BANCO: 370638 (ent=2025-05-28)
  [326/931] JA NO BANCO: 366947 (ent=2025-05-16)
  [327/931] JA NO BANCO: 368412 (ent=2025-05-20)
  [328/931] JA NO BANCO: 368072 (ent=2025-05-19)
  [329/931] JA NO BANCO: 368554 (ent=2025-05-21)
  [330/931] JA NO BANCO: 354236 (ent=2025-04-01)
  [331/931] JA NO BANCO: 363185 (ent=2025-05-03)
  [332/931] JA NO BANCO: 367480 (ent=2025-05-17)
  [333/931] JA NO BANCO: 369351 (ent=2025-05-23)
  [334/931] JA NO BANCO: 363243 (ent=2025-05-03)
  [335/931] JA NO BANCO: 366370 (ent=2025-05-14)
  [336/931] JA NO BANCO: 364208 (ent=2025-05-06)
  [337/931] JA NO BANCO: 366180 (ent=2025-05-13)
  [338/931] JA NO BANCO: 363189 (ent=2025-05-03)
  [339/931] JA NO BANCO: 360890 (ent=2025-04-24)
  [340/931] JA NO BANCO: 367148 (ent=2025-05-16)
  [341/931] JA NO BANCO: 367074 (ent=2025-05-16)
  [342/931] JA NO BANCO: 366057 (ent=2025-05-12)
  [343/931] JA NO BANCO: 366798 (ent=2025-05-15)
  [344/931] JA NO BANCO: 367630 (ent=2025-05-18)
  [345/931] JA NO BANCO: 363945 (ent=2025-05-05)
  [346/931] JA NO BANCO: 364106 (ent=2025-05-06)
  [347/931] JA NO BANCO: 363363 (ent=2025-05-03)
  [348/931] JA NO BANCO: 361518 (ent=2025-04-26)
  [349/931] JA NO BANCO: 366454 (ent=2025-05-14)
  [350/931] JA NO BANCO: 347874 (ent=2025-03-11)
  [351/931] + EXTRAIDO: 347874 - JESSICA ISLAYNE DA SILVA | Campina Grande | 20 procs | 2025-03-14 -> 2025-03-26
  [351/931] !! PROBLEMAS: 347874 -> INTERNACAO MULTIPLA (2x no site) | SEM AIH
  [352/931] JA NO BANCO: 365455 (ent=2025-05-10)
  [353/931] JA NO BANCO: 369302 (ent=2025-05-23)
  [354/931] + EXTRAIDO: 342320 - JESSICA TAVARES SILVA | Puxinanã | 28 procs | 2025-02-21 -> 2025-03-09
  [354/931] !! PROBLEMAS: 342320 -> INTERNACAO MULTIPLA (2x no site) | SEM AIH
  [355/931] JA NO BANCO: 342320 (ent=2025-03-09)
  [356/931] JA NO BANCO: 363018 (ent=2025-05-02)
  [357/931] JA NO BANCO: 370363 (ent=2025-05-27)
  [358/931] JA NO BANCO: 364744 (ent=2025-05-08)
  [359/931] JA NO BANCO: 365994 (ent=2025-05-12)
  [360/931] JA NO BANCO: 369456 (ent=2025-05-24)
  [361/931] JA NO BANCO: 366189 (ent=2025-05-13)
  [362/931] JA NO BANCO: 366757 (ent=2025-05-15)
  [363/931] JA NO BANCO: 369796 (ent=2025-05-25)
  [364/931] JA NO BANCO: 358991 (ent=2025-04-17)
  [365/931] JA NO BANCO: 365355 (ent=2025-05-10)
  [366/931] JA NO BANCO: 345131 (ent=2025-03-02)
  [367/931] JA NO BANCO: 364735 (ent=2025-05-08)
  [368/931] JA NO BANCO: 361995 (ent=2025-04-28)
  [369/931] JA NO BANCO: 366496 (ent=2025-05-14)
  [370/931] JA NO BANCO: 354442 (ent=2025-04-02)
  [371/931] JA NO BANCO: 362001 (ent=2025-04-28)
  [372/931] JA NO BANCO: 364730 (ent=2025-05-08)
  [373/931] JA NO BANCO: 363138 (ent=2025-05-02)
  [374/931] JA NO BANCO: 365854 (ent=2025-05-12)
  [375/931] JA NO BANCO: 358351 (ent=2025-04-15)
  [376/931] JA NO BANCO: 347054 (ent=2025-03-08)
  [377/931] + EXTRAIDO: 347054 - JOSILENE DE LIMA DA SILVA | Massaranduba | 2 procs | 2025-03-09 -> 2025-03-10
  [377/931] !! PROBLEMAS: 347054 -> INTERNACAO MULTIPLA (2x no site) | SEM AIH
  [378/931] JA NO BANCO: 365882 (ent=2025-05-12)
  [379/931] JA NO BANCO: 363394 (ent=2025-05-03)
  [380/931] JA NO BANCO: 365621 (ent=2025-05-11)
  [381/931] JA NO BANCO: 363492 (ent=2025-05-04)
  [382/931] JA NO BANCO: 364889 (ent=2025-05-08)
  [383/931] JA NO BANCO: 362405 (ent=2025-04-30)
  [384/931] JA NO BANCO: 368634 (ent=2025-05-21)
  [385/931] JA NO BANCO: 362792 (ent=2025-05-01)
  [386/931] JA NO BANCO: 361443 (ent=2025-04-26)
  [387/931] JA NO BANCO: 362753 (ent=2025-05-01)
  [388/931] JA NO BANCO: 365974 (ent=2025-05-12)
  [389/931] JA NO BANCO: 366751 (ent=2025-05-15)
  [390/931] JA NO BANCO: 365106 (ent=2025-05-09)
  [391/931] JA NO BANCO: 364785 (ent=2025-05-08)
  [392/931] JA NO BANCO: 364569 (ent=2025-05-07)
  [393/931] JA NO BANCO: 346897 (ent=2025-03-07)
  [394/931] + EXTRAIDO: 346897 - JULIANA SANTOS PEREIRA | Barra de Santa Rosa | 3 procs | 2025-03-08 -> 2025-03-09
  [394/931] !! PROBLEMAS: 346897 -> INTERNACAO MULTIPLA (2x no site) | SEM AIH
  [395/931] JA NO BANCO: 363541 (ent=2025-05-04)
  [396/931] JA NO BANCO: 362757 (ent=2025-05-01)
  [397/931] JA NO BANCO: 368916 (ent=2025-05-22)
  [398/931] JA NO BANCO: 366135 (ent=2025-05-13)
  [399/931] JA NO BANCO: 366995 (ent=2025-05-16)
  [400/931] JA NO BANCO: 370141 (ent=2025-05-26)
  [401/931] JA NO BANCO: 363150 (ent=2025-05-02)
  [402/931] JA NO BANCO: 362581 (ent=2025-04-30)
  [403/931] JA NO BANCO: 366612 (ent=2025-05-14)
  [404/931] JA NO BANCO: 366891 (ent=2025-05-15)
  [405/931] JA NO BANCO: 365101 (ent=2025-05-09)
  [406/931] JA NO BANCO: 368644 (ent=2025-05-21)
  [407/931] JA NO BANCO: 356895 (ent=2025-04-10)
  [408/931] JA NO BANCO: 365548 (ent=2025-05-11)
  [409/931] JA NO BANCO: 368661 (ent=2025-05-21)
  [410/931] JA NO BANCO: 368488 (ent=2025-05-21)
  [411/931] JA NO BANCO: 364551 (ent=2025-05-07)
  [412/931] JA NO BANCO: 365421 (ent=2025-05-10)
  [413/931] JA NO BANCO: 359230 (ent=2025-04-18)
  [414/931] + EXTRAIDO: 347769 - LAIS RODRIGUES CARVALHO DE MELO | Serra Branca | 4 procs | 2025-03-10 -> 2025-03-17
  [414/931] !! PROBLEMAS: 347769 -> INTERNACAO MULTIPLA (2x no site) | SEM AIH
  [415/931] JA NO BANCO: 347769 (ent=2025-03-17)
  [416/931] JA NO BANCO: 369488 (ent=2025-05-24)
  [417/931] JA NO BANCO: 364314 (ent=2025-05-07)
  [418/931] JA NO BANCO: 368918 (ent=2025-05-22)
  [419/931] JA NO BANCO: 368442 (ent=2025-05-21)
  [420/931] JA NO BANCO: 366957 (ent=2025-05-16)
  [421/931] JA NO BANCO: 364717 (ent=2025-05-08)
  [422/931] JA NO BANCO: 366993 (ent=2025-05-16)
  [423/931] JA NO BANCO: 367136 (ent=2025-05-16)
  [424/931] JA NO BANCO: 366628 (ent=2025-05-14)
  [425/931] JA NO BANCO: 367323 (ent=2025-05-17)
  [426/931] JA NO BANCO: 363831 (ent=2025-05-05)
  [427/931] JA NO BANCO: 364218 (ent=2025-05-06)
  [428/931] JA NO BANCO: 362326 (ent=2025-04-29)
  [429/931] JA NO BANCO: 366358 (ent=2025-05-13)
  [430/931] JA NO BANCO: 363980 (ent=2025-05-06)
  [431/931] + EXTRAIDO: 347137 - LIDIANE SILVA MACEDO | Cuité | 21 procs | 2025-03-08 -> 2025-03-14
  [431/931] !! PROBLEMAS: 347137 -> INTERNACAO MULTIPLA (2x no site) | SEM AIH
  [432/931] JA NO BANCO: 347137 (ent=2025-03-14)
  [433/931] JA NO BANCO: 365415 (ent=2025-05-10)
  [434/931] JA NO BANCO: 345233 (ent=2025-03-03)
  [435/931] JA NO BANCO: 367587 (ent=2025-05-18)
  [436/931] JA NO BANCO: 364056 (ent=2025-05-06)
  [437/931] JA NO BANCO: 355057 (ent=2025-04-04)
  [438/931] JA NO BANCO: 365687 (ent=2025-05-11)
  [439/931] JA NO BANCO: 365502 (ent=2025-05-10)
  [440/931] JA NO BANCO: 369476 (ent=2025-05-24)
  [441/931] JA NO BANCO: 362208 (ent=2025-04-29)
  [442/931] JA NO BANCO: 362445 (ent=2025-04-30)
  [443/931] JA NO BANCO: 365445 (ent=2025-05-10)
  [444/931] JA NO BANCO: 363123 (ent=2025-05-02)
  [445/931] JA NO BANCO: 366293 (ent=2025-05-13)
  [446/931] JA NO BANCO: 362489 (ent=2025-04-30)
  [447/931] JA NO BANCO: 361784 (ent=2025-04-28)
  [448/931] JA NO BANCO: 368261 (ent=2025-05-20)
  [449/931] JA NO BANCO: 370656 (ent=2025-05-28)
  [450/931] + EXTRAIDO: 370656 - LUANA PEREIRA DE BARROS | Puxinanã | 2 procs | 2025-05-30 -> 2025-05-31
  [450/931] !! PROBLEMAS: 370656 -> INTERNACAO MULTIPLA (2x no site) | SEM AIH
  [451/931] JA NO BANCO: 365498 (ent=2025-05-10)
  [452/931] JA NO BANCO: 369188 (ent=2025-05-23)
  [453/931] JA NO BANCO: 367911 (ent=2025-05-19)
  [454/931] JA NO BANCO: 370064 (ent=2025-05-26)
  [455/931] JA NO BANCO: 367735 (ent=2025-05-18)
  [456/931] JA NO BANCO: 362744 (ent=2025-05-01)
  [457/931] JA NO BANCO: 349304 (ent=2025-03-15)
  [458/931] JA NO BANCO: 363295 (ent=2025-05-03)
  [459/931] JA NO BANCO: 366905 (ent=2025-05-15)
  [460/931] JA NO BANCO: 366054 (ent=2025-05-12)
  [461/931] JA NO BANCO: 363782 (ent=2025-05-05)
  [462/931] JA NO BANCO: 364453 (ent=2025-05-07)
  [463/931] JA NO BANCO: 368426 (ent=2025-05-21)
  [464/931] JA NO BANCO: 366699 (ent=2025-05-15)
  [465/931] JA NO BANCO: 362167 (ent=2025-04-29)
  [466/931] JA NO BANCO: 367564 (ent=2025-05-18)
  [467/931] JA NO BANCO: 370028 (ent=2025-05-26)
  [468/931] JA NO BANCO: 369087 (ent=2025-05-23)
  [469/931] JA NO BANCO: 369855 (ent=2025-05-26)
  [470/931] JA NO BANCO: 367369 (ent=2025-05-17)
  [471/931] JA NO BANCO: 366463 (ent=2025-05-14)
  [472/931] JA NO BANCO: 367980 (ent=2025-05-19)
  [473/931] JA NO BANCO: 365778 (ent=2025-05-12)
  [474/931] JA NO BANCO: 366050 (ent=2025-05-12)
  [475/931] JA NO BANCO: 367964 (ent=2025-05-19)
  [476/931] JA NO BANCO: 364795 (ent=2025-05-08)
  [477/931] JA NO BANCO: 370824 (ent=2025-05-29)
  [478/931] JA NO BANCO: 363642 (ent=2025-05-05)
  [479/931] JA NO BANCO: 365385 (ent=2025-05-10)
  [480/931] JA NO BANCO: 363959 (ent=2025-05-06)
  [481/931] JA NO BANCO: 348795 (ent=2025-03-13)
  [482/931] + EXTRAIDO: 348795 - MARIA APARECIDA DA SILVA COSTA | Areial | 7 procs | 2025-03-15 -> 2025-03-17
  [482/931] !! PROBLEMAS: 348795 -> INTERNACAO MULTIPLA (2x no site) | SEM AIH
  [483/931] JA NO BANCO: 368121 (ent=2025-05-19)
  [484/931] JA NO BANCO: 362230 (ent=2025-04-29)
  [485/931] JA NO BANCO: 367685 (ent=2025-05-18)
  [486/931] JA NO BANCO: 364255 (ent=2025-05-06)
  [487/931] JA NO BANCO: 363205 (ent=2025-05-03)
  [488/931] JA NO BANCO: 367968 (ent=2025-05-19)
  [489/931] JA NO BANCO: 362704 (ent=2025-04-30)
  [490/931] JA NO BANCO: 366668 (ent=2025-05-15)
  [491/931] JA NO BANCO: 365302 (ent=2025-05-10)
  [492/931] JA NO BANCO: 362940 (ent=2025-05-02)
  [493/931] JA NO BANCO: 363402 (ent=2025-05-03)
  [494/931] JA NO BANCO: 366686 (ent=2025-05-15)
  [495/931] JA NO BANCO: 362318 (ent=2025-04-29)
  [496/931] JA NO BANCO: 369371 (ent=2025-05-23)
  [497/931] JA NO BANCO: 370416 (ent=2025-05-28)
  [498/931] JA NO BANCO: 370845 (ent=2025-05-29)
  [499/931] JA NO BANCO: 369653 (ent=2025-05-24)
  [500/931] JA NO BANCO: 364173 (ent=2025-05-06)
  [501/931] JA NO BANCO: 368102 (ent=2025-05-19)
  [502/931] JA NO BANCO: 362168 (ent=2025-04-29)
  [503/931] JA NO BANCO: 368280 (ent=2025-05-20)
  [504/931] JA NO BANCO: 369068 (ent=2025-05-23)
  [505/931] JA NO BANCO: 362399 (ent=2025-04-30)
  [506/931] JA NO BANCO: 369761 (ent=2025-05-25)
  [507/931] JA NO BANCO: 363339 (ent=2025-05-03)
  [508/931] JA NO BANCO: 368901 (ent=2025-05-22)
  [509/931] JA NO BANCO: 364042 (ent=2025-05-06)
  [510/931] JA NO BANCO: 362821 (ent=2025-05-01)
  [511/931] JA NO BANCO: 365506 (ent=2025-05-10)
  [512/931] JA NO BANCO: 363260 (ent=2025-05-03)
  [513/931] JA NO BANCO: 369782 (ent=2025-05-25)
  [514/931] JA NO BANCO: 348111 (ent=2025-03-11)
  [515/931] JA NO BANCO: 349806 (ent=2025-03-17)
  [516/931] JA NO BANCO: 349806 (ent=2025-03-17)
  [517/931] JA NO BANCO: 365753 (ent=2025-05-11)
  [518/931] JA NO BANCO: 364549 (ent=2025-05-07)
  [519/931] JA NO BANCO: 364858 (ent=2025-05-08)
  [520/931] JA NO BANCO: 363006 (ent=2025-05-02)
  [521/931] JA NO BANCO: 362391 (ent=2025-04-30)
  [522/931] JA NO BANCO: 363999 (ent=2025-05-06)
  [523/931] JA NO BANCO: 362983 (ent=2025-05-02)
  [524/931] JA NO BANCO: 363598 (ent=2025-05-04)
  [525/931] JA NO BANCO: 363616 (ent=2025-05-04)
  [526/931] + EXTRAIDO: 363616 - MARIA JOSE DE OLIVEIRA SILVA | Puxinanã | 4 procs | 2025-05-05 -> 2025-05-06
  [526/931] !! PROBLEMAS: 363616 -> INTERNACAO MULTIPLA (2x no site) | SEM AIH
  [527/931] JA NO BANCO: 363777 (ent=2025-05-05)
  [528/931] JA NO BANCO: 365719 (ent=2025-05-11)
  [529/931] JA NO BANCO: 363590 (ent=2025-05-04)
  [530/931] JA NO BANCO: 362920 (ent=2025-05-01)
  [531/931] JA NO BANCO: 368632 (ent=2025-05-21)
  [532/931] JA NO BANCO: 367218 (ent=2025-05-16)
  [533/931] JA NO BANCO: 364955 (ent=2025-05-08)
  [534/931] JA NO BANCO: 362204 (ent=2025-04-29)
  [535/931] JA NO BANCO: 363451 (ent=2025-05-04)
  [536/931] JA NO BANCO: 361356 (ent=2025-04-25)
  [537/931] JA NO BANCO: 366870 (ent=2025-05-15)
  [538/931] JA NO BANCO: 368849 (ent=2025-05-22)
  [539/931] JA NO BANCO: 367346 (ent=2025-05-17)
  [540/931] JA NO BANCO: 368167 (ent=2025-05-20)
  [541/931] JA NO BANCO: 365039 (ent=2025-05-09)
  [542/931] JA NO BANCO: 364198 (ent=2025-05-06)
  [543/931] JA NO BANCO: 362100 (ent=2025-04-29)
  [544/931] JA NO BANCO: 369625 (ent=2025-05-24)
  [545/931] JA NO BANCO: 361937 (ent=2025-04-28)
  [546/931] JA NO BANCO: 364641 (ent=2025-05-07)
  [547/931] JA NO BANCO: 369213 (ent=2025-05-23)
  [548/931] JA NO BANCO: 369893 (ent=2025-05-26)
  [549/931] JA NO BANCO: 367516 (ent=2025-05-17)
  [550/931] JA NO BANCO: 365972 (ent=2025-05-12)
  [551/931] JA NO BANCO: 361006 (ent=2025-04-24)
  [552/931] JA NO BANCO: 369814 (ent=2025-05-25)
  [553/931] JA NO BANCO: 367806 (ent=2025-05-19)
  [554/931] JA NO BANCO: 362382 (ent=2025-04-30)
  [555/931] JA NO BANCO: 364978 (ent=2025-05-08)
  [556/931] JA NO BANCO: 369355 (ent=2025-05-23)
  [557/931] JA NO BANCO: 364305 (ent=2025-05-07)
  [558/931] JA NO BANCO: 367926 (ent=2025-05-19)
  [559/931] JA NO BANCO: 369841 (ent=2025-05-25)
  [560/931] JA NO BANCO: 362771 (ent=2025-05-01)
  [561/931] JA NO BANCO: 366547 (ent=2025-05-14)
  [562/931] + EXTRAIDO: 343832 - MARINA DA SILVA DIAS | Itatuba | 8 procs | 2025-02-26 -> 2025-03-10
  [562/931] !! PROBLEMAS: 343832 -> INTERNACAO MULTIPLA (2x no site) | SEM AIH
  [563/931] JA NO BANCO: 343832 (ent=2025-03-10)
  [564/931] JA NO BANCO: 367315 (ent=2025-05-17)
  [565/931] JA NO BANCO: 364035 (ent=2025-05-06)
  [566/931] JA NO BANCO: 368744 (ent=2025-05-22)
  [567/931] JA NO BANCO: 363514 (ent=2025-05-04)
  [568/931] JA NO BANCO: 367264 (ent=2025-05-17)
  [569/931] JA NO BANCO: 369725 (ent=2025-05-25)
  [570/931] JA NO BANCO: 366461 (ent=2025-05-14)
  [571/931] JA NO BANCO: 365399 (ent=2025-05-10)
  [572/931] JA NO BANCO: 366921 (ent=2025-05-15)
  [573/931] JA NO BANCO: 369579 (ent=2025-05-24)
  [574/931] JA NO BANCO: 364459 (ent=2025-05-07)
  [575/931] JA NO BANCO: 362362 (ent=2025-04-29)
  [576/931] JA NO BANCO: 363270 (ent=2025-05-03)
  [577/931] JA NO BANCO: 361967 (ent=2025-04-28)
  [578/931] JA NO BANCO: 364775 (ent=2025-05-08)
  [579/931] JA NO BANCO: 361257 (ent=2025-04-25)
  [580/931] JA NO BANCO: 364381 (ent=2025-05-07)
  [581/931] JA NO BANCO: 367842 (ent=2025-05-19)
  [582/931] JA NO BANCO: 362244 (ent=2025-04-29)
  [583/931] JA NO BANCO: 362530 (ent=2025-04-30)
  [584/931] JA NO BANCO: 364829 (ent=2025-05-08)
  [585/931] JA NO BANCO: 363056 (ent=2025-05-02)
  [586/931] JA NO BANCO: 368036 (ent=2025-05-19)
  [587/931] JA NO BANCO: 364919 (ent=2025-05-08)
  [588/931] JA NO BANCO: 362967 (ent=2025-05-02)
  [589/931] JA NO BANCO: 368861 (ent=2025-05-22)
  [590/931] JA NO BANCO: 370256 (ent=2025-05-27)
  [591/931] JA NO BANCO: 365417 (ent=2025-05-10)
  [592/931] JA NO BANCO: 365713 (ent=2025-05-11)
  [593/931] JA NO BANCO: 365571 (ent=2025-05-11)
  [594/931] JA NO BANCO: 367882 (ent=2025-05-19)
  [595/931] JA NO BANCO: 367108 (ent=2025-05-16)
  [596/931] JA NO BANCO: 367804 (ent=2025-05-19)
  [597/931] JA NO BANCO: 364234 (ent=2025-05-06)
  [598/931] JA NO BANCO: 367482 (ent=2025-05-17)
  [599/931] JA NO BANCO: 366137 (ent=2025-05-13)
  [600/931] JA NO BANCO: 362676 (ent=2025-04-30)
  [601/931] JA NO BANCO: 364443 (ent=2025-05-07)
  [602/931] JA NO BANCO: 369706 (ent=2025-05-25)
  [603/931] JA NO BANCO: 360242 (ent=2025-04-22)
  [604/931] JA NO BANCO: 370267 (ent=2025-05-27)
  [605/931] JA NO BANCO: 358963 (ent=2025-04-17)
  [606/931] JA NO BANCO: 363592 (ent=2025-05-04)
  [607/931] JA NO BANCO: 364529 (ent=2025-05-07)
  [608/931] JA NO BANCO: 368416 (ent=2025-05-20)
  [609/931] JA NO BANCO: 368905 (ent=2025-05-22)
  [610/931] JA NO BANCO: 362172 (ent=2025-04-29)
  [611/931] JA NO BANCO: 370516 (ent=2025-05-28)
  [612/931] JA NO BANCO: 368236 (ent=2025-05-20)
  [613/931] JA NO BANCO: 363974 (ent=2025-05-06)
  [614/931] JA NO BANCO: 365829 (ent=2025-05-12)
  [615/931] JA NO BANCO: 363022 (ent=2025-05-02)
  [616/931] JA NO BANCO: 362647 (ent=2025-04-30)
  [617/931] JA NO BANCO: 367034 (ent=2025-05-16)
  [618/931] + EXTRAIDO: 351866 - PRISCILLA CORDEIRO DA SILVA | Barra de Santana | 13 procs | 2025-03-24 -> 2025-03-27
  [618/931] !! PROBLEMAS: 351866 -> INTERNACAO MULTIPLA (2x no site) | SEM AIH
  [619/931] JA NO BANCO: 351866 (ent=2025-03-27)
  [620/931] JA NO BANCO: 369347 (ent=2025-05-23)
  [621/931] + EXTRAIDO: 353309 - RAFAELA EDUARDA DA SILVA VIEIRA | Campina Grande | 19 procs | 2025-03-29 -> 2025-04-03
  [621/931] !! PROBLEMAS: 353309 -> INTERNACAO MULTIPLA (2x no site) | SEM AIH
  [622/931] JA NO BANCO: 353309 (ent=2025-04-03)
  [623/931] JA NO BANCO: 364232 (ent=2025-05-06)
  [624/931] JA NO BANCO: 359078 (ent=2025-04-18)
  [625/931] JA NO BANCO: 358985 (ent=2025-04-17)
  [626/931] + EXTRAIDO: 344758 - RANNA HELOYSA DOS SANTOS SILVA | Aroeiras | 17 procs | 2025-03-01 -> 2025-03-04
  [626/931] !! PROBLEMAS: 344758 -> INTERNACAO MULTIPLA (2x no site) | SEM AIH
  [627/931] JA NO BANCO: 344758 (ent=2025-03-04)
  [628/931] JA NO BANCO: 363570 (ent=2025-05-04)
  [629/931] JA NO BANCO: 365157 (ent=2025-05-09)
  [630/931] JA NO BANCO: 366489 (ent=2025-05-14)
  [631/931] JA NO BANCO: 370137 (ent=2025-05-26)
  [632/931] JA NO BANCO: 366214 (ent=2025-05-13)
  [633/931] JA NO BANCO: 368240 (ent=2025-05-20)
  [634/931] JA NO BANCO: 358487 (ent=2025-04-16)
  [635/931] JA NO BANCO: 362358 (ent=2025-04-29)
  [636/931] + EXTRAIDO: 356273 - RAQUELY DE OLIVEIRA | Campina Grande | 12 procs | 2025-04-08 -> 2025-04-13
  [636/931] !! PROBLEMAS: 356273 -> INTERNACAO MULTIPLA (2x no site) | SEM AIH
  [637/931] JA NO BANCO: 356273 (ent=2025-04-13)
  [638/931] JA NO BANCO: 369167 (ent=2025-05-23)
  [639/931] JA NO BANCO: 357157 (ent=2025-04-11)
  [640/931] JA NO BANCO: 370591 (ent=2025-05-28)
  [641/931] JA NO BANCO: 365033 (ent=2025-05-09)
  [642/931] JA NO BANCO: 366374 (ent=2025-05-14)
  [643/931] JA NO BANCO: 365765 (ent=2025-05-12)
  [644/931] JA NO BANCO: 370956 (ent=2025-05-29)
  [645/931] JA NO BANCO: 365235 (ent=2025-05-09)
  [646/931] JA NO BANCO: 362478 (ent=2025-04-30)
  [647/931] JA NO BANCO: 369859 (ent=2025-05-26)
  [648/931] JA NO BANCO: 365711 (ent=2025-05-11)
  [649/931] JA NO BANCO: 368228 (ent=2025-05-20)
  [650/931] JA NO BANCO: 366245 (ent=2025-05-13)
  [651/931] JA NO BANCO: 360622 (ent=2025-04-23)
  [652/931] JA NO BANCO: 368601 (ent=2025-05-21)
  [653/931] JA NO BANCO: 367759 (ent=2025-05-19)
  [654/931] JA NO BANCO: 367944 (ent=2025-05-19)
  [655/931] JA NO BANCO: 368276 (ent=2025-05-20)
  [656/931] JA NO BANCO: 363476 (ent=2025-05-04)
  [657/931] JA NO BANCO: 367784 (ent=2025-05-19)
  [658/931] JA NO BANCO: 361712 (ent=2025-04-27)
  [659/931] JA NO BANCO: 365100 (ent=2025-05-09)
  [660/931] JA NO BANCO: 365331 (ent=2025-05-10)
  [661/931] JA NO BANCO: 361059 (ent=2025-04-24)
  [662/931] JA NO BANCO: 365755 (ent=2025-05-11)
  [663/931] JA NO BANCO: 357459 (ent=2025-04-12)
  [664/931] JA NO BANCO: 363939 (ent=2025-05-05)
  [665/931] JA NO BANCO: 365409 (ent=2025-05-10)
  [666/931] JA NO BANCO: 365728 (ent=2025-05-11)
  [667/931] JA NO BANCO: 362017 (ent=2025-04-28)
  [668/931] JA NO BANCO: 345158 (ent=2025-03-02)
  [669/931] JA NO BANCO: 364930 (ent=2025-05-08)
  [670/931] JA NO BANCO: 359518 (ent=2025-04-19)
  [671/931] JA NO BANCO: 370428 (ent=2025-05-28)
  [672/931] JA NO BANCO: 361033 (ent=2025-04-24)
  [673/931] JA NO BANCO: 362761 (ent=2025-05-01)
  [674/931] JA NO BANCO: 369439 (ent=2025-05-23)
  [675/931] JA NO BANCO: 368677 (ent=2025-05-21)
  [676/931] JA NO BANCO: 368860 (ent=2025-05-22)
  [677/931] JA NO BANCO: 361013 (ent=2025-04-24)
  [678/931] JA NO BANCO: 349426 (ent=2025-03-15)
  [679/931] JA NO BANCO: 364050 (ent=2025-05-06)
  [680/931] JA NO BANCO: 363157 (ent=2025-05-02)
  [681/931] JA NO BANCO: 368969 (ent=2025-05-22)
  [682/931] JA NO BANCO: 364342 (ent=2025-05-07)
  [683/931] JA NO BANCO: 364289 (ent=2025-05-06)
  [684/931] JA NO BANCO: 367381 (ent=2025-05-17)
  [685/931] JA NO BANCO: 370033 (ent=2025-05-26)
  [686/931] JA NO BANCO: 368191 (ent=2025-05-20)
  [687/931] JA NO BANCO: 370131 (ent=2025-05-26)
  [688/931] JA NO BANCO: 367284 (ent=2025-05-17)
  [689/931] JA NO BANCO: 367599 (ent=2025-05-18)
  [690/931] JA NO BANCO: 362574 (ent=2025-04-30)
  [691/931] JA NO BANCO: 359847 (ent=2025-04-21)
  [692/931] JA NO BANCO: 369873 (ent=2025-05-26)
  [693/931] JA NO BANCO: 368681 (ent=2025-05-21)
  [694/931] JA NO BANCO: 343895 (ent=2025-02-26)
  [695/931] JA NO BANCO: 367391 (ent=2025-05-17)
  [696/931] JA NO BANCO: 364245 (ent=2025-05-06)
  [697/931] JA NO BANCO: 363443 (ent=2025-05-04)
  [698/931] JA NO BANCO: 366589 (ent=2025-05-14)
  [699/931] JA NO BANCO: 367300 (ent=2025-05-17)
  [700/931] JA NO BANCO: 365484 (ent=2025-05-10)
  [701/931] JA NO BANCO: 362550 (ent=2025-04-30)
  [702/931] JA NO BANCO: 365675 (ent=2025-05-11)
  [703/931] JA NO BANCO: 362433 (ent=2025-04-30)
  [704/931] JA NO BANCO: 361453 (ent=2025-04-26)
  [705/931] JA NO BANCO: 366884 (ent=2025-05-15)
  [706/931] JA NO BANCO: 365520 (ent=2025-05-10)
  [707/931] JA NO BANCO: 367339 (ent=2025-05-17)
  [708/931] JA NO BANCO: 363827 (ent=2025-05-05)
  [709/931] JA NO BANCO: 368205 (ent=2025-05-20)
  [710/931] JA NO BANCO: 364285 (ent=2025-05-06)
  [711/931] JA NO BANCO: 368042 (ent=2025-05-19)
  [712/931] JA NO BANCO: 361696 (ent=2025-04-27)
  [713/931] JA NO BANCO: 348227 (ent=2025-03-12)
  [714/931] JA NO BANCO: 369157 (ent=2025-05-23)
  [715/931] JA NO BANCO: 369804 (ent=2025-05-25)
  [716/931] JA NO BANCO: 364102 (ent=2025-05-06)
  [717/931] JA NO BANCO: 363036 (ent=2025-05-02)
  [718/931] JA NO BANCO: 365757 (ent=2025-05-11)
  [719/931] JA NO BANCO: 367880 (ent=2025-05-19)
  [720/931] JA NO BANCO: 369589 (ent=2025-05-24)
  [721/931] JA NO BANCO: 366654 (ent=2025-05-15)
  [722/931] JA NO BANCO: 368748 (ent=2025-05-22)
  [723/931] JA NO BANCO: 369771 (ent=2025-05-25)
  [724/931] JA NO BANCO: 342879 (ent=2025-02-23)
  [725/931] JA NO BANCO: 362040 (ent=2025-04-28)
  [726/931] JA NO BANCO: 362060 (ent=2025-04-29)
  [727/931] JA NO BANCO: 365906 (ent=2025-05-12)
  [728/931] JA NO BANCO: 367529 (ent=2025-05-17)
  [729/931] JA NO BANCO: 362566 (ent=2025-04-30)
  [730/931] JA NO BANCO: 366644 (ent=2025-05-14)
  [731/931] JA NO BANCO: 366640 (ent=2025-05-14)
  [732/931] JA NO BANCO: 363275 (ent=2025-05-03)
  [733/931] JA NO BANCO: 365784 (ent=2025-05-12)
  [734/931] JA NO BANCO: 367005 (ent=2025-05-16)
  [735/931] JA NO BANCO: 363012 (ent=2025-05-02)
  [736/931] JA NO BANCO: 364277 (ent=2025-05-06)
  [737/931] JA NO BANCO: 362833 (ent=2025-05-01)
  [738/931] JA NO BANCO: 353772 (ent=2025-03-31)
  [739/931] JA NO BANCO: 367508 (ent=2025-05-17)
  [740/931] JA NO BANCO: 370105 (ent=2025-05-26)
  [741/931] JA NO BANCO: 368526 (ent=2025-05-21)
  [742/931] JA NO BANCO: 365366 (ent=2025-05-10)
  [743/931] JA NO BANCO: 363845 (ent=2025-05-05)
  [744/931] JA NO BANCO: 367296 (ent=2025-05-17)
  [745/931] JA NO BANCO: 364295 (ent=2025-05-06)
  [746/931] JA NO BANCO: 369129 (ent=2025-05-23)
  [747/931] JA NO BANCO: 353758 (ent=2025-03-31)
  [748/931] JA NO BANCO: 367708 (ent=2025-05-18)
  [749/931] JA NO BANCO: 366955 (ent=2025-05-16)
  [750/931] JA NO BANCO: 362190 (ent=2025-04-29)
  [751/931] JA NO BANCO: 364681 (ent=2025-05-08)
  [752/931] JA NO BANCO: 359827 (ent=2025-04-21)
  [753/931] JA NO BANCO: 343372 (ent=2025-02-25)
  [754/931] JA NO BANCO: 365308 (ent=2025-05-10)
  [755/931] JA NO BANCO: 364358 (ent=2025-05-07)
  [756/931] JA NO BANCO: 361313 (ent=2025-04-25)
  [757/931] JA NO BANCO: 362494 (ent=2025-04-30)
  [758/931] JA NO BANCO: 361317 (ent=2025-04-25)
  [759/931] JA NO BANCO: 362488 (ent=2025-04-30)
  [760/931] JA NO BANCO: 363955 (ent=2025-05-06)
  [761/931] JA NO BANCO: 358897 (ent=2025-04-17)
  [762/931] JA NO BANCO: 360252 (ent=2025-04-22)
  [763/931] JA NO BANCO: 361008 (ent=2025-04-24)
  [764/931] JA NO BANCO: 365231 (ent=2025-05-09)
  [765/931] JA NO BANCO: 367070 (ent=2025-05-16)
  [766/931] JA NO BANCO: 345326 (ent=2025-03-03)
  [767/931] JA NO BANCO: 355072 (ent=2025-04-04)
  [768/931] JA NO BANCO: 364647 (ent=2025-05-07)
  [769/931] JA NO BANCO: 366770 (ent=2025-05-15)
  [770/931] JA NO BANCO: 368290 (ent=2025-05-20)
  [771/931] JA NO BANCO: 362174 (ent=2025-04-29)
  [772/931] JA NO BANCO: 361149 (ent=2025-04-25)
  [773/931] JA NO BANCO: 366936 (ent=2025-05-15)
  [774/931] JA NO BANCO: 361690 (ent=2025-04-27)
  [775/931] JA NO BANCO: 364573 (ent=2025-05-07)
  [776/931] + EXTRAIDO: 364027 - RN POLLYANNA AUGUSTA PEREIRA DE ARAUJO | Boa Vista | 18 procs | 2025-05-06 -> 2025-05-21
  [776/931] !! PROBLEMAS: 364027 -> INTERNACAO MULTIPLA (2x no site) | SEM AIH
  [777/931] JA NO BANCO: 364027 (ent=2025-05-21)
  [778/931] JA NO BANCO: 363129 (ent=2025-05-02)
  [779/931] JA NO BANCO: 354866 (ent=2025-04-03)
  [780/931] JA NO BANCO: 360124 (ent=2025-04-22)
  [781/931] JA NO BANCO: 366372 (ent=2025-05-14)
  [782/931] JA NO BANCO: 357307 (ent=2025-04-11)
  [783/931] JA NO BANCO: 365310 (ent=2025-05-10)
  [784/931] JA NO BANCO: 368638 (ent=2025-05-21)
  [785/931] JA NO BANCO: 365037 (ent=2025-05-09)
  [786/931] JA NO BANCO: 368156 (ent=2025-05-20)
  [787/931] JA NO BANCO: 357660 (ent=2025-04-13)
  [788/931] JA NO BANCO: 359809 (ent=2025-04-20)
  [789/931] JA NO BANCO: 360914 (ent=2025-04-24)
  [790/931] JA NO BANCO: 363610 (ent=2025-05-04)
  [791/931] JA NO BANCO: 365443 (ent=2025-05-10)
  [792/931] JA NO BANCO: 371241 (ent=2025-05-30)
  [793/931] JA NO BANCO: 364780 (ent=2025-05-08)
  [794/931] JA NO BANCO: 363750 (ent=2025-05-05)
  [795/931] JA NO BANCO: 362348 (ent=2025-04-29)
  [796/931] JA NO BANCO: 363644 (ent=2025-05-05)
  [797/931] JA NO BANCO: 368110 (ent=2025-05-19)
  [798/931] JA NO BANCO: 343664 (ent=2025-02-26)
  [799/931] JA NO BANCO: 368078 (ent=2025-05-19)
  [800/931] JA NO BANCO: 362441 (ent=2025-04-30)
  [801/931] JA NO BANCO: 366046 (ent=2025-05-12)
  [802/931] JA NO BANCO: 363333 (ent=2025-05-03)
  [803/931] JA NO BANCO: 370536 (ent=2025-05-27)
  [804/931] JA NO BANCO: 368467 (ent=2025-05-21)
  [805/931] JA NO BANCO: 363855 (ent=2025-05-05)
  [806/931] JA NO BANCO: 363241 (ent=2025-05-03)
  [807/931] JA NO BANCO: 370447 (ent=2025-05-28)
  [808/931] JA NO BANCO: 366127 (ent=2025-05-13)
  [809/931] JA NO BANCO: 368801 (ent=2025-05-22)
  [810/931] JA NO BANCO: 365274 (ent=2025-05-09)
  [811/931] JA NO BANCO: 366981 (ent=2025-05-16)
  [812/931] JA NO BANCO: 364226 (ent=2025-05-06)
  [813/931] JA NO BANCO: 363109 (ent=2025-05-02)
  [814/931] JA NO BANCO: 367540 (ent=2025-05-18)
  [815/931] JA NO BANCO: 367792 (ent=2025-05-19)
  [816/931] JA NO BANCO: 362371 (ent=2025-04-30)
  [817/931] JA NO BANCO: 365700 (ent=2025-05-11)
  [818/931] + EXTRAIDO: 351869 - SAMARA VITORIA SANTANA DO NASCIMENTO | Campina Grande | 12 procs | 2025-03-24 -> 2025-03-29
  [818/931] !! PROBLEMAS: 351869 -> INTERNACAO MULTIPLA (2x no site) | SEM AIH
  [819/931] JA NO BANCO: 351869 (ent=2025-03-29)
  [820/931] JA NO BANCO: 367547 (ent=2025-05-18)
  [821/931] JA NO BANCO: 364216 (ent=2025-05-06)
  [822/931] JA NO BANCO: 366510 (ent=2025-05-14)
  [823/931] JA NO BANCO: 362956 (ent=2025-05-02)
  [824/931] JA NO BANCO: 368690 (ent=2025-05-21)
  [825/931] JA NO BANCO: 363682 (ent=2025-05-05)
  [826/931] JA NO BANCO: 367183 (ent=2025-05-16)
  [827/931] JA NO BANCO: 363004 (ent=2025-05-02)
  [828/931] JA NO BANCO: 363163 (ent=2025-05-02)
  [829/931] JA NO BANCO: 367922 (ent=2025-05-19)
  [830/931] JA NO BANCO: 370155 (ent=2025-05-26)
  [831/931] JA NO BANCO: 368398 (ent=2025-05-20)
  [832/931] JA NO BANCO: 362074 (ent=2025-04-29)
  [833/931] JA NO BANCO: 368092 (ent=2025-05-19)
  [834/931] + EXTRAIDO: 349895 - SASKYA ISABELE LIMA MEDEIROS | Campina Grande | 12 procs | 2025-03-17 -> 2025-03-20
  [834/931] !! PROBLEMAS: 349895 -> INTERNACAO MULTIPLA (2x no site) | SEM AIH
  [835/931] JA NO BANCO: 349895 (ent=2025-03-20)
  [836/931] JA NO BANCO: 363726 (ent=2025-05-05)
  [837/931] JA NO BANCO: 369857 (ent=2025-05-26)
  [838/931] JA NO BANCO: 365914 (ent=2025-05-12)
  [839/931] JA NO BANCO: 365763 (ent=2025-05-12)
  [840/931] JA NO BANCO: 362690 (ent=2025-04-30)
  [841/931] JA NO BANCO: 345490 (ent=2025-03-04)
  [842/931] JA NO BANCO: 345490 (ent=2025-03-04)
  [843/931] JA NO BANCO: 366903 (ent=2025-05-15)
  [844/931] JA NO BANCO: 370264 (ent=2025-05-27)
  [845/931] JA NO BANCO: 367354 (ent=2025-05-17)
  [846/931] JA NO BANCO: 364259 (ent=2025-05-06)
  [847/931] JA NO BANCO: 367653 (ent=2025-05-18)
  [848/931] JA NO BANCO: 362624 (ent=2025-04-30)
  [849/931] JA NO BANCO: 362747 (ent=2025-05-01)
  [850/931] JA NO BANCO: 348943 (ent=2025-03-14)
  [851/931] JA NO BANCO: 348943 (ent=2025-03-14)
  [852/931] JA NO BANCO: 357330 (ent=2025-04-12)
  [853/931] JA NO BANCO: 355302 (ent=2025-04-05)
  [854/931] JA NO BANCO: 363410 (ent=2025-05-04)
  [855/931] JA NO BANCO: 365526 (ent=2025-05-10)
  [856/931] JA NO BANCO: 368388 (ent=2025-05-20)
  [857/931] JA NO BANCO: 367019 (ent=2025-05-16)
  [858/931] JA NO BANCO: 363917 (ent=2025-05-05)
  [859/931] JA NO BANCO: 367972 (ent=2025-05-19)
  [860/931] JA NO BANCO: 369695 (ent=2025-05-25)
  [861/931] JA NO BANCO: 370768 (ent=2025-05-28)
  [862/931] JA NO BANCO: 370111 (ent=2025-05-26)
  [863/931] JA NO BANCO: 370670 (ent=2025-05-28)
  [864/931] JA NO BANCO: 365216 (ent=2025-05-09)
  [865/931] JA NO BANCO: 368622 (ent=2025-05-21)
  [866/931] JA NO BANCO: 368970 (ent=2025-05-22)
  [867/931] JA NO BANCO: 363167 (ent=2025-05-03)
  [868/931] JA NO BANCO: 365137 (ent=2025-05-09)
  [869/931] JA NO BANCO: 364070 (ent=2025-05-06)
  [870/931] JA NO BANCO: 365567 (ent=2025-05-11)
  [871/931] JA NO BANCO: 359704 (ent=2025-04-20)
  [872/931] JA NO BANCO: 365115 (ent=2025-05-09)
  [873/931] JA NO BANCO: 363824 (ent=2025-05-05)
  [874/931] JA NO BANCO: 367286 (ent=2025-05-17)
  [875/931] JA NO BANCO: 368264 (ent=2025-05-20)
  [876/931] JA NO BANCO: 363453 (ent=2025-05-04)
  [877/931] JA NO BANCO: 353067 (ent=2025-03-28)
  [878/931] JA NO BANCO: 366401 (ent=2025-05-14)
  [879/931] JA NO BANCO: 347716 (ent=2025-03-10)
  [880/931] JA NO BANCO: 358993 (ent=2025-04-17)
  [881/931] JA NO BANCO: 364084 (ent=2025-05-06)
  [882/931] JA NO BANCO: 352518 (ent=2025-03-26)
  [883/931] JA NO BANCO: 366044 (ent=2025-05-12)
  [884/931] JA NO BANCO: 348568 (ent=2025-03-13)
  [885/931] JA NO BANCO: 355175 (ent=2025-04-04)
  [886/931] JA NO BANCO: 348864 (ent=2025-03-13)
  [887/931] JA NO BANCO: 364524 (ent=2025-05-07)
  [888/931] JA NO BANCO: 353670 (ent=2025-03-30)
  [889/931] JA NO BANCO: 364220 (ent=2025-05-06)
  [890/931] JA NO BANCO: 364167 (ent=2025-05-06)
  [891/931] JA NO BANCO: 366419 (ent=2025-05-14)
  [892/931] JA NO BANCO: 367365 (ent=2025-05-17)
  [893/931] JA NO BANCO: 370163 (ent=2025-05-26)
  [894/931] JA NO BANCO: 365065 (ent=2025-05-09)
  [895/931] JA NO BANCO: 365949 (ent=2025-05-12)
  [896/931] JA NO BANCO: 358152 (ent=2025-04-15)
  [897/931] JA NO BANCO: 365987 (ent=2025-05-12)
  [898/931] JA NO BANCO: 368422 (ent=2025-05-21)
  [899/931] JA NO BANCO: 366861 (ent=2025-05-15)
  [900/931] JA NO BANCO: 363557 (ent=2025-05-04)
  [901/931] JA NO BANCO: 369327 (ent=2025-05-23)
  [902/931] JA NO BANCO: 358443 (ent=2025-04-16)
  [903/931] JA NO BANCO: 368822 (ent=2025-05-22)
  [904/931] JA NO BANCO: 364891 (ent=2025-05-08)
  [905/931] JA NO BANCO: 362817 (ent=2025-05-01)
  [906/931] JA NO BANCO: 367729 (ent=2025-05-18)
  [907/931] JA NO BANCO: 365127 (ent=2025-05-09)
  [908/931] JA NO BANCO: 367935 (ent=2025-05-19)
  [909/931] JA NO BANCO: 360801 (ent=2025-04-24)
  [910/931] JA NO BANCO: 368171 (ent=2025-05-20)
  [911/931] JA NO BANCO: 367304 (ent=2025-05-17)
  [912/931] JA NO BANCO: 353661 (ent=2025-03-30)
  [913/931] JA NO BANCO: 371097 (ent=2025-05-30)
  [914/931] JA NO BANCO: 368455 (ent=2025-05-21)
  [915/931] JA NO BANCO: 365767 (ent=2025-05-12)
  [916/931] JA NO BANCO: 369225 (ent=2025-05-23)
  [917/931] JA NO BANCO: 356464 (ent=2025-04-09)
  [918/931] JA NO BANCO: 368563 (ent=2025-05-21)
  [919/931] JA NO BANCO: 365245 (ent=2025-05-09)
  [920/931] JA NO BANCO: 365170 (ent=2025-05-09)
  [921/931] JA NO BANCO: 367360 (ent=2025-05-17)
  [922/931] JA NO BANCO: 366383 (ent=2025-05-14)
  [923/931] JA NO BANCO: 368775 (ent=2025-05-22)
  [924/931] JA NO BANCO: 357380 (ent=2025-04-12)
  [925/931] JA NO BANCO: 366307 (ent=2025-05-13)
  [926/931] JA NO BANCO: 362922 (ent=2025-05-01)
  [927/931] JA NO BANCO: 363209 (ent=2025-05-03)
  [928/931] JA NO BANCO: 367093 (ent=2025-05-16)
  [929/931] JA NO BANCO: 367661 (ent=2025-05-18)
  [930/931] JA NO BANCO: 369184 (ent=2025-05-23)
  [931/931] JA NO BANCO: 362763 (ent=2025-05-01)

  Salvando 34 prontuarios no banco...
  Salvo com sucesso!

  ========================================================
  RESUMO 06/2025
  ========================================================
  Links no site:           931
  Ja estavam no banco:     897
  Extraidos agora (novos): 34
  Com problemas:           34
  Sem nome (pulados):      0
  Sem contar= (ignorados): 0
  Erros ao carregar:       0
  TOTAL NO BANCO AGORA:    926
  DIFERENCA: faltam 5 registros no banco!
