Scraper Hospital - 2026-03-17 17:51:54
Concorrencia: 5 abas simultaneas
============================================================

Logging in...
Logged in!

============================================================
COMPETENCIA 06/2025
============================================================
  Site total: 931 | Links encontrados: 931
  Ja registrados no banco: 716
  --------------------------------------------------------
  Ja no banco: 716 | A processar: 215
  [50/931] + EXTRAIDO: 360498 - ANA CLARA SILVA TIMOTEO | Campina Grande | 4 procs | 2025-04-23 -> 2025-04-25
  [50/931] !! PROBLEMAS: 360498 -> INTERNACAO MULTIPLA (2x no site) | SEM AIH
  [62/931] + EXTRAIDO: 346860 - ANA LUIZA NOGUEIRA RIBEIRO | Campina Grande | 20 procs | 2025-03-07 -> 2025-03-15
  [62/931] !! PROBLEMAS: 346860 -> INTERNACAO MULTIPLA (2x no site) | SEM AIH
  [47/931] + EXTRAIDO: 363412 - ANA CLARA MARIANO DA SILVA | Riachão do Bacamarte | 21 procs | 2025-05-04 -> 2025-05-06
  [47/931] !! PROBLEMAS: 363412 -> SEM AIH
  [52/931] + EXTRAIDO: 365769 - ANA HELOISE DE MELO SILVA | Campina Grande | 15 procs | 2025-05-11 -> 2025-05-12
  [52/931] !! PROBLEMAS: 365769 -> SEM AIH
  [61/931] + EXTRAIDO: 350578 - ANA LUIZA DOS SANTOS SOUZA | Alagoa Nova | 1 procs | 2025-03-20 -> 2025-03-21
  [61/931] !! PROBLEMAS: 350578 -> INTERNACAO MULTIPLA (2x no site) | SEM AIH
  [109/931] + EXTRAIDO: 363299 - BARBARA MARIA DA CONCEICAO | Campina Grande | 10 procs | 2025-05-03 -> 2025-05-06
  [109/931] !! PROBLEMAS: 363299 -> SEM AIH
  [71/931] + EXTRAIDO: 358764 - ANA PAULA DE SOUSA | Sumé | 11 procs | 2025-04-18 -> 2025-04-19
  [71/931] !! PROBLEMAS: 358764 -> INTERNACAO MULTIPLA (2x no site) | SEM AIH
  [120/931] + EXTRAIDO: 363426 - BRUNA BONIFACIO FERREIRA | Campina Grande | 14 procs | 2025-05-04 -> 2025-05-06
  [120/931] !! PROBLEMAS: 363426 -> SEM AIH
  [106/931] + EXTRAIDO: 349565 - ARMINDA RAQUEL SILVA DE OLIVEIRA | Campina Grande | 3 procs | 2025-03-17 -> 2025-03-18
  [106/931] !! PROBLEMAS: 349565 -> INTERNACAO MULTIPLA (2x no site) | SEM AIH
  [126/931] + EXTRAIDO: 367733 - CALINE DA SILVA SOARES | Campina Grande | 3 procs | 2025-05-19 -> 2025-05-20
  [126/931] !! PROBLEMAS: 367733 -> INTERNACAO MULTIPLA (2x no site) | SEM AIH
  [130/931] + EXTRAIDO: 351987 - CAMILA SIMEAO DE SOUSA | Campina Grande | 12 procs | 2025-03-24 -> 2025-03-28
  [130/931] !! PROBLEMAS: 351987 -> INTERNACAO MULTIPLA (2x no site) | SEM AIH
  [127/931] + EXTRAIDO: 370389 - CAMILA CAROLAINE DOS SANTOS LIMA | Areia | 13 procs | 2025-05-27 -> 2025-05-29
  [127/931] !! PROBLEMAS: 370389 -> SEM AIH
  [171/931] + EXTRAIDO: 347848 - DAYANE DE MELO DINIZ | Pocinhos | 5 procs | 2025-03-11 -> 2025-03-15
  [171/931] !! PROBLEMAS: 347848 -> INTERNACAO MULTIPLA (2x no site) | SEM AIH
  [149/931] + EXTRAIDO: 351061 - CLEDYHOMARA MOTA PATRICIO | Campina Grande | 17 procs | 2025-03-21 -> 2025-04-01
  [149/931] !! PROBLEMAS: 351061 -> INTERNACAO MULTIPLA (2x no site) | SEM AIH
  [174/931] + EXTRAIDO: 348202 - DAYANNE KELLY CANARIO DA SILVA | Monteiro | 5 procs | 2025-03-11 -> 2025-03-15
  [174/931] !! PROBLEMAS: 348202 -> INTERNACAO MULTIPLA (2x no site) | SEM AIH
  [183/931] + EXTRAIDO: 342054 - EDINETE JOSE DA SILVA | Natuba | 9 procs | 2025-02-20 -> 2025-03-01
  [183/931] !! PROBLEMAS: 342054 -> INTERNACAO MULTIPLA (2x no site) | SEM AIH
  [197/931] + EXTRAIDO: 350051 - EDUARDA OLIVEIRA PIRANGIBE | Campina Grande | 13 procs | 2025-03-18 -> 2025-03-19
  [197/931] !! PROBLEMAS: 350051 -> INTERNACAO MULTIPLA (2x no site) | SEM AIH
  [190/931] + EXTRAIDO: 363375 - EDNALVA ALBUQUERQUE RODRIGUES | Remígio | 22 procs | 2025-05-03 -> 2025-05-06
  [190/931] !! PROBLEMAS: 363375 -> SEM AIH
  [198/931] + EXTRAIDO: 350051 - EDUARDA OLIVEIRA PIRANGIBE | Campina Grande | 2 procs | 2025-03-19 -> 2025-03-20
  [198/931] !! PROBLEMAS: 350051 -> INTERNACAO MULTIPLA (2x no site) | SEM AIH
  [196/931] + EXTRAIDO: 367731 - EDUARDA GONCALVES DA SILVA | Esperança | 22 procs | 2025-05-18 -> 2025-05-21
  [196/931] !! PROBLEMAS: 367731 -> SEM AIH | SEM CNS
  [205/931] + EXTRAIDO: 352217 - ELIANE SILVA SANTOS | Campina Grande | 9 procs | 2025-03-25 -> 2025-03-26
  [205/931] !! PROBLEMAS: 352217 -> INTERNACAO MULTIPLA (2x no site) | SEM AIH
  [219/931] + EXTRAIDO: 363871 - ELYEDNA AGRA AIRES DOS ANJOS RAMOS | Campina Grande | 9 procs | 2025-05-05 -> 2025-05-06
  [219/931] !! PROBLEMAS: 363871 -> SEM AIH | SEM CNS
  [242/931] + EXTRAIDO: 345631 - FLAVIA ALESSANDRA PEREIRA HENRIQUE | Barra de Santana | 24 procs | 2025-03-12 -> 2025-03-22
  [242/931] !! PROBLEMAS: 345631 -> INTERNACAO MULTIPLA (2x no site) | SEM AIH
  [234/931] + EXTRAIDO: 369140 - EVELYN NATALY DE SOUSA | Campina Grande | 13 procs | 2025-05-23 -> 2025-05-24
  [234/931] !! PROBLEMAS: 369140 -> SEM AIH | SEM CNS
  [247/931] + EXTRAIDO: 364791 - FRANCISCA MONICA PEREIRA DE FREITAS | Campina Grande | 16 procs | 2025-05-08 -> 2025-05-10
  [247/931] !! PROBLEMAS: 364791 -> SEM AIH
  [251/931] + EXTRAIDO: 368613 - GABRIELLA BARBOSA ALVES | Campina Grande | 7 procs | 2025-05-21 -> 2025-05-22
  [251/931] !! PROBLEMAS: 368613 -> SEM AIH
  [260/931] + EXTRAIDO: 371040 - GESSICA FERREIRA MOURA DA SILVA | Campina Grande | 9 procs | 2025-05-29 -> 2025-05-30
  [260/931] !! PROBLEMAS: 371040 -> SEM AIH
  [265/931] + EXTRAIDO: 359252 - GILBERLANIA BENTO FERREIRA DE LIMA | Campina Grande | 3 procs | 2025-04-21 -> 2025-04-22
  [265/931] !! PROBLEMAS: 359252 -> INTERNACAO MULTIPLA (2x no site) | SEM AIH
  [267/931] + EXTRAIDO: 354327 - GILMARA BARBOSA DE ARAUJO | Aroeiras | 2 procs | 2025-04-02 -> 2025-04-02
  [267/931] !! PROBLEMAS: 354327 -> INTERNACAO MULTIPLA (2x no site) | SEM AIH
  [300/931] + EXTRAIDO: 349858 - INGRID RODRIGUES DA SILVA | Queimadas | 2 procs | 2025-03-18 -> 2025-03-19
  [300/931] !! PROBLEMAS: 349858 -> INTERNACAO MULTIPLA (2x no site) | SEM AIH
  [301/931] + EXTRAIDO: 362304 - INGRITI CLAUDINO BERNARDO | Olivedos | 30 procs | 2025-04-29 -> 2025-05-06
  [301/931] !! PROBLEMAS: 362304 -> SEM AIH
  [313/931] + EXTRAIDO: 353791 - ITALA MILENA DOS SANTOS RODRIGUES | Campina Grande | 12 procs | 2025-03-31 -> 2025-04-02
  [313/931] !! PROBLEMAS: 353791 -> INTERNACAO MULTIPLA (2x no site) | SEM AIH
  [330/931] + EXTRAIDO: 354236 - JAMILY PAULINO SILVA | Campina Grande | 14 procs | 2025-04-01 -> 2025-04-03
  [330/931] !! PROBLEMAS: 354236 -> SEM AIH
  [311/931] + EXTRAIDO: 368519 - ISLANE SOUZA BEZERRA | Campina Grande | 13 procs | 2025-05-21 -> 2025-05-23
  [311/931] !! PROBLEMAS: 368519 -> SEM AIH
  [323/931] + EXTRAIDO: 349053 - JAILMA DA SILVA FELISMINO | Campina Grande | 1 procs | 2025-03-16 -> 2025-03-17
  [323/931] !! PROBLEMAS: 349053 -> INTERNACAO MULTIPLA (2x no site) | SEM AIH
  [333/931] + EXTRAIDO: 369351 - JANAINA BARBOSA DE ARAUJO | Alagoa Nova | 10 procs | 2025-05-23 -> 2025-05-24
  [333/931] !! PROBLEMAS: 369351 -> SEM AIH
  [347/931] + EXTRAIDO: 363363 - JESSICA FERREIRA LUCENA | Campina Grande | 20 procs | 2025-05-03 -> 2025-05-06
  [347/931] !! PROBLEMAS: 363363 -> SEM AIH
  [377/931] + EXTRAIDO: 347054 - JOSILENE DE LIMA DA SILVA | Massaranduba | 2 procs | 2025-03-09 -> 2025-03-10
  [377/931] !! PROBLEMAS: 347054 -> INTERNACAO MULTIPLA (2x no site) | SEM AIH
  [351/931] + EXTRAIDO: 347874 - JESSICA ISLAYNE DA SILVA | Campina Grande | 20 procs | 2025-03-14 -> 2025-03-26
  [351/931] !! PROBLEMAS: 347874 -> INTERNACAO MULTIPLA (2x no site) | SEM AIH
  [354/931] + EXTRAIDO: 342320 - JESSICA TAVARES SILVA | Puxinanã | 28 procs | 2025-02-21 -> 2025-03-09
  [354/931] !! PROBLEMAS: 342320 -> INTERNACAO MULTIPLA (2x no site) | SEM AIH
  [389/931] + EXTRAIDO: 366751 - JULIANA BATISTA RAMOS FERREIRA LIRA | Campina Grande | 19 procs | 2025-05-15 -> 2025-05-17
  [389/931] !! PROBLEMAS: 366751 -> SEM AIH
  [394/931] + EXTRAIDO: 346897 - JULIANA SANTOS PEREIRA | Barra de Santa Rosa | 3 procs | 2025-03-08 -> 2025-03-09
  [394/931] !! PROBLEMAS: 346897 -> INTERNACAO MULTIPLA (2x no site) | SEM AIH
  [395/931] + EXTRAIDO: 363541 - JULLIANA KESSIA DA SILVA | Campina Grande | 16 procs | 2025-05-04 -> 2025-05-05
  [395/931] !! PROBLEMAS: 363541 -> SEM AIH
  [407/931] + EXTRAIDO: 356895 - KIMBELLY KAYANNY ALVES DE SOUZA | Campina Grande | 22 procs | 2025-04-10 -> 2025-04-12
  [407/931] !! PROBLEMAS: 356895 -> SEM AIH
  [414/931] + EXTRAIDO: 347769 - LAIS RODRIGUES CARVALHO DE MELO | Serra Branca | 4 procs | 2025-03-10 -> 2025-03-17
  [414/931] !! PROBLEMAS: 347769 -> INTERNACAO MULTIPLA (2x no site) | SEM AIH
  [420/931] + EXTRAIDO: 366957 - LARISSA HELLEN DE FRANCA LIMA | Campina Grande | 8 procs | 2025-05-16 -> 2025-05-30
  [420/931] !! PROBLEMAS: 366957 -> SEM AIH | SEM CNS
  [430/931] + EXTRAIDO: 363980 - LIDIA PINHEIRO DA SILVA | Ingá | 13 procs | 2025-05-06 -> 2025-05-07
  [430/931] !! PROBLEMAS: 363980 -> SEM AIH
  [431/931] + EXTRAIDO: 347137 - LIDIANE SILVA MACEDO | Cuité | 21 procs | 2025-03-08 -> 2025-03-14
  [431/931] !! PROBLEMAS: 347137 -> INTERNACAO MULTIPLA (2x no site) | SEM AIH
  [447/931] + EXTRAIDO: 361784 - LUANA PEREIRA DA SILVA CAVALCANTI | Campina Grande | 15 procs | 2025-04-28 -> 2025-05-06
  [447/931] !! PROBLEMAS: 361784 -> SEM AIH
  [450/931] + EXTRAIDO: 370656 - LUANA PEREIRA DE BARROS | Puxinanã | 2 procs | 2025-05-30 -> 2025-05-31
  [450/931] !! PROBLEMAS: 370656 -> INTERNACAO MULTIPLA (2x no site) | SEM AIH
  [453/931] + EXTRAIDO: 367911 - LUCIANA DE MACEDO DANTAS | Campina Grande | 16 procs | 2025-05-19 -> 2025-05-21
  [453/931] !! PROBLEMAS: 367911 -> SEM AIH | SEM CNS
  [469/931] + EXTRAIDO: 369855 - MARCIA DE LIMA ARAUJO | Remígio | 9 procs | 2025-05-26 -> 2025-05-27
  [469/931] !! PROBLEMAS: 369855 -> SEM AIH
  [482/931] + EXTRAIDO: 348795 - MARIA APARECIDA DA SILVA COSTA | Areial | 7 procs | 2025-03-15 -> 2025-03-17
  [482/931] !! PROBLEMAS: 348795 -> INTERNACAO MULTIPLA (2x no site) | SEM AIH
  [493/931] + EXTRAIDO: 363402 - MARIA DA CONCEICAO BEZERRA DE MEDEIROS | Aroeiras | 19 procs | 2025-05-03 -> 2025-05-06
  [493/931] !! PROBLEMAS: 363402 -> SEM AIH
  [516/931] + EXTRAIDO: 349806 - MARIA ELOISA DA SILVA SANTOS | São Sebastião de Lagoa de Roça | 2 procs | 2025-03-17 -> 2025-03-19
  [516/931] !! PROBLEMAS: 349806 -> INTERNACAO MULTIPLA (2x no site) | SEM AIH
  [526/931] + EXTRAIDO: 363616 - MARIA JOSE DE OLIVEIRA SILVA | Puxinanã | 4 procs | 2025-05-05 -> 2025-05-06
  [526/931] !! PROBLEMAS: 363616 -> INTERNACAO MULTIPLA (2x no site) | SEM AIH
  [562/931] + EXTRAIDO: 343832 - MARINA DA SILVA DIAS | Itatuba | 8 procs | 2025-02-26 -> 2025-03-10
  [562/931] !! PROBLEMAS: 343832 -> INTERNACAO MULTIPLA (2x no site) | SEM AIH
  [572/931] + EXTRAIDO: 366921 - MICAELY SOUZA SANTOS | Campina Grande | 13 procs | 2025-05-15 -> 2025-05-17
  [572/931] !! PROBLEMAS: 366921 -> SEM AIH
  [606/931] + EXTRAIDO: 363592 - PATRICIA CAETANO PEREIRA | Ingá | 6 procs | 2025-05-04 -> 2025-05-05
  [606/931] !! PROBLEMAS: 363592 -> SEM AIH
  [618/931] + EXTRAIDO: 351866 - PRISCILLA CORDEIRO DA SILVA | Barra de Santana | 13 procs | 2025-03-24 -> 2025-03-27
  [618/931] !! PROBLEMAS: 351866 -> INTERNACAO MULTIPLA (2x no site) | SEM AIH
  [621/931] + EXTRAIDO: 353309 - RAFAELA EDUARDA DA SILVA VIEIRA | Campina Grande | 19 procs | 2025-03-29 -> 2025-04-03
  [621/931] !! PROBLEMAS: 353309 -> INTERNACAO MULTIPLA (2x no site) | SEM AIH
  [636/931] + EXTRAIDO: 356273 - RAQUELY DE OLIVEIRA | Campina Grande | 12 procs | 2025-04-08 -> 2025-04-13
  [636/931] !! PROBLEMAS: 356273 -> INTERNACAO MULTIPLA (2x no site) | SEM AIH
  [626/931] + EXTRAIDO: 344758 - RANNA HELOYSA DOS SANTOS SILVA | Aroeiras | 17 procs | 2025-03-01 -> 2025-03-04
  [626/931] !! PROBLEMAS: 344758 -> INTERNACAO MULTIPLA (2x no site) | SEM AIH
  [645/931] + EXTRAIDO: 365235 - RENALLY HYLLARY MENDES PEREIRA DA SILVA | Campina Grande | 12 procs | 2025-05-09 -> 2025-05-12
  [645/931] !! PROBLEMAS: 365235 -> SEM AIH
  [650/931] + EXTRAIDO: 366245 - RN  HYDERLIENE DA SILVA COSTA RAMOS | Campina Grande | 8 procs | 2025-05-13 -> 2025-05-16
  [650/931] !! PROBLEMAS: 366245 -> SEM AIH
  [651/931] + EXTRAIDO: 360622 - RN ALICE ANDREIA DOS SANTOS | Campina Grande | 9 procs | 2025-04-23 -> 2025-05-01
  [651/931] !! PROBLEMAS: 360622 -> SEM AIH
  [652/931] + EXTRAIDO: 368601 - RN ANA KAROLINA HENRIQUE DA SILVA | Alagoa Nova | 9 procs | 2025-05-21 -> 2025-05-24
  [652/931] !! PROBLEMAS: 368601 -> SEM AIH
  [653/931] + EXTRAIDO: 367759 - RN ANDRESSA GABRIELE LOURENCO DA SILVA | Areia | 7 procs | 2025-05-19 -> 2025-05-24
  [653/931] !! PROBLEMAS: 367759 -> SEM AIH
  [654/931] + EXTRAIDO: 367944 - RN ANDREZA MARQUES DE ARAUJO | Juazeirinho | 9 procs | 2025-05-19 -> 2025-05-21
  [654/931] !! PROBLEMAS: 367944 -> SEM AIH
  [655/931] + EXTRAIDO: 368276 - RN ANGELA TATIELLY RODRIGUES DA SILVA | Queimadas | 9 procs | 2025-05-20 -> 2025-05-23
  [655/931] !! PROBLEMAS: 368276 -> SEM AIH
  [656/931] + EXTRAIDO: 363476 - RN CAROLINA RAFAEL DO NASCIMENTO | Sumé | 16 procs | 2025-05-04 -> 2025-05-23
  [656/931] !! PROBLEMAS: 363476 -> SEM AIH
  [657/931] + EXTRAIDO: 367784 - RN CICERA EMANOELA LIMEIRA DA SILVA | Campina Grande | 19 procs | 2025-05-19 -> 2025-05-28
  [657/931] !! PROBLEMAS: 367784 -> SEM AIH
  [658/931] + EXTRAIDO: 361712 - RN DANIELE DE LIMA FREITAS | Campina Grande | 11 procs | 2025-04-27 -> 2025-05-09
  [658/931] !! PROBLEMAS: 361712 -> SEM AIH
  [659/931] + EXTRAIDO: 365100 - RN DANIELLE VITORIA  LIMA DA SILVA | Areia | 7 procs | 2025-05-09 -> 2025-05-21
  [659/931] !! PROBLEMAS: 365100 -> SEM AIH
  [660/931] + EXTRAIDO: 365331 - RN DE ADAILZA GOMES DA SILVA | Massaranduba | 8 procs | 2025-05-10 -> 2025-05-16
  [660/931] !! PROBLEMAS: 365331 -> SEM AIH
  [661/931] + EXTRAIDO: 361059 - RN DE ADRIANA OLIVEIRA MELO | Damião | 23 procs | 2025-04-24 -> 2025-05-16
  [661/931] !! PROBLEMAS: 361059 -> SEM AIH
  [662/931] + EXTRAIDO: 365755 - RN DE ADRIANA ROQUE DE SOUZA | Barra de Santa Rosa | 7 procs | 2025-05-11 -> 2025-05-14
  [662/931] !! PROBLEMAS: 365755 -> SEM AIH
  [663/931] + EXTRAIDO: 357459 - RN DE ALICE SHAYENE DE LIMA MACEDO | Campina Grande | 10 procs | 2025-04-12 -> 2025-04-18
  [663/931] !! PROBLEMAS: 357459 -> SEM AIH
  [664/931] + EXTRAIDO: 363939 - RN DE ALICIA ALVES DA SILVA | Campina Grande | 15 procs | 2025-05-05 -> 2025-05-20
  [664/931] !! PROBLEMAS: 363939 -> SEM AIH
  [665/931] + EXTRAIDO: 365409 - RN DE ALINE ROSA DA SILVA | Juazeirinho | 14 procs | 2025-05-10 -> 2025-05-23
  [665/931] !! PROBLEMAS: 365409 -> SEM AIH
  [666/931] + EXTRAIDO: 365728 - RN DE ANA PAULA SILVA OLIVEIRA | Campina Grande | 8 procs | 2025-05-11 -> 2025-05-17
  [666/931] !! PROBLEMAS: 365728 -> SEM AIH
  [667/931] + EXTRAIDO: 362017 - RN DE ANDREA SAMARA MARINHO DOS SANTOS | Riachão do Bacamarte | 15 procs | 2025-04-28 -> 2025-05-07
  [667/931] !! PROBLEMAS: 362017 -> SEM AIH
  [668/931] + EXTRAIDO: 345158 - RN DE ANDREIA DE SOUZA FARIAS | Campina Grande | 9 procs | 2025-03-02 -> 2025-03-05
  [668/931] !! PROBLEMAS: 345158 -> SEM AIH
  [669/931] + EXTRAIDO: 364930 - RN DE ANDRESSA EDUARDA PEREIRA DO REGO | Boqueirão | 8 procs | 2025-05-08 -> 2025-05-15
  [669/931] !! PROBLEMAS: 364930 -> SEM AIH
  [670/931] + EXTRAIDO: 359518 - RN DE ANNA CECILIA DE SOUSA RODRIGUES | Alagoa Grande | 10 procs | 2025-04-19 -> 2025-05-02
  [670/931] !! PROBLEMAS: 359518 -> SEM AIH
  [671/931] + EXTRAIDO: 370428 - RN DE ANNE KAROLINE DA COSTA TIELES SILVA | Campina Grande | 5 procs | 2025-05-28 -> 2025-05-28
  [671/931] !! PROBLEMAS: 370428 -> SEM AIH
  [672/931] + EXTRAIDO: 361033 - RN DE APARECIDA DOS SANTOS TARGINO | Sossêgo | 10 procs | 2025-04-24 -> 2025-05-01
  [672/931] !! PROBLEMAS: 361033 -> SEM AIH
  [673/931] + EXTRAIDO: 362761 - RN DE BEATRIZ SMIRNA VIEIRA MEDEIROS | Campina Grande | 9 procs | 2025-05-01 -> 2025-05-04
  [673/931] !! PROBLEMAS: 362761 -> SEM AIH
  [675/931] + EXTRAIDO: 368677 - RN DE CLEANE LUCIELY SILVA DOS SANTOS | Campina Grande | 9 procs | 2025-05-21 -> 2025-05-27
  [675/931] !! PROBLEMAS: 368677 -> SEM AIH
  [674/931] + EXTRAIDO: 369439 - RN DE CILENE PIRANGI DA SILVA | Remígio | 8 procs | 2025-05-23 -> 2025-05-31
  [674/931] !! PROBLEMAS: 369439 -> SEM AIH
  [676/931] + EXTRAIDO: 368860 - RN DE DANIELE SILVA DOS SANTOS BELO | Campina Grande | 16 procs | 2025-05-22 -> 2025-05-25
  [676/931] !! PROBLEMAS: 368860 -> SEM AIH
  [677/931] + EXTRAIDO: 361013 - RN DE DANIELY MENDES NASCIMENTO | Lagoa Seca | 8 procs | 2025-04-24 -> 2025-05-02
  [677/931] !! PROBLEMAS: 361013 -> SEM AIH
  [678/931] + EXTRAIDO: 349426 - RN DE DAYANNE KELLY CANARIO DA SILVA | Monteiro | 32 procs | 2025-03-15 -> 2025-05-28
  [678/931] !! PROBLEMAS: 349426 -> SEM AIH
  [680/931] + EXTRAIDO: 363157 - RN DE EDUARDA FERNANDA JANUARIO ARAUJO | Campina Grande | 14 procs | 2025-05-02 -> 2025-05-09
  [680/931] !! PROBLEMAS: 363157 -> SEM AIH
  [679/931] + EXTRAIDO: 364050 - RN DE EDNA LUANA PEREIRA MACIEL | Campina Grande | 18 procs | 2025-05-06 -> 2025-05-21
  [679/931] !! PROBLEMAS: 364050 -> SEM AIH
  [681/931] + EXTRAIDO: 368969 - RN DE ELIANE DOS SANTOS SOUZA | Campina Grande | 14 procs | 2025-05-22 -> 2025-05-31
  [681/931] !! PROBLEMAS: 368969 -> SEM AIH
  [682/931] + EXTRAIDO: 364342 - RN DE ELLEN KEITH DE ALCANTARA MACEDO | Queimadas | 9 procs | 2025-05-07 -> 2025-05-10
  [682/931] !! PROBLEMAS: 364342 -> SEM AIH
  [683/931] + EXTRAIDO: 364289 - RN DE EMYLE HANNA BARROS OLIVEIRA | Campina Grande | 8 procs | 2025-05-06 -> 2025-05-10
  [683/931] !! PROBLEMAS: 364289 -> SEM AIH
  [684/931] + EXTRAIDO: 367381 - RN DE FRANCINEIDE FERREIRA SANTOS | Matinhas | 9 procs | 2025-05-17 -> 2025-05-20
  [684/931] !! PROBLEMAS: 367381 -> SEM AIH
  [685/931] + EXTRAIDO: 370033 - RN DE FRANCYELLY DANTAS DA SILVA | Puxinanã | 7 procs | 2025-05-26 -> 2025-05-31
  [685/931] !! PROBLEMAS: 370033 -> SEM AIH
  [686/931] + EXTRAIDO: 368191 - RN DE GABRIELA CANDIDO ALVES | Cuité | 8 procs | 2025-05-20 -> 2025-05-23
  [686/931] !! PROBLEMAS: 368191 -> SEM AIH
  [687/931] + EXTRAIDO: 370131 - RN DE GEANE SILVA ALVES | Pocinhos | 11 procs | 2025-05-26 -> 2025-05-29
  [687/931] !! PROBLEMAS: 370131 -> SEM AIH
  [688/931] + EXTRAIDO: 367284 - RN DE GEISY  MIRELA RODRIGUES DOS SANTOS | Campina Grande | 8 procs | 2025-05-17 -> 2025-05-24
  [688/931] !! PROBLEMAS: 367284 -> SEM AIH
  [689/931] + EXTRAIDO: 367599 - RN DE GERUZA  DAIANA FERREIRA MACIEL | Umbuzeiro | 11 procs | 2025-05-18 -> 2025-05-28
  [689/931] !! PROBLEMAS: 367599 -> SEM AIH
  [691/931] + EXTRAIDO: 359847 - RN DE GILBERNIA BENTO FERREIRA DE LIMA | Campina Grande | 12 procs | 2025-04-21 -> 2025-05-02
  [691/931] !! PROBLEMAS: 359847 -> SEM AIH
  [690/931] + EXTRAIDO: 362574 - RN DE GILBERLANDIA DOS SANTOS SOUZA | Areia | 8 procs | 2025-04-30 -> 2025-05-04
  [690/931] !! PROBLEMAS: 362574 -> SEM AIH
  [692/931] + EXTRAIDO: 369873 - RN DE GRAZYELLY EMANUELLY DA SILVA ROCHA | Esperança | 9 procs | 2025-05-26 -> 2025-05-30
  [692/931] !! PROBLEMAS: 369873 -> SEM AIH
  [693/931] + EXTRAIDO: 368681 - RN DE ISABEL DOS SANTOS SILVA | Campina Grande | 11 procs | 2025-05-21 -> 2025-05-27
  [693/931] !! PROBLEMAS: 368681 -> SEM AIH
  [694/931] + EXTRAIDO: 343895 - RN DE ISABELA ALCANTARA FARIAS | Cacimba de Dentro | 9 procs | 2025-02-26 -> 2025-03-02
  [694/931] !! PROBLEMAS: 343895 -> SEM AIH
  [695/931] + EXTRAIDO: 367391 - RN DE JAKELINE CRISTINA DE LIMA BARRETO | Queimadas | 9 procs | 2025-05-17 -> 2025-05-25
  [695/931] !! PROBLEMAS: 367391 -> SEM AIH
  [696/931] + EXTRAIDO: 364245 - RN DE JAQUELINE CRISTINA DO NASCIMENTO SOUZA | Campina Grande | 9 procs | 2025-05-06 -> 2025-05-09
  [696/931] !! PROBLEMAS: 364245 -> SEM AIH
  [697/931] + EXTRAIDO: 363443 - RN DE JESSICA FERREIRA LUCENA | Campina Grande | 9 procs | 2025-05-04 -> 2025-05-09
  [697/931] !! PROBLEMAS: 363443 -> SEM AIH
  [699/931] + EXTRAIDO: 367300 - RN DE JOELMA FERREIRA AMORIM | Solânea | 10 procs | 2025-05-17 -> 2025-05-20
  [699/931] !! PROBLEMAS: 367300 -> SEM AIH
  [698/931] + EXTRAIDO: 366589 - RN DE JOANA DAYANA FIDELIS DA COSTA | Puxinanã | 9 procs | 2025-05-14 -> 2025-05-17
  [698/931] !! PROBLEMAS: 366589 -> SEM AIH
  [700/931] + EXTRAIDO: 365484 - RN DE JORDANIA DOS SANTOS SILVA | Campina Grande | 8 procs | 2025-05-10 -> 2025-05-14
  [700/931] !! PROBLEMAS: 365484 -> SEM AIH
  [701/931] + EXTRAIDO: 362550 - RN DE JOSICLEIDE DA SILVA | Campina Grande | 16 procs | 2025-04-30 -> 2025-05-03
  [701/931] !! PROBLEMAS: 362550 -> SEM AIH
  [702/931] + EXTRAIDO: 365675 - RN DE JOSINEIDE SOUZA LEITE | Campina Grande | 9 procs | 2025-05-11 -> 2025-05-16
  [702/931] !! PROBLEMAS: 365675 -> SEM AIH
  [703/931] + EXTRAIDO: 362433 - RN DE JUCIANE SILVA TRAJANO | Campina Grande | 11 procs | 2025-04-30 -> 2025-05-08
  [703/931] !! PROBLEMAS: 362433 -> SEM AIH
  [705/931] + EXTRAIDO: 366884 - RN DE JULIANA BATISTA RAMOS FERREIRA LIRA | Campina Grande | 8 procs | 2025-05-15 -> 2025-05-19
  [705/931] !! PROBLEMAS: 366884 -> SEM AIH
  [704/931] + EXTRAIDO: 361453 - RN DE JUCILENE CANDIDO DE LIMA CARNEIRO | Areia | 9 procs | 2025-04-26 -> 2025-05-05
  [704/931] !! PROBLEMAS: 361453 -> SEM AIH
  [706/931] + EXTRAIDO: 365520 - RN DE LAINETYANE LIMA SANTOS | Campina Grande | 11 procs | 2025-05-10 -> 2025-05-14
  [706/931] !! PROBLEMAS: 365520 -> SEM AIH
  [707/931] + EXTRAIDO: 367339 - RN DE LARYSSA LORRAYNE HONORIO BERNARDO | Alagoa Nova | 9 procs | 2025-05-17 -> 2025-05-22
  [707/931] !! PROBLEMAS: 367339 -> SEM AIH
  [708/931] + EXTRAIDO: 363827 - RN DE MARIA APARECIDA DA CONCEICAO SEVERO | Monteiro | 14 procs | 2025-05-05 -> 2025-05-16
  [708/931] !! PROBLEMAS: 363827 -> SEM AIH
  [709/931] + EXTRAIDO: 368205 - RN DE MARIA APARECIDA DA SILVA SANTOS | Campina Grande | 6 procs | 2025-05-20 -> 2025-05-23
  [709/931] !! PROBLEMAS: 368205 -> SEM AIH
  [710/931] + EXTRAIDO: 364285 - RN DE MARIA APARECIDA MIZAEL DOS SANTOS | Juazeirinho | 7 procs | 2025-05-06 -> 2025-05-07
  [710/931] !! PROBLEMAS: 364285 -> SEM AIH
  [711/931] + EXTRAIDO: 368042 - RN DE MARIA APARECIDA PEREIRA DA SILVA | Alagoa Grande | 9 procs | 2025-05-19 -> 2025-05-28
  [711/931] !! PROBLEMAS: 368042 -> SEM AIH
  [712/931] + EXTRAIDO: 361696 - RN DE MARIA DA GUIA VALESCA ALVES PEREIRA | Campina Grande | 11 procs | 2025-04-27 -> 2025-05-06
  [712/931] !! PROBLEMAS: 361696 -> SEM AIH
  [713/931] + EXTRAIDO: 348227 - RN DE MARIA EDUARDA BARRETO SIMOES | Campina Grande | 11 procs | 2025-03-12 -> 2025-03-19
  [713/931] !! PROBLEMAS: 348227 -> SEM AIH
  [714/931] + EXTRAIDO: 369157 - RN DE MARIA EDUARDA BERTULINO DO VALE | Juarez Távora | 11 procs | 2025-05-23 -> 2025-05-27
  [714/931] !! PROBLEMAS: 369157 -> SEM AIH
  [715/931] + EXTRAIDO: 369804 - RN DE MARIA EDUARDA DA SILVA | Campina Grande | 7 procs | 2025-05-25 -> 2025-05-28
  [715/931] !! PROBLEMAS: 369804 -> SEM AIH
  [716/931] + EXTRAIDO: 364102 - RN DE MARIA EDUARDA GOMES MARQUES | Campina Grande | 8 procs | 2025-05-06 -> 2025-05-09
  [716/931] !! PROBLEMAS: 364102 -> SEM AIH
  [717/931] + EXTRAIDO: 363036 - RN DE MARIA JOSE CAMPOS DA SILVA | Campina Grande | 7 procs | 2025-05-02 -> 2025-05-06
  [717/931] !! PROBLEMAS: 363036 -> SEM AIH
  [718/931] + EXTRAIDO: 365757 - RN DE MARIA JOSE NUNES DA SILVA | Campina Grande | 9 procs | 2025-05-11 -> 2025-05-18
  [718/931] !! PROBLEMAS: 365757 -> SEM AIH
  [719/931] + EXTRAIDO: 367880 - RN DE MARIA VITORIA SILVA DE ARAUJO | Santa Cecília | 7 procs | 2025-05-19 -> 2025-05-21
  [719/931] !! PROBLEMAS: 367880 -> SEM AIH
  [721/931] + EXTRAIDO: 366654 - RN DE MARILIA FRANCA FERREIRA | Alcantil | 10 procs | 2025-05-15 -> 2025-05-17
  [721/931] !! PROBLEMAS: 366654 -> SEM AIH
  [720/931] + EXTRAIDO: 369589 - RN DE MARIANA AVELINO DA SILVA | Alagoa Grande | 10 procs | 2025-05-24 -> 2025-05-30
  [720/931] !! PROBLEMAS: 369589 -> SEM AIH
  [722/931] + EXTRAIDO: 368748 - RN DE MARTA SANDRYELLY DA SILVA TAVARES | Campina Grande | 7 procs | 2025-05-22 -> 2025-05-22
  [722/931] !! PROBLEMAS: 368748 -> SEM AIH
  [724/931] + EXTRAIDO: 342879 - RN DE MIRELI GABRIEL DE LIMA | Campina Grande | 8 procs | 2025-02-23 -> 2025-02-26
  [724/931] !! PROBLEMAS: 342879 -> SEM AIH
  [723/931] + EXTRAIDO: 369771 - RN DE MAYNARA RAYANA BORGES DA CONCEICAO | Queimadas | 10 procs | 2025-05-25 -> 2025-05-29
  [723/931] !! PROBLEMAS: 369771 -> SEM AIH
  [725/931] + EXTRAIDO: 362040 - RN DE NATALIA AVES PINTO NASCIMENTO | Campina Grande | 18 procs | 2025-04-28 -> 2025-05-02
  [725/931] !! PROBLEMAS: 362040 -> SEM AIH
  [726/931] + EXTRAIDO: 362060 - RN DE PAMELA AISLLA NADCIMENTO GAMA | Campina Grande | 9 procs | 2025-04-29 -> 2025-05-01
  [726/931] !! PROBLEMAS: 362060 -> SEM AIH
  [727/931] + EXTRAIDO: 365906 - RN DE PRICYLLA BARBOSA OLIVEIRA PEREIRA SANTANA | Campina Grande | 10 procs | 2025-05-12 -> 2025-05-15
  [727/931] !! PROBLEMAS: 365906 -> SEM AIH
  [728/931] + EXTRAIDO: 367529 - RN DE RAFAELA DE SOUZA | Alagoa Nova | 14 procs | 2025-05-17 -> 2025-05-30
  [728/931] !! PROBLEMAS: 367529 -> SEM AIH
  [729/931] + EXTRAIDO: 362566 - RN DE RAQUEL SOUZA DIAS DE ALMEIDA | Serra Redonda | 10 procs | 2025-04-30 -> 2025-05-04
  [729/931] !! PROBLEMAS: 362566 -> SEM AIH
  [730/931] + EXTRAIDO: 366644 - RN DE REGINA COELI MACEDO SOUTO SOARES | Soledade | 8 procs | 2025-05-14 -> 2025-05-19
  [730/931] !! PROBLEMAS: 366644 -> SEM AIH
  [731/931] + EXTRAIDO: 366640 - RN DE RITA DE CASSIA VITO SIDRONIO | Alagoa Nova | 16 procs | 2025-05-14 -> 2025-05-20
  [731/931] !! PROBLEMAS: 366640 -> SEM AIH
  [732/931] + EXTRAIDO: 363275 - RN DE ROZANGELA MORAIS DA SILVA | Campina Grande | 12 procs | 2025-05-03 -> 2025-05-08
  [732/931] !! PROBLEMAS: 363275 -> SEM AIH
  [733/931] + EXTRAIDO: 365784 - RN DE SAMARA VICENTE SILVA | Campina Grande | 19 procs | 2025-05-12 -> 2025-05-30
  [733/931] !! PROBLEMAS: 365784 -> SEM AIH
  [734/931] + EXTRAIDO: 367005 - RN DE SAMIRA DA SILVA MARTILIANO PAZ | Lagoa Seca | 12 procs | 2025-05-16 -> 2025-05-22
  [734/931] !! PROBLEMAS: 367005 -> SEM AIH
  [736/931] + EXTRAIDO: 364277 - RN DE SAYONARA ALEXANDRE DA SILVA GI | Esperança | 15 procs | 2025-05-06 -> 2025-05-07
  [736/931] !! PROBLEMAS: 364277 -> SEM AIH
  [735/931] + EXTRAIDO: 363012 - RN DE SAMIRA MOURA PEREIRA NICHOLS | Campina Grande | 10 procs | 2025-05-02 -> 2025-05-12
  [735/931] !! PROBLEMAS: 363012 -> SEM AIH
  [737/931] + EXTRAIDO: 362833 - RN DE SIMONEIDE DEODATO DA SILVA  QUEIROZ | Campina Grande | 8 procs | 2025-05-01 -> 2025-05-09
  [737/931] !! PROBLEMAS: 362833 -> SEM AIH
  [739/931] + EXTRAIDO: 367508 - RN DE SONALY DE LIMA SILVA | Massaranduba | 9 procs | 2025-05-17 -> 2025-05-26
  [739/931] !! PROBLEMAS: 367508 -> SEM AIH
  [738/931] + EXTRAIDO: 353772 - RN DE SOLANGE PEREIRA ALVES | Aroeiras | 11 procs | 2025-03-31 -> 2025-04-08
  [738/931] !! PROBLEMAS: 353772 -> SEM AIH
  [740/931] + EXTRAIDO: 370105 - RN DE STEPHANNY SILVA ALVES | Boqueirão | 12 procs | 2025-05-26 -> 2025-05-27
  [740/931] !! PROBLEMAS: 370105 -> SEM AIH
  [741/931] + EXTRAIDO: 368526 - RN DE TAHISE PRISCILA DA SILVA | Campina Grande | 8 procs | 2025-05-21 -> 2025-05-23
  [741/931] !! PROBLEMAS: 368526 -> SEM AIH
  [742/931] + EXTRAIDO: 365366 - RN DE TATIANA SILVA DE SOUSA | Campina Grande | 9 procs | 2025-05-10 -> 2025-05-12
  [742/931] !! PROBLEMAS: 365366 -> SEM AIH
  [743/931] + EXTRAIDO: 363845 - RN DE TAYNARA BARROS DOS SANTOS | Lagoa Seca | 15 procs | 2025-05-05 -> 2025-05-15
  [743/931] !! PROBLEMAS: 363845 -> SEM AIH
  [744/931] + EXTRAIDO: 367296 - RN DE TAYNARA KATIELE DA CONCEICAO SANTOS | Monteiro | 8 procs | 2025-05-17 -> 2025-05-23
  [744/931] !! PROBLEMAS: 367296 -> SEM AIH
  [745/931] + EXTRAIDO: 364295 - RN DE VALDICEIA MELO GOMES SILVA | Queimadas | 10 procs | 2025-05-06 -> 2025-05-09
  [745/931] !! PROBLEMAS: 364295 -> SEM AIH
  [746/931] + EXTRAIDO: 369129 - RN DE VALERIA RODRIGUES DA SILVA | Aroeiras | 9 procs | 2025-05-23 -> 2025-05-29
  [746/931] !! PROBLEMAS: 369129 -> SEM AIH
  [747/931] + EXTRAIDO: 353758 - RN DE VITORIA GABRIELA BARBOSA MARTINS | Puxinanã | 10 procs | 2025-03-31 -> 2025-04-03
  [747/931] !! PROBLEMAS: 353758 -> SEM AIH
  [748/931] + EXTRAIDO: 367708 - RN DE YASMIN DANTAS CAVALCANTE | Lagoa Seca | 9 procs | 2025-05-18 -> 2025-05-26
  [748/931] !! PROBLEMAS: 367708 -> SEM AIH
  [749/931] + EXTRAIDO: 366955 - RN DIANA FELIX DIAS | Lagoa | 9 procs | 2025-05-16 -> 2025-05-21
  [749/931] !! PROBLEMAS: 366955 -> SEM AIH
  [750/931] + EXTRAIDO: 362190 - RN EDIELMA DE SOUSA RAMOS | Ouro Velho | 10 procs | 2025-04-29 -> 2025-05-05
  [750/931] !! PROBLEMAS: 362190 -> SEM AIH
  [751/931] + EXTRAIDO: 364681 - RN EDJANE MATIAS DO NASCIMENTO | Campina Grande | 10 procs | 2025-05-08 -> 2025-05-13
  [751/931] !! PROBLEMAS: 364681 -> SEM AIH
  [752/931] + EXTRAIDO: 359827 - RN EDVANIA ALVES DOS SANTOS | Umbuzeiro | 26 procs | 2025-04-21 -> 2025-05-30
  [752/931] !! PROBLEMAS: 359827 -> SEM AIH
  [753/931] + EXTRAIDO: 343372 - RN ELEN ALVES CESAR COELHO | Campina Grande | 7 procs | 2025-02-25 -> 2025-02-28
  [753/931] !! PROBLEMAS: 343372 -> SEM AIH
  [754/931] + EXTRAIDO: 365308 - RN ELLEN JOANE FREIRE DE SOUSA | Ouro Velho | 14 procs | 2025-05-10 -> 2025-05-15
  [754/931] !! PROBLEMAS: 365308 -> SEM AIH
  [755/931] + EXTRAIDO: 364358 - RN EXPEDITA AVELINO DANIEL | Juazeirinho | 8 procs | 2025-05-07 -> 2025-05-11
  [755/931] !! PROBLEMAS: 364358 -> SEM AIH
  [756/931] + EXTRAIDO: 361313 - RN G1 EDILENE DOS SANTOS PONTES | Alagoa Nova | 12 procs | 2025-04-25 -> 2025-05-03
  [756/931] !! PROBLEMAS: 361313 -> SEM AIH
  [757/931] + EXTRAIDO: 362494 - RN G2 DE MARIA VITORIA SOUSA FERREIRA | Massaranduba | 17 procs | 2025-04-30 -> 2025-05-09
  [757/931] !! PROBLEMAS: 362494 -> SEM AIH
  [758/931] + EXTRAIDO: 361317 - RN G2 EDILENE DOS SANTOS PONTES | Alagoa Nova | 10 procs | 2025-04-25 -> 2025-05-03
  [758/931] !! PROBLEMAS: 361317 -> SEM AIH
  [759/931] + EXTRAIDO: 362488 - RN GI DE MARIA VITORIA SOUSA FERREIRA | Massaranduba | 9 procs | 2025-04-30 -> 2025-05-09
  [759/931] !! PROBLEMAS: 362488 -> SEM AIH
  [761/931] + EXTRAIDO: 358897 - RN IZABEL CRISTINA DE SALES | Serra Redonda | 7 procs | 2025-04-17 -> 2025-04-18
  [761/931] !! PROBLEMAS: 358897 -> SEM AIH
  [762/931] + EXTRAIDO: 360252 - RN JAILZA RAIANE LEMOS DA SILVA | Campina Grande | 18 procs | 2025-04-22 -> 2025-05-01
  [762/931] !! PROBLEMAS: 360252 -> SEM AIH
  [760/931] + EXTRAIDO: 363955 - RN IANUA CELY NUNES JUSTINO | Campina Grande | 11 procs | 2025-05-06 -> 2025-05-14
  [760/931] !! PROBLEMAS: 363955 -> SEM AIH
  [763/931] + EXTRAIDO: 361008 - RN JAQUISIARA FERNANDA FARIAS DE SOUZA | Campina Grande | 13 procs | 2025-04-24 -> 2025-05-03
  [763/931] !! PROBLEMAS: 361008 -> SEM AIH
  [765/931] + EXTRAIDO: 367070 - RN LAURA EMANUELLE PEREIRA DA SILVA SANTOS SOARES | Areia | 7 procs | 2025-05-16 -> 2025-05-21
  [765/931] !! PROBLEMAS: 367070 -> SEM AIH
  [764/931] + EXTRAIDO: 365231 - RN JOSYLENE NASCIMENTO SILVA | Queimadas | 10 procs | 2025-05-09 -> 2025-05-16
  [764/931] !! PROBLEMAS: 365231 -> SEM AIH
  [766/931] + EXTRAIDO: 345326 - RN LILIANE DINIZ SINEZIO | Esperança | 12 procs | 2025-03-03 -> 2025-03-09
  [766/931] !! PROBLEMAS: 345326 -> SEM AIH
  [767/931] + EXTRAIDO: 355072 - RN LILIANE SILVA NASCIMENTO | Campina Grande | 22 procs | 2025-04-04 -> 2025-05-02
  [767/931] !! PROBLEMAS: 355072 -> SEM AIH
  [768/931] + EXTRAIDO: 364647 - RN LUCIANA SILVINO FERREIRA | Juazeirinho | 13 procs | 2025-05-07 -> 2025-05-26
  [768/931] !! PROBLEMAS: 364647 -> SEM AIH
  [769/931] + EXTRAIDO: 366770 - RN MARIA DA CONCEICAO DOS SANTOS | Areia | 10 procs | 2025-05-15 -> 2025-05-24
  [769/931] !! PROBLEMAS: 366770 -> SEM AIH
  [770/931] + EXTRAIDO: 368290 - RN MARIA DO CARMO DA SILVA | Remígio | 11 procs | 2025-05-20 -> 2025-05-30
  [770/931] !! PROBLEMAS: 368290 -> SEM AIH
  [772/931] + EXTRAIDO: 361149 - RN MARIA VITORIA MARQUES FERREIRA | Campina Grande | 11 procs | 2025-04-25 -> 2025-05-02
  [772/931] !! PROBLEMAS: 361149 -> SEM AIH
  [771/931] + EXTRAIDO: 362174 - RN MARIA SUELI BEZERRA SILVA | Barra de Santana | 9 procs | 2025-04-29 -> 2025-05-01
  [771/931] !! PROBLEMAS: 362174 -> SEM AIH | SEM CNS
  [773/931] + EXTRAIDO: 366936 - RN MICAELY SOUZA SANTOS | Campina Grande | 14 procs | 2025-05-15 -> 2025-05-22
  [773/931] !! PROBLEMAS: 366936 -> SEM AIH
  [774/931] + EXTRAIDO: 361690 - RN MORGANA DAYSE DE PONTES SANTOS SILVA | Cuité | 12 procs | 2025-04-27 -> 2025-05-11
  [774/931] !! PROBLEMAS: 361690 -> SEM AIH
  [775/931] + EXTRAIDO: 364573 - RN PATRICIA CRISTINA ARAUJO VICENTE | Campina Grande | 9 procs | 2025-05-07 -> 2025-05-10
  [775/931] !! PROBLEMAS: 364573 -> SEM AIH
  [777/931] + EXTRAIDO: 364027 - RN POLLYANNA AUGUSTA PEREIRA DE ARAUJO | Boa Vista | 7 procs | 2025-05-21 -> 2025-05-21
  [777/931] !! PROBLEMAS: 364027 -> INTERNACAO MULTIPLA (2x no site) | SEM AIH
  [776/931] + EXTRAIDO: 364027 - RN POLLYANNA AUGUSTA PEREIRA DE ARAUJO | Boa Vista | 18 procs | 2025-05-06 -> 2025-05-21
  [776/931] !! PROBLEMAS: 364027 -> INTERNACAO MULTIPLA (2x no site) | SEM AIH
  [779/931] + EXTRAIDO: 354866 - RN RAFAELA EDUARDA DA SILVA VIEIRA | Campina Grande | 24 procs | 2025-04-03 -> 2025-05-16
  [779/931] !! PROBLEMAS: 354866 -> SEM AIH
  [778/931] + EXTRAIDO: 363129 - RN PRISCILA ALVES MARQUES | Campina Grande | 9 procs | 2025-05-02 -> 2025-05-05
  [778/931] !! PROBLEMAS: 363129 -> SEM AIH
  [780/931] + EXTRAIDO: 360124 - RN RANIELLY GOMES DA SILVA | Campina Grande | 27 procs | 2025-04-22 -> 2025-05-22
  [780/931] !! PROBLEMAS: 360124 -> SEM AIH
  [781/931] + EXTRAIDO: 366372 - RN RAQUEL PEREIRA DA SILVA | Campina Grande | 10 procs | 2025-05-14 -> 2025-05-24
  [781/931] !! PROBLEMAS: 366372 -> SEM AIH
  [782/931] + EXTRAIDO: 357307 - RN RAYANE LIRA NASCIMENTO | Campina Grande | 10 procs | 2025-04-11 -> 2025-04-20
  [782/931] !! PROBLEMAS: 357307 -> SEM AIH
  [783/931] + EXTRAIDO: 365310 - RN RENALLY HYLLARY MENDES PEREIRA DA SILVA | Campina Grande | 9 procs | 2025-05-10 -> 2025-05-14
  [783/931] !! PROBLEMAS: 365310 -> SEM AIH
  [785/931] + EXTRAIDO: 365037 - RN SABRINA LOPES DA SILVA | Arara | 23 procs | 2025-05-09 -> 2025-05-10
  [785/931] !! PROBLEMAS: 365037 -> SEM AIH
  [784/931] + EXTRAIDO: 368638 - RN ROSILENE DE MARIZ COSTA | Campina Grande | 9 procs | 2025-05-21 -> 2025-05-27
  [784/931] !! PROBLEMAS: 368638 -> SEM AIH
  [786/931] + EXTRAIDO: 368156 - RN SARAH RAYANE DE SOUSA SANTOS | Campina Grande | 10 procs | 2025-05-20 -> 2025-05-23
  [786/931] !! PROBLEMAS: 368156 -> SEM AIH
  [787/931] + EXTRAIDO: 357660 - RN TALYA SOBRAL DA SILVA | Monteiro | 15 procs | 2025-04-13 -> 2025-05-09
  [787/931] !! PROBLEMAS: 357660 -> SEM AIH
  [788/931] + EXTRAIDO: 359809 - RN TAVILA REBECA AMARANTE DA SILVA | Campina Grande | 23 procs | 2025-04-20 -> 2025-05-09
  [788/931] !! PROBLEMAS: 359809 -> SEM AIH
  [789/931] + EXTRAIDO: 360914 - RN THALYA MAXIMINO DOS SANTOS | Arara | 8 procs | 2025-04-24 -> 2025-05-02
  [789/931] !! PROBLEMAS: 360914 -> SEM AIH
  [790/931] + EXTRAIDO: 363610 - RN VANESSA FERREIRA DE LIMA SALES | Juarez Távora | 8 procs | 2025-05-04 -> 2025-05-07
  [790/931] !! PROBLEMAS: 363610 -> SEM AIH | SEM CNS
  [818/931] + EXTRAIDO: 351869 - SAMARA VITORIA SANTANA DO NASCIMENTO | Campina Grande | 12 procs | 2025-03-24 -> 2025-03-29
  [818/931] !! PROBLEMAS: 351869 -> INTERNACAO MULTIPLA (2x no site) | SEM AIH
  [796/931] + EXTRAIDO: 363644 - ROSANGELA ARAUJO TERTO DA SILVA | Campina Grande | 19 procs | 2025-05-05 -> 2025-05-05
  [796/931] !! PROBLEMAS: 363644 -> SEM AIH
  [821/931] + EXTRAIDO: 364216 - SAMILLY TAINA COSTA CAVALCANTE | Campina Grande | 7 procs | 2025-05-06 -> 2025-05-07
  [821/931] !! PROBLEMAS: 364216 -> SEM AIH
  [834/931] + EXTRAIDO: 349895 - SASKYA ISABELE LIMA MEDEIROS | Campina Grande | 12 procs | 2025-03-17 -> 2025-03-20
  [834/931] !! PROBLEMAS: 349895 -> INTERNACAO MULTIPLA (2x no site) | SEM AIH
  [842/931] + EXTRAIDO: 345490 - SIMONE JUSTINO DE SOUZA | Ingá | 2 procs | 2025-03-04 -> 2025-03-06
  [842/931] !! PROBLEMAS: 345490 -> INTERNACAO MULTIPLA (2x no site) | SEM AIH
  [851/931] + EXTRAIDO: 348943 - STHEFANY VITORIA CHINA SILVA | Campina Grande | 3 procs | 2025-03-14 -> 2025-03-16
  [851/931] !! PROBLEMAS: 348943 -> INTERNACAO MULTIPLA (2x no site) | SEM AIH
  [857/931] + EXTRAIDO: 367019 - TAINARA MARIA NASCIMENTO DOS SANTOS | Esperança | 24 procs | 2025-05-16 -> 2025-05-17
  [857/931] !! PROBLEMAS: 367019 -> SEM AIH
  [876/931] + EXTRAIDO: 363453 - TELMA GOMES DO NASCIMENTO | Fagundes | 12 procs | 2025-05-04 -> 2025-05-06
  [876/931] !! PROBLEMAS: 363453 -> SEM AIH
  [900/931] + EXTRAIDO: 363557 - VANESSA FERREIRA DE LIMA SALES | Juarez Távora | 15 procs | 2025-05-04 -> 2025-05-06
  [900/931] !! PROBLEMAS: 363557 -> SEM AIH
  [909/931] + EXTRAIDO: 360801 - VERONICA MENDES NASCIMENTO | Ingá | 24 procs | 2025-04-24 -> 2025-05-02
  [909/931] !! PROBLEMAS: 360801 -> SEM AIH | SEM CNS

  Tempo de extracao: 99s (0.5s/registro)
  Salvando 215 prontuarios no banco...
  Salvo com sucesso!

  ========================================================
  RESUMO 06/2025
  ========================================================
  Links no site:           931
  Ja estavam no banco:     716
  Extraidos agora (novos): 215
  Com problemas:           215
  Sem nome (pulados):      0
  Sem contar= (ignorados): 0
  Erros ao carregar:       0
  TOTAL NO BANCO AGORA:    931
  COMPLETO: 931 de 931 registros!
