Scraper Hospital - 2026-03-15 12:36:54
============================================================

Logging in...
Logged in!

============================================================
COMPETENCIA 06/2025
============================================================
  Site total: 931 | Links encontrados: 931
  Ja registrados no banco: 700
  --------------------------------------------------------
  [1/931] JA NO BANCO: 368323
  [2/931] JA NO BANCO: 365333
  [3/931] JA NO BANCO: 367549
  [4/931] JA NO BANCO: 363670
  [5/931] JA NO BANCO: 361027
  [6/931] JA NO BANCO: 364253
  [7/931] JA NO BANCO: 365615
  [8/931] JA NO BANCO: 366285
  [9/931] JA NO BANCO: 361953
  [10/931] JA NO BANCO: 369258
  [11/931] JA NO BANCO: 364392
  [12/931] JA NO BANCO: 368889
  [13/931] JA NO BANCO: 367419
  [14/931] JA NO BANCO: 368856
  [15/931] JA NO BANCO: 367348
  [16/931] JA NO BANCO: 364354
  [17/931] JA NO BANCO: 370684
  [18/931] JA NO BANCO: 362988
  [19/931] JA NO BANCO: 368272
  [20/931] JA NO BANCO: 364798
  [21/931] JA NO BANCO: 363941
  [22/931] JA NO BANCO: 360500
  [23/931] JA NO BANCO: 369867
  [24/931] JA NO BANCO: 357349
  [25/931] JA NO BANCO: 363885
  [26/931] JA NO BANCO: 366408
  [27/931] JA NO BANCO: 366593
  [28/931] JA NO BANCO: 370235
  [29/931] JA NO BANCO: 362636
  [30/931] JA NO BANCO: 365163
  [31/931] JA NO BANCO: 366452
  [32/931] JA NO BANCO: 365322
  [33/931] JA NO BANCO: 365071
  [34/931] JA NO BANCO: 368117
  [35/931] JA NO BANCO: 364581
  [36/931] JA NO BANCO: 368046
  [37/931] JA NO BANCO: 364281
  [38/931] JA NO BANCO: 367933
  [39/931] JA NO BANCO: 369306
  [40/931] JA NO BANCO: 368230
  [41/931] JA NO BANCO: 367976
  [42/931] JA NO BANCO: 370820
  [43/931] JA NO BANCO: 369657
  [44/931] JA NO BANCO: 360488
  [45/931] JA NO BANCO: 363930
  [46/931] JA NO BANCO: 364585
  [47/931] + EXTRAIDO: 363412 - ANA CLARA MARIANO DA SILVA | Riachão do Bacamarte | 21 procs | 2025-05-04 -> 2025-05-06
  [48/931] JA NO BANCO: 369969
  [49/931] JA NO BANCO: 360498
  [50/931] JA NO BANCO: 360498
  [51/931] JA NO BANCO: 369895
  [52/931] + EXTRAIDO: 365769 - ANA HELOISE DE MELO SILVA | Campina Grande | 15 procs | 2025-05-11 -> 2025-05-12
  [53/931] JA NO BANCO: 365209
  [54/931] JA NO BANCO: 368242
  [55/931] JA NO BANCO: 367848
  [56/931] JA NO BANCO: 369663
  [57/931] JA NO BANCO: 362084
  [58/931] JA NO BANCO: 369011
  [59/931] JA NO BANCO: 369503
  [60/931] JA NO BANCO: 350578
  [61/931] JA NO BANCO: 350578
  [62/931] + EXTRAIDO: 346860 - ANA LUIZA NOGUEIRA RIBEIRO | Campina Grande | 20 procs | 2025-03-07 -> 2025-03-15
  [63/931] + EXTRAIDO: 346860 - ANA LUIZA NOGUEIRA RIBEIRO | Campina Grande | 18 procs | 2025-03-15 -> 2025-03-17
  [64/931] JA NO BANCO: 362707
  [65/931] JA NO BANCO: 368311
  [66/931] JA NO BANCO: 365640
  [67/931] JA NO BANCO: 368950
  [68/931] JA NO BANCO: 367994
  [69/931] JA NO BANCO: 370451
  [70/931] JA NO BANCO: 358764
  [71/931] JA NO BANCO: 358764
  [72/931] JA NO BANCO: 364837
  [73/931] JA NO BANCO: 365638
  [74/931] JA NO BANCO: 369587
  [75/931] JA NO BANCO: 366013
  [76/931] JA NO BANCO: 362267
  [77/931] JA NO BANCO: 356611
  [78/931] JA NO BANCO: 360325
  [79/931] JA NO BANCO: 366251
  [80/931] JA NO BANCO: 370844
  [81/931] JA NO BANCO: 361983
  [82/931] JA NO BANCO: 345028
  [83/931] JA NO BANCO: 366630
  [84/931] JA NO BANCO: 368099
  [85/931] JA NO BANCO: 364739
  [86/931] JA NO BANCO: 367749
  [87/931] JA NO BANCO: 369163
  [88/931] JA NO BANCO: 368478
  [89/931] JA NO BANCO: 366723
  [90/931] JA NO BANCO: 367790
  [91/931] JA NO BANCO: 365368
  [92/931] JA NO BANCO: 364187
  [93/931] JA NO BANCO: 366067
  [94/931] JA NO BANCO: 367060
  [95/931] JA NO BANCO: 367996
  [96/931] JA NO BANCO: 356883
  [97/931] JA NO BANCO: 359358
  [98/931] JA NO BANCO: 354852
  [99/931] JA NO BANCO: 370044
  [100/931] JA NO BANCO: 367169
  [101/931] JA NO BANCO: 360949
  [102/931] JA NO BANCO: 366672
  [103/931] JA NO BANCO: 365082
  [104/931] JA NO BANCO: 367256
  [105/931] JA NO BANCO: 349565
  [106/931] JA NO BANCO: 349565
  [107/931] JA NO BANCO: 361744
  [108/931] JA NO BANCO: 369028
  [109/931] + EXTRAIDO: 363299 - BARBARA MARIA DA CONCEICAO | Campina Grande | 10 procs | 2025-05-03 -> 2025-05-06
  [110/931] JA NO BANCO: 364562
  [111/931] JA NO BANCO: 360496
  [112/931] JA NO BANCO: 362253
  [113/931] JA NO BANCO: 364811
  [114/931] JA NO BANCO: 370518
  [115/931] JA NO BANCO: 364850
  [116/931] JA NO BANCO: 367352
  [117/931] JA NO BANCO: 364685
  [118/931] JA NO BANCO: 368675
  [119/931] JA NO BANCO: 364987
  [120/931] + EXTRAIDO: 363426 - BRUNA BONIFACIO FERREIRA | Campina Grande | 14 procs | 2025-05-04 -> 2025-05-06
  [121/931] JA NO BANCO: 366166
  [122/931] JA NO BANCO: 369407
  [123/931] JA NO BANCO: 367373
  [124/931] JA NO BANCO: 370421
  [125/931] JA NO BANCO: 367733
  [126/931] JA NO BANCO: 367733
  [127/931] + EXTRAIDO: 370389 - CAMILA CAROLAINE DOS SANTOS LIMA | Areia | 13 procs | 2025-05-27 -> 2025-05-29
  [128/931] JA NO BANCO: 363865
  [129/931] JA NO BANCO: 366646
  [130/931] + EXTRAIDO: 351987 - CAMILA SIMEAO DE SOUSA | Campina Grande | 12 procs | 2025-03-24 -> 2025-03-28
  [131/931] + EXTRAIDO: 351987 - CAMILA SIMEAO DE SOUSA | Campina Grande | 11 procs | 2025-03-28 -> 2025-03-30
  [132/931] JA NO BANCO: 362734
  [133/931] JA NO BANCO: 363614
  [134/931] JA NO BANCO: 368020
  [135/931] JA NO BANCO: 369564
  [136/931] JA NO BANCO: 367635
  [137/931] JA NO BANCO: 363183
  [138/931] JA NO BANCO: 362310
  [139/931] JA NO BANCO: 365123
  [140/931] JA NO BANCO: 365715
  [141/931] JA NO BANCO: 367767
  [142/931] JA NO BANCO: 369369
  [143/931] JA NO BANCO: 367050
  [144/931] JA NO BANCO: 370799
  [145/931] JA NO BANCO: 362803
  [146/931] JA NO BANCO: 363121
  [147/931] JA NO BANCO: 365803
  [148/931] JA NO BANCO: 366693
  [149/931] + EXTRAIDO: 351061 - CLEDYHOMARA MOTA PATRICIO | Campina Grande | 17 procs | 2025-03-21 -> 2025-04-01
  [150/931] + EXTRAIDO: 351061 - CLEDYHOMARA MOTA PATRICIO | Campina Grande | 8 procs | 2025-04-01 -> 2025-04-03
  [151/931] JA NO BANCO: 363823
  [152/931] JA NO BANCO: 363604
  [153/931] JA NO BANCO: 367785
  [154/931] JA NO BANCO: 359374
  [155/931] JA NO BANCO: 370041
  [156/931] JA NO BANCO: 364320
  [157/931] JA NO BANCO: 368965
  [158/931] JA NO BANCO: 370675
  [159/931] JA NO BANCO: 363742
  [160/931] JA NO BANCO: 368438
  [161/931] JA NO BANCO: 366602
  [162/931] JA NO BANCO: 361666
  [163/931] JA NO BANCO: 367132
  [164/931] JA NO BANCO: 368823
  [165/931] JA NO BANCO: 369585
  [166/931] JA NO BANCO: 364951
  [167/931] JA NO BANCO: 364189
  [168/931] JA NO BANCO: 366256
  [169/931] JA NO BANCO: 366218
  [170/931] JA NO BANCO: 364674
  [171/931] + EXTRAIDO: 347848 - DAYANE DE MELO DINIZ | Pocinhos | 5 procs | 2025-03-11 -> 2025-03-15
  [172/931] + EXTRAIDO: 347848 - DAYANE DE MELO DINIZ | Pocinhos | 19 procs | 2025-03-15 -> 2025-03-17
  [173/931] JA NO BANCO: 368394
  [174/931] + EXTRAIDO: 348202 - DAYANNE KELLY CANARIO DA SILVA | Monteiro | 5 procs | 2025-03-11 -> 2025-03-15
  [175/931] + EXTRAIDO: 348202 - DAYANNE KELLY CANARIO DA SILVA | Monteiro | 21 procs | 2025-03-15 -> 2025-03-23
  [176/931] JA NO BANCO: 370586
  [177/931] JA NO BANCO: 366508
  [178/931] JA NO BANCO: 355991
  [179/931] JA NO BANCO: 360657
  [180/931] JA NO BANCO: 368088
  [181/931] JA NO BANCO: 362164
  [182/931] JA NO BANCO: 370804
  [183/931] + EXTRAIDO: 342054 - EDINETE JOSE DA SILVA | Natuba | 9 procs | 2025-02-20 -> 2025-03-01
  [184/931] + EXTRAIDO: 342054 - EDINETE JOSE DA SILVA | Natuba | 12 procs | 2025-03-01 -> 2025-03-03
  [185/931] JA NO BANCO: 364440
  [186/931] JA NO BANCO: 370811
  [187/931] JA NO BANCO: 362330
  [188/931] JA NO BANCO: 69248
  [189/931] JA NO BANCO: 363968
  [190/931] + EXTRAIDO: 363375 - EDNALVA ALBUQUERQUE RODRIGUES | Remígio | 22 procs | 2025-05-03 -> 2025-05-06
  [191/931] JA NO BANCO: 370715
  [192/931] JA NO BANCO: 364058
  [193/931] JA NO BANCO: 368903
  [194/931] JA NO BANCO: 367620
  [195/931] JA NO BANCO: 362975
  [196/931] + EXTRAIDO: 367731 - EDUARDA GONCALVES DA SILVA | Esperança | 22 procs | 2025-05-18 -> 2025-05-21
  [197/931] + EXTRAIDO: 350051 - EDUARDA OLIVEIRA PIRANGIBE | Campina Grande | 13 procs | 2025-03-18 -> 2025-03-19
  [198/931] + EXTRAIDO: 350051 - EDUARDA OLIVEIRA PIRANGIBE | Campina Grande | 2 procs | 2025-03-19 -> 2025-03-20
  [199/931] JA NO BANCO: 368784
  [200/931] JA NO BANCO: 367402
  [201/931] JA NO BANCO: 361802
  [202/931] JA NO BANCO: 365552
  [203/931] JA NO BANCO: 368735
  [204/931] JA NO BANCO: 368066
  [205/931] JA NO BANCO: 352217
  [206/931] JA NO BANCO: 352217
  [207/931] JA NO BANCO: 361190
  [208/931] JA NO BANCO: 364899
  [209/931] JA NO BANCO: 371359
  [210/931] JA NO BANCO: 363676
  [211/931] JA NO BANCO: 366707
  [212/931] JA NO BANCO: 363520
  [213/931] JA NO BANCO: 365449
  [214/931] JA NO BANCO: 365544
  [215/931] JA NO BANCO: 365285
  [216/931] JA NO BANCO: 364291
  [217/931] JA NO BANCO: 362926
  [218/931] JA NO BANCO: 369568
  [219/931] + EXTRAIDO: 363871 - ELYEDNA AGRA AIRES DOS ANJOS RAMOS | Campina Grande | 9 procs | 2025-05-05 -> 2025-05-06
  [220/931] JA NO BANCO: 368817
  [221/931] JA NO BANCO: 366855
  [222/931] JA NO BANCO: 362450
  [223/931] JA NO BANCO: 355127
  [224/931] JA NO BANCO: 370093
  [225/931] JA NO BANCO: 371122
  [226/931] JA NO BANCO: 367142
  [227/931] JA NO BANCO: 364202
  [228/931] JA NO BANCO: 368341
  [229/931] JA NO BANCO: 369751
  [230/931] JA NO BANCO: 367022
  [231/931] JA NO BANCO: 363813
  [232/931] JA NO BANCO: 364494
  [233/931] JA NO BANCO: 367800
  [234/931] + EXTRAIDO: 369140 - EVELYN NATALY DE SOUSA | Campina Grande | 13 procs | 2025-05-23 -> 2025-05-24
  [235/931] JA NO BANCO: 364352
  [236/931] JA NO BANCO: 366303
  [237/931] JA NO BANCO: 368386
  [238/931] JA NO BANCO: 364162
  [239/931] JA NO BANCO: 369989
  [240/931] JA NO BANCO: 354131
  [241/931] JA NO BANCO: 345631
  [242/931] JA NO BANCO: 345631
  [243/931] JA NO BANCO: 364579
  [244/931] JA NO BANCO: 369240
  [245/931] JA NO BANCO: 366287
  [246/931] JA NO BANCO: 367154
  [247/931] + EXTRAIDO: 364791 - FRANCISCA MONICA PEREIRA DE FREITAS | Campina Grande | 16 procs | 2025-05-08 -> 2025-05-10
  [248/931] JA NO BANCO: 369837
  [249/931] JA NO BANCO: 369591
  [250/931] JA NO BANCO: 368169
  [251/931] + EXTRAIDO: 368613 - GABRIELLA BARBOSA ALVES | Campina Grande | 7 procs | 2025-05-21 -> 2025-05-22
  [252/931] JA NO BANCO: 344263
  [253/931] JA NO BANCO: 369323
  [254/931] JA NO BANCO: 369985
  [255/931] JA NO BANCO: 367278
  [256/931] JA NO BANCO: 369549
  [257/931] JA NO BANCO: 364831
  [258/931] JA NO BANCO: 362576
  [259/931] JA NO BANCO: 367266
  [260/931] + EXTRAIDO: 371040 - GESSICA FERREIRA MOURA DA SILVA | Campina Grande | 9 procs | 2025-05-29 -> 2025-05-30
  [261/931] JA NO BANCO: 364631
  [262/931] JA NO BANCO: 364343
  [263/931] JA NO BANCO: 368591
  [264/931] JA NO BANCO: 359252
  [265/931] JA NO BANCO: 359252
  [266/931] JA NO BANCO: 354327
  [267/931] JA NO BANCO: 354327
  [268/931] JA NO BANCO: 369973
  [269/931] JA NO BANCO: 365165
  [270/931] JA NO BANCO: 370610
  [271/931] JA NO BANCO: 368640
  [272/931] JA NO BANCO: 363264
  [273/931] JA NO BANCO: 365125
  [274/931] JA NO BANCO: 368002
  [275/931] JA NO BANCO: 357445
  [276/931] JA NO BANCO: 364350
  [277/931] JA NO BANCO: 369294
  [278/931] JA NO BANCO: 369715
  [279/931] JA NO BANCO: 362596
  [280/931] JA NO BANCO: 358891
  [281/931] JA NO BANCO: 369851
  [282/931] JA NO BANCO: 369879
  [283/931] JA NO BANCO: 365797
  [284/931] JA NO BANCO: 362278
  [285/931] JA NO BANCO: 363728
  [286/931] JA NO BANCO: 365842
  [287/931] JA NO BANCO: 362796
  [288/931] JA NO BANCO: 368484
  [289/931] JA NO BANCO: 369387
  [290/931] JA NO BANCO: 366712
  [291/931] JA NO BANCO: 363187
  [292/931] JA NO BANCO: 355518
  [293/931] JA NO BANCO: 365294
  [294/931] JA NO BANCO: 364322
  [295/931] JA NO BANCO: 365741
  [296/931] JA NO BANCO: 367600
  [297/931] JA NO BANCO: 367412
  [298/931] JA NO BANCO: 366470
  [299/931] JA NO BANCO: 349858
  [300/931] JA NO BANCO: 349858
  [301/931] + EXTRAIDO: 362304 - INGRITI CLAUDINO BERNARDO | Olivedos | 30 procs | 2025-04-29 -> 2025-05-06
  [302/931] JA NO BANCO: 363596
  [303/931] JA NO BANCO: 368384
  [304/931] JA NO BANCO: 363807
  [305/931] JA NO BANCO: 368187
  [306/931] JA NO BANCO: 369943
  [307/931] JA NO BANCO: 368220
  [308/931] JA NO BANCO: 361379
  [309/931] JA NO BANCO: 367156
  [310/931] JA NO BANCO: 366479
  [311/931] + EXTRAIDO: 368519 - ISLANE SOUZA BEZERRA | Campina Grande | 13 procs | 2025-05-21 -> 2025-05-23
  [312/931] JA NO BANCO: 362807
  [313/931] + EXTRAIDO: 353791 - ITALA MILENA DOS SANTOS RODRIGUES | Campina Grande | 12 procs | 2025-03-31 -> 2025-04-02
  [314/931] + EXTRAIDO: 353791 - ITALA MILENA DOS SANTOS RODRIGUES | Campina Grande | 26 procs | 2025-04-02 -> 2025-04-05
  [315/931] JA NO BANCO: 358774
  [316/931] JA NO BANCO: 358580
  [317/931] JA NO BANCO: 367778
  [318/931] JA NO BANCO: 368762
  [319/931] JA NO BANCO: 367335
  [320/931] JA NO BANCO: 369575
  [321/931] JA NO BANCO: 361091
  [322/931] JA NO BANCO: 349053
  [323/931] JA NO BANCO: 349053
  [324/931] JA NO BANCO: 360193
  [325/931] JA NO BANCO: 370638
  [326/931] JA NO BANCO: 366947
  [327/931] JA NO BANCO: 368412
  [328/931] JA NO BANCO: 368072
  [329/931] JA NO BANCO: 368554
  [330/931] + EXTRAIDO: 354236 - JAMILY PAULINO SILVA | Campina Grande | 14 procs | 2025-04-01 -> 2025-04-03
  [331/931] JA NO BANCO: 363185
  [332/931] JA NO BANCO: 367480
  [333/931] + EXTRAIDO: 369351 - JANAINA BARBOSA DE ARAUJO | Alagoa Nova | 10 procs | 2025-05-23 -> 2025-05-24
  [334/931] JA NO BANCO: 363243
  [335/931] JA NO BANCO: 366370
  [336/931] JA NO BANCO: 364208
  [337/931] JA NO BANCO: 366180
  [338/931] JA NO BANCO: 363189
  [339/931] JA NO BANCO: 360890
  [340/931] JA NO BANCO: 367148
  [341/931] JA NO BANCO: 367074
  [342/931] JA NO BANCO: 366057
  [343/931] JA NO BANCO: 366798
  [344/931] JA NO BANCO: 367630
  [345/931] JA NO BANCO: 363945
  [346/931] JA NO BANCO: 364106
  [347/931] + EXTRAIDO: 363363 - JESSICA FERREIRA LUCENA | Campina Grande | 20 procs | 2025-05-03 -> 2025-05-06
  [348/931] JA NO BANCO: 361518
  [349/931] JA NO BANCO: 366454
  [350/931] JA NO BANCO: 347874
  [351/931] JA NO BANCO: 347874
  [352/931] JA NO BANCO: 365455
  [353/931] JA NO BANCO: 369302
  [354/931] + EXTRAIDO: 342320 - JESSICA TAVARES SILVA | Puxinanã | 28 procs | 2025-02-21 -> 2025-03-09
  [355/931] + EXTRAIDO: 342320 - JESSICA TAVARES SILVA | Puxinanã | 10 procs | 2025-03-09 -> 2025-03-11
  [356/931] JA NO BANCO: 363018
  [357/931] JA NO BANCO: 370363
  [358/931] JA NO BANCO: 364744
  [359/931] JA NO BANCO: 365994
  [360/931] JA NO BANCO: 369456
  [361/931] JA NO BANCO: 366189
  [362/931] JA NO BANCO: 366757
  [363/931] JA NO BANCO: 369796
  [364/931] JA NO BANCO: 358991
  [365/931] JA NO BANCO: 365355
  [366/931] JA NO BANCO: 345131
  [367/931] JA NO BANCO: 364735
  [368/931] JA NO BANCO: 361995
  [369/931] JA NO BANCO: 366496
  [370/931] JA NO BANCO: 354442
  [371/931] JA NO BANCO: 362001
  [372/931] JA NO BANCO: 364730
  [373/931] JA NO BANCO: 363138
  [374/931] JA NO BANCO: 365854
  [375/931] JA NO BANCO: 358351
  [376/931] JA NO BANCO: 347054
  [377/931] JA NO BANCO: 347054
  [378/931] JA NO BANCO: 365882
  [379/931] JA NO BANCO: 363394
  [380/931] JA NO BANCO: 365621
  [381/931] JA NO BANCO: 363492
  [382/931] JA NO BANCO: 364889
  [383/931] JA NO BANCO: 362405
  [384/931] JA NO BANCO: 368634
  [385/931] JA NO BANCO: 362792
  [386/931] JA NO BANCO: 361443
  [387/931] JA NO BANCO: 362753
  [388/931] JA NO BANCO: 365974
  [389/931] + EXTRAIDO: 366751 - JULIANA BATISTA RAMOS FERREIRA LIRA | Campina Grande | 19 procs | 2025-05-15 -> 2025-05-17
  [390/931] JA NO BANCO: 365106
  [391/931] JA NO BANCO: 364785
  [392/931] JA NO BANCO: 364569
  [393/931] JA NO BANCO: 346897
  [394/931] JA NO BANCO: 346897
  [395/931] + EXTRAIDO: 363541 - JULLIANA KESSIA DA SILVA | Campina Grande | 16 procs | 2025-05-04 -> 2025-05-05
  [396/931] JA NO BANCO: 362757
  [397/931] JA NO BANCO: 368916
  [398/931] JA NO BANCO: 366135
  [399/931] JA NO BANCO: 366995
  [400/931] JA NO BANCO: 370141
  [401/931] JA NO BANCO: 363150
  [402/931] JA NO BANCO: 362581
  [403/931] JA NO BANCO: 366612
  [404/931] JA NO BANCO: 366891
  [405/931] JA NO BANCO: 365101
  [406/931] JA NO BANCO: 368644
  [407/931] + EXTRAIDO: 356895 - KIMBELLY KAYANNY ALVES DE SOUZA | Campina Grande | 22 procs | 2025-04-10 -> 2025-04-12
  [408/931] JA NO BANCO: 365548
  [409/931] JA NO BANCO: 368661
  [410/931] JA NO BANCO: 368488
  [411/931] JA NO BANCO: 364551
  [412/931] JA NO BANCO: 365421
  [413/931] JA NO BANCO: 359230
  [414/931] + EXTRAIDO: 347769 - LAIS RODRIGUES CARVALHO DE MELO | Serra Branca | 4 procs | 2025-03-10 -> 2025-03-17
  [415/931] + EXTRAIDO: 347769 - LAIS RODRIGUES CARVALHO DE MELO | Serra Branca | 20 procs | 2025-03-17 -> 2025-03-19
  [416/931] JA NO BANCO: 369488
  [417/931] JA NO BANCO: 364314
  [418/931] JA NO BANCO: 368918
  [419/931] JA NO BANCO: 368442
  [420/931] + EXTRAIDO: 366957 - LARISSA HELLEN DE FRANCA LIMA | Campina Grande | 8 procs | 2025-05-16 -> 2025-05-30
  [421/931] JA NO BANCO: 364717
  [422/931] JA NO BANCO: 366993
  [423/931] JA NO BANCO: 367136
  [424/931] JA NO BANCO: 366628
  [425/931] JA NO BANCO: 367323
  [426/931] JA NO BANCO: 363831
  [427/931] JA NO BANCO: 364218
  [428/931] JA NO BANCO: 362326
  [429/931] JA NO BANCO: 366358
  [430/931] + EXTRAIDO: 363980 - LIDIA PINHEIRO DA SILVA | Ingá | 13 procs | 2025-05-06 -> 2025-05-07
  [431/931] + EXTRAIDO: 347137 - LIDIANE SILVA MACEDO | Cuité | 21 procs | 2025-03-08 -> 2025-03-14
  [432/931] + EXTRAIDO: 347137 - LIDIANE SILVA MACEDO | Cuité | 28 procs | 2025-03-14 -> 2025-03-19
  [433/931] JA NO BANCO: 365415
  [434/931] JA NO BANCO: 345233
  [435/931] JA NO BANCO: 367587
  [436/931] JA NO BANCO: 364056
  [437/931] JA NO BANCO: 355057
  [438/931] JA NO BANCO: 365687
  [439/931] JA NO BANCO: 365502
  [440/931] JA NO BANCO: 369476
  [441/931] JA NO BANCO: 362208
  [442/931] JA NO BANCO: 362445
  [443/931] JA NO BANCO: 365445
  [444/931] JA NO BANCO: 363123
  [445/931] JA NO BANCO: 366293
  [446/931] JA NO BANCO: 362489
  [447/931] + EXTRAIDO: 361784 - LUANA PEREIRA DA SILVA CAVALCANTI | Campina Grande | 15 procs | 2025-04-28 -> 2025-05-06
  [448/931] JA NO BANCO: 368261
  [449/931] JA NO BANCO: 370656
  [450/931] JA NO BANCO: 370656
  [451/931] JA NO BANCO: 365498
  [452/931] JA NO BANCO: 369188
  [453/931] + EXTRAIDO: 367911 - LUCIANA DE MACEDO DANTAS | Campina Grande | 16 procs | 2025-05-19 -> 2025-05-21
  [454/931] JA NO BANCO: 370064
  [455/931] JA NO BANCO: 367735
  [456/931] JA NO BANCO: 362744
  [457/931] JA NO BANCO: 349304
  [458/931] JA NO BANCO: 363295
  [459/931] JA NO BANCO: 366905
  [460/931] JA NO BANCO: 366054
  [461/931] JA NO BANCO: 363782
  [462/931] JA NO BANCO: 364453
  [463/931] JA NO BANCO: 368426
  [464/931] JA NO BANCO: 366699
  [465/931] JA NO BANCO: 362167
  [466/931] JA NO BANCO: 367564
  [467/931] JA NO BANCO: 370028
  [468/931] JA NO BANCO: 369087
  [469/931] + EXTRAIDO: 369855 - MARCIA DE LIMA ARAUJO | Remígio | 9 procs | 2025-05-26 -> 2025-05-27
  [470/931] JA NO BANCO: 367369
  [471/931] JA NO BANCO: 366463
  [472/931] JA NO BANCO: 367980
  [473/931] JA NO BANCO: 365778
  [474/931] JA NO BANCO: 366050
  [475/931] JA NO BANCO: 367964
  [476/931] JA NO BANCO: 364795
  [477/931] JA NO BANCO: 370824
  [478/931] JA NO BANCO: 363642
  [479/931] JA NO BANCO: 365385
  [480/931] JA NO BANCO: 363959
  [481/931] JA NO BANCO: 348795
  [482/931] JA NO BANCO: 348795
  [483/931] JA NO BANCO: 368121
  [484/931] JA NO BANCO: 362230
  [485/931] JA NO BANCO: 367685
  [486/931] JA NO BANCO: 364255
  [487/931] JA NO BANCO: 363205
  [488/931] JA NO BANCO: 367968
  [489/931] JA NO BANCO: 362704
  [490/931] JA NO BANCO: 366668
  [491/931] JA NO BANCO: 365302
  [492/931] JA NO BANCO: 362940
  [493/931] + EXTRAIDO: 363402 - MARIA DA CONCEICAO BEZERRA DE MEDEIROS | Aroeiras | 19 procs | 2025-05-03 -> 2025-05-06
  [494/931] JA NO BANCO: 366686
  [495/931] JA NO BANCO: 362318
  [496/931] JA NO BANCO: 369371
  [497/931] JA NO BANCO: 370416
  [498/931] JA NO BANCO: 370845
  [499/931] JA NO BANCO: 369653
  [500/931] JA NO BANCO: 364173
  [501/931] JA NO BANCO: 368102
  [502/931] JA NO BANCO: 362168
  [503/931] JA NO BANCO: 368280
  [504/931] JA NO BANCO: 369068
  [505/931] JA NO BANCO: 362399
  [506/931] JA NO BANCO: 369761
  [507/931] JA NO BANCO: 363339
  [508/931] JA NO BANCO: 368901
  [509/931] JA NO BANCO: 364042
  [510/931] JA NO BANCO: 362821
  [511/931] JA NO BANCO: 365506
  [512/931] JA NO BANCO: 363260
  [513/931] JA NO BANCO: 369782
  [514/931] JA NO BANCO: 348111
  [515/931] JA NO BANCO: 349806
  [516/931] JA NO BANCO: 349806
  [517/931] JA NO BANCO: 365753
  [518/931] JA NO BANCO: 364549
  [519/931] JA NO BANCO: 364858
  [520/931] JA NO BANCO: 363006
  [521/931] JA NO BANCO: 362391
  [522/931] JA NO BANCO: 363999
  [523/931] JA NO BANCO: 362983
  [524/931] JA NO BANCO: 363598
  [525/931] JA NO BANCO: 363616
  [526/931] JA NO BANCO: 363616
  [527/931] JA NO BANCO: 363777
  [528/931] JA NO BANCO: 365719
  [529/931] JA NO BANCO: 363590
  [530/931] JA NO BANCO: 362920
  [531/931] JA NO BANCO: 368632
  [532/931] JA NO BANCO: 367218
  [533/931] JA NO BANCO: 364955
  [534/931] JA NO BANCO: 362204
  [535/931] JA NO BANCO: 363451
  [536/931] JA NO BANCO: 361356
  [537/931] JA NO BANCO: 366870
  [538/931] JA NO BANCO: 368849
  [539/931] JA NO BANCO: 367346
  [540/931] JA NO BANCO: 368167
  [541/931] JA NO BANCO: 365039
  [542/931] JA NO BANCO: 364198
  [543/931] JA NO BANCO: 362100
  [544/931] JA NO BANCO: 369625
  [545/931] JA NO BANCO: 361937
  [546/931] JA NO BANCO: 364641
  [547/931] JA NO BANCO: 369213
  [548/931] JA NO BANCO: 369893
  [549/931] JA NO BANCO: 367516
  [550/931] JA NO BANCO: 365972
  [551/931] JA NO BANCO: 361006
  [552/931] JA NO BANCO: 369814
  [553/931] JA NO BANCO: 367806
  [554/931] JA NO BANCO: 362382
  [555/931] JA NO BANCO: 364978
  [556/931] JA NO BANCO: 369355
  [557/931] JA NO BANCO: 364305
  [558/931] JA NO BANCO: 367926
  [559/931] JA NO BANCO: 369841
  [560/931] JA NO BANCO: 362771
  [561/931] JA NO BANCO: 366547
  [562/931] + EXTRAIDO: 343832 - MARINA DA SILVA DIAS | Itatuba | 8 procs | 2025-02-26 -> 2025-03-10
  [563/931] + EXTRAIDO: 343832 - MARINA DA SILVA DIAS | Itatuba | 11 procs | 2025-03-10 -> 2025-03-12
  [564/931] JA NO BANCO: 367315
  [565/931] JA NO BANCO: 364035
  [566/931] JA NO BANCO: 368744
  [567/931] JA NO BANCO: 363514
  [568/931] JA NO BANCO: 367264
  [569/931] JA NO BANCO: 369725
  [570/931] JA NO BANCO: 366461
  [571/931] JA NO BANCO: 365399
  [572/931] + EXTRAIDO: 366921 - MICAELY SOUZA SANTOS | Campina Grande | 13 procs | 2025-05-15 -> 2025-05-17
  [573/931] JA NO BANCO: 369579
  [574/931] JA NO BANCO: 364459
  [575/931] JA NO BANCO: 362362
  [576/931] JA NO BANCO: 363270
  [577/931] JA NO BANCO: 361967
  [578/931] JA NO BANCO: 364775
  [579/931] JA NO BANCO: 361257
  [580/931] JA NO BANCO: 364381
  [581/931] JA NO BANCO: 367842
  [582/931] JA NO BANCO: 362244
  [583/931] JA NO BANCO: 362530
  [584/931] JA NO BANCO: 364829
  [585/931] JA NO BANCO: 363056
  [586/931] JA NO BANCO: 368036
  [587/931] JA NO BANCO: 364919
  [588/931] JA NO BANCO: 362967
  [589/931] JA NO BANCO: 368861
  [590/931] JA NO BANCO: 370256
  [591/931] JA NO BANCO: 365417
  [592/931] JA NO BANCO: 365713
  [593/931] JA NO BANCO: 365571
  [594/931] JA NO BANCO: 367882
  [595/931] JA NO BANCO: 367108
  [596/931] JA NO BANCO: 367804
  [597/931] JA NO BANCO: 364234
  [598/931] JA NO BANCO: 367482
  [599/931] JA NO BANCO: 366137
  [600/931] JA NO BANCO: 362676
  [601/931] JA NO BANCO: 364443
  [602/931] JA NO BANCO: 369706
  [603/931] JA NO BANCO: 360242
  [604/931] JA NO BANCO: 370267
  [605/931] JA NO BANCO: 358963
  [606/931] + EXTRAIDO: 363592 - PATRICIA CAETANO PEREIRA | Ingá | 6 procs | 2025-05-04 -> 2025-05-05
  [607/931] JA NO BANCO: 364529
  [608/931] JA NO BANCO: 368416
  [609/931] JA NO BANCO: 368905
  [610/931] JA NO BANCO: 362172
  [611/931] JA NO BANCO: 370516
  [612/931] JA NO BANCO: 368236
  [613/931] JA NO BANCO: 363974
  [614/931] JA NO BANCO: 365829
  [615/931] JA NO BANCO: 363022
  [616/931] JA NO BANCO: 362647
  [617/931] JA NO BANCO: 367034
  [618/931] JA NO BANCO: 351866
  [619/931] JA NO BANCO: 351866
  [620/931] JA NO BANCO: 369347
  [621/931] + EXTRAIDO: 353309 - RAFAELA EDUARDA DA SILVA VIEIRA | Campina Grande | 19 procs | 2025-03-29 -> 2025-04-03
  [622/931] + EXTRAIDO: 353309 - RAFAELA EDUARDA DA SILVA VIEIRA | Campina Grande | 22 procs | 2025-04-03 -> 2025-04-05
  [623/931] JA NO BANCO: 364232
  [624/931] JA NO BANCO: 359078
  [625/931] JA NO BANCO: 358985
  [626/931] + EXTRAIDO: 344758 - RANNA HELOYSA DOS SANTOS SILVA | Aroeiras | 17 procs | 2025-03-01 -> 2025-03-04
  [627/931] + EXTRAIDO: 344758 - RANNA HELOYSA DOS SANTOS SILVA | Aroeiras | 12 procs | 2025-03-04 -> 2025-03-05
  [628/931] JA NO BANCO: 363570
  [629/931] JA NO BANCO: 365157
  [630/931] JA NO BANCO: 366489
  [631/931] JA NO BANCO: 370137
  [632/931] JA NO BANCO: 366214
  [633/931] JA NO BANCO: 368240
  [634/931] JA NO BANCO: 358487
  [635/931] JA NO BANCO: 362358
  [636/931] + EXTRAIDO: 356273 - RAQUELY DE OLIVEIRA | Campina Grande | 12 procs | 2025-04-08 -> 2025-04-13
  [637/931] + EXTRAIDO: 356273 - RAQUELY DE OLIVEIRA | Campina Grande | 13 procs | 2025-04-13 -> 2025-04-15
  [638/931] JA NO BANCO: 369167
  [639/931] JA NO BANCO: 357157
  [640/931] JA NO BANCO: 370591
  [641/931] JA NO BANCO: 365033
  [642/931] JA NO BANCO: 366374
  [643/931] JA NO BANCO: 365765
  [644/931] JA NO BANCO: 370956
  [645/931] + EXTRAIDO: 365235 - RENALLY HYLLARY MENDES PEREIRA DA SILVA | Campina Grande | 12 procs | 2025-05-09 -> 2025-05-12
  [646/931] JA NO BANCO: 362478
  [647/931] JA NO BANCO: 369859
  [648/931] JA NO BANCO: 365711
  [649/931] JA NO BANCO: 368228
  [650/931] + EXTRAIDO: 366245 - RN  HYDERLIENE DA SILVA COSTA RAMOS | Campina Grande | 8 procs | 2025-05-13 -> 2025-05-16
  [651/931] + EXTRAIDO: 360622 - RN ALICE ANDREIA DOS SANTOS | Campina Grande | 9 procs | 2025-04-23 -> 2025-05-01
  [652/931] + EXTRAIDO: 368601 - RN ANA KAROLINA HENRIQUE DA SILVA | Alagoa Nova | 9 procs | 2025-05-21 -> 2025-05-24
  [653/931] + EXTRAIDO: 367759 - RN ANDRESSA GABRIELE LOURENCO DA SILVA | Areia | 7 procs | 2025-05-19 -> 2025-05-24
  [654/931] + EXTRAIDO: 367944 - RN ANDREZA MARQUES DE ARAUJO | Juazeirinho | 9 procs | 2025-05-19 -> 2025-05-21
  [655/931] + EXTRAIDO: 368276 - RN ANGELA TATIELLY RODRIGUES DA SILVA | Queimadas | 9 procs | 2025-05-20 -> 2025-05-23
  [656/931] + EXTRAIDO: 363476 - RN CAROLINA RAFAEL DO NASCIMENTO | Sumé | 16 procs | 2025-05-04 -> 2025-05-23
  [657/931] + EXTRAIDO: 367784 - RN CICERA EMANOELA LIMEIRA DA SILVA | Campina Grande | 19 procs | 2025-05-19 -> 2025-05-28
  [658/931] + EXTRAIDO: 361712 - RN DANIELE DE LIMA FREITAS | Campina Grande | 11 procs | 2025-04-27 -> 2025-05-09
  [659/931] + EXTRAIDO: 365100 - RN DANIELLE VITORIA  LIMA DA SILVA | Areia | 7 procs | 2025-05-09 -> 2025-05-21
  [660/931] + EXTRAIDO: 365331 - RN DE ADAILZA GOMES DA SILVA | Massaranduba | 8 procs | 2025-05-10 -> 2025-05-16
  [661/931] + EXTRAIDO: 361059 - RN DE ADRIANA OLIVEIRA MELO | Damião | 23 procs | 2025-04-24 -> 2025-05-16
  [662/931] + EXTRAIDO: 365755 - RN DE ADRIANA ROQUE DE SOUZA | Barra de Santa Rosa | 7 procs | 2025-05-11 -> 2025-05-14
  [663/931] + EXTRAIDO: 357459 - RN DE ALICE SHAYENE DE LIMA MACEDO | Campina Grande | 10 procs | 2025-04-12 -> 2025-04-18
  [664/931] + EXTRAIDO: 363939 - RN DE ALICIA ALVES DA SILVA | Campina Grande | 15 procs | 2025-05-05 -> 2025-05-20
  [665/931] + EXTRAIDO: 365409 - RN DE ALINE ROSA DA SILVA | Juazeirinho | 14 procs | 2025-05-10 -> 2025-05-23
  [666/931] + EXTRAIDO: 365728 - RN DE ANA PAULA SILVA OLIVEIRA | Campina Grande | 8 procs | 2025-05-11 -> 2025-05-17
  [667/931] + EXTRAIDO: 362017 - RN DE ANDREA SAMARA MARINHO DOS SANTOS | Riachão do Bacamarte | 15 procs | 2025-04-28 -> 2025-05-07
  [668/931] + EXTRAIDO: 345158 - RN DE ANDREIA DE SOUZA FARIAS | Campina Grande | 9 procs | 2025-03-02 -> 2025-03-05
  [669/931] + EXTRAIDO: 364930 - RN DE ANDRESSA EDUARDA PEREIRA DO REGO | Boqueirão | 8 procs | 2025-05-08 -> 2025-05-15
  [670/931] + EXTRAIDO: 359518 - RN DE ANNA CECILIA DE SOUSA RODRIGUES | Alagoa Grande | 10 procs | 2025-04-19 -> 2025-05-02
  [671/931] + EXTRAIDO: 370428 - RN DE ANNE KAROLINE DA COSTA TIELES SILVA | Campina Grande | 5 procs | 2025-05-28 -> 2025-05-28
  [672/931] + EXTRAIDO: 361033 - RN DE APARECIDA DOS SANTOS TARGINO | Sossêgo | 10 procs | 2025-04-24 -> 2025-05-01
  [673/931] + EXTRAIDO: 362761 - RN DE BEATRIZ SMIRNA VIEIRA MEDEIROS | Campina Grande | 9 procs | 2025-05-01 -> 2025-05-04
  [674/931] + EXTRAIDO: 369439 - RN DE CILENE PIRANGI DA SILVA | Remígio | 8 procs | 2025-05-23 -> 2025-05-31
  [675/931] + EXTRAIDO: 368677 - RN DE CLEANE LUCIELY SILVA DOS SANTOS | Campina Grande | 9 procs | 2025-05-21 -> 2025-05-27
  [676/931] + EXTRAIDO: 368860 - RN DE DANIELE SILVA DOS SANTOS BELO | Campina Grande | 16 procs | 2025-05-22 -> 2025-05-25
  [677/931] + EXTRAIDO: 361013 - RN DE DANIELY MENDES NASCIMENTO | Lagoa Seca | 8 procs | 2025-04-24 -> 2025-05-02
  [678/931] + EXTRAIDO: 349426 - RN DE DAYANNE KELLY CANARIO DA SILVA | Monteiro | 32 procs | 2025-03-15 -> 2025-05-28
  [679/931] + EXTRAIDO: 364050 - RN DE EDNA LUANA PEREIRA MACIEL | Campina Grande | 18 procs | 2025-05-06 -> 2025-05-21
  [680/931] + EXTRAIDO: 363157 - RN DE EDUARDA FERNANDA JANUARIO ARAUJO | Campina Grande | 14 procs | 2025-05-02 -> 2025-05-09
  [681/931] + EXTRAIDO: 368969 - RN DE ELIANE DOS SANTOS SOUZA | Campina Grande | 14 procs | 2025-05-22 -> 2025-05-31
  [682/931] + EXTRAIDO: 364342 - RN DE ELLEN KEITH DE ALCANTARA MACEDO | Queimadas | 9 procs | 2025-05-07 -> 2025-05-10
  [683/931] + EXTRAIDO: 364289 - RN DE EMYLE HANNA BARROS OLIVEIRA | Campina Grande | 8 procs | 2025-05-06 -> 2025-05-10
  [684/931] + EXTRAIDO: 367381 - RN DE FRANCINEIDE FERREIRA SANTOS | Matinhas | 9 procs | 2025-05-17 -> 2025-05-20
  [685/931] + EXTRAIDO: 370033 - RN DE FRANCYELLY DANTAS DA SILVA | Puxinanã | 7 procs | 2025-05-26 -> 2025-05-31
  [686/931] + EXTRAIDO: 368191 - RN DE GABRIELA CANDIDO ALVES | Cuité | 8 procs | 2025-05-20 -> 2025-05-23
  [687/931] + EXTRAIDO: 370131 - RN DE GEANE SILVA ALVES | Pocinhos | 11 procs | 2025-05-26 -> 2025-05-29
  [688/931] + EXTRAIDO: 367284 - RN DE GEISY  MIRELA RODRIGUES DOS SANTOS | Campina Grande | 8 procs | 2025-05-17 -> 2025-05-24
  [689/931] + EXTRAIDO: 367599 - RN DE GERUZA  DAIANA FERREIRA MACIEL | Umbuzeiro | 11 procs | 2025-05-18 -> 2025-05-28
  [690/931] + EXTRAIDO: 362574 - RN DE GILBERLANDIA DOS SANTOS SOUZA | Areia | 8 procs | 2025-04-30 -> 2025-05-04
  [691/931] + EXTRAIDO: 359847 - RN DE GILBERNIA BENTO FERREIRA DE LIMA | Campina Grande | 12 procs | 2025-04-21 -> 2025-05-02
  [692/931] + EXTRAIDO: 369873 - RN DE GRAZYELLY EMANUELLY DA SILVA ROCHA | Esperança | 9 procs | 2025-05-26 -> 2025-05-30
  [693/931] + EXTRAIDO: 368681 - RN DE ISABEL DOS SANTOS SILVA | Campina Grande | 11 procs | 2025-05-21 -> 2025-05-27
  [694/931] + EXTRAIDO: 343895 - RN DE ISABELA ALCANTARA FARIAS | Cacimba de Dentro | 9 procs | 2025-02-26 -> 2025-03-02
  [695/931] + EXTRAIDO: 367391 - RN DE JAKELINE CRISTINA DE LIMA BARRETO | Queimadas | 9 procs | 2025-05-17 -> 2025-05-25
  [696/931] + EXTRAIDO: 364245 - RN DE JAQUELINE CRISTINA DO NASCIMENTO SOUZA | Campina Grande | 9 procs | 2025-05-06 -> 2025-05-09
  [697/931] + EXTRAIDO: 363443 - RN DE JESSICA FERREIRA LUCENA | Campina Grande | 9 procs | 2025-05-04 -> 2025-05-09
  [698/931] + EXTRAIDO: 366589 - RN DE JOANA DAYANA FIDELIS DA COSTA | Puxinanã | 9 procs | 2025-05-14 -> 2025-05-17
  [699/931] + EXTRAIDO: 367300 - RN DE JOELMA FERREIRA AMORIM | Solânea | 10 procs | 2025-05-17 -> 2025-05-20
  [700/931] + EXTRAIDO: 365484 - RN DE JORDANIA DOS SANTOS SILVA | Campina Grande | 8 procs | 2025-05-10 -> 2025-05-14
  [701/931] + EXTRAIDO: 362550 - RN DE JOSICLEIDE DA SILVA | Campina Grande | 16 procs | 2025-04-30 -> 2025-05-03
  [702/931] + EXTRAIDO: 365675 - RN DE JOSINEIDE SOUZA LEITE | Campina Grande | 9 procs | 2025-05-11 -> 2025-05-16
  [703/931] + EXTRAIDO: 362433 - RN DE JUCIANE SILVA TRAJANO | Campina Grande | 11 procs | 2025-04-30 -> 2025-05-08
  [704/931] + EXTRAIDO: 361453 - RN DE JUCILENE CANDIDO DE LIMA CARNEIRO | Areia | 9 procs | 2025-04-26 -> 2025-05-05
  [705/931] + EXTRAIDO: 366884 - RN DE JULIANA BATISTA RAMOS FERREIRA LIRA | Campina Grande | 8 procs | 2025-05-15 -> 2025-05-19
  [706/931] + EXTRAIDO: 365520 - RN DE LAINETYANE LIMA SANTOS | Campina Grande | 11 procs | 2025-05-10 -> 2025-05-14
  [707/931] + EXTRAIDO: 367339 - RN DE LARYSSA LORRAYNE HONORIO BERNARDO | Alagoa Nova | 9 procs | 2025-05-17 -> 2025-05-22
  [708/931] + EXTRAIDO: 363827 - RN DE MARIA APARECIDA DA CONCEICAO SEVERO | Monteiro | 14 procs | 2025-05-05 -> 2025-05-16
  [709/931] + EXTRAIDO: 368205 - RN DE MARIA APARECIDA DA SILVA SANTOS | Campina Grande | 6 procs | 2025-05-20 -> 2025-05-23
  [710/931] + EXTRAIDO: 364285 - RN DE MARIA APARECIDA MIZAEL DOS SANTOS | Juazeirinho | 7 procs | 2025-05-06 -> 2025-05-07
  [711/931] + EXTRAIDO: 368042 - RN DE MARIA APARECIDA PEREIRA DA SILVA | Alagoa Grande | 9 procs | 2025-05-19 -> 2025-05-28
  [712/931] + EXTRAIDO: 361696 - RN DE MARIA DA GUIA VALESCA ALVES PEREIRA | Campina Grande | 11 procs | 2025-04-27 -> 2025-05-06
  [713/931] + EXTRAIDO: 348227 - RN DE MARIA EDUARDA BARRETO SIMOES | Campina Grande | 11 procs | 2025-03-12 -> 2025-03-19
  [714/931] + EXTRAIDO: 369157 - RN DE MARIA EDUARDA BERTULINO DO VALE | Juarez Távora | 11 procs | 2025-05-23 -> 2025-05-27
  [715/931] + EXTRAIDO: 369804 - RN DE MARIA EDUARDA DA SILVA | Campina Grande | 7 procs | 2025-05-25 -> 2025-05-28
  [716/931] + EXTRAIDO: 364102 - RN DE MARIA EDUARDA GOMES MARQUES | Campina Grande | 8 procs | 2025-05-06 -> 2025-05-09
  [717/931] + EXTRAIDO: 363036 - RN DE MARIA JOSE CAMPOS DA SILVA | Campina Grande | 7 procs | 2025-05-02 -> 2025-05-06
  [718/931] + EXTRAIDO: 365757 - RN DE MARIA JOSE NUNES DA SILVA | Campina Grande | 9 procs | 2025-05-11 -> 2025-05-18
  [719/931] + EXTRAIDO: 367880 - RN DE MARIA VITORIA SILVA DE ARAUJO | Santa Cecília | 7 procs | 2025-05-19 -> 2025-05-21
  [720/931] + EXTRAIDO: 369589 - RN DE MARIANA AVELINO DA SILVA | Alagoa Grande | 10 procs | 2025-05-24 -> 2025-05-30
  [721/931] + EXTRAIDO: 366654 - RN DE MARILIA FRANCA FERREIRA | Alcantil | 10 procs | 2025-05-15 -> 2025-05-17
  [722/931] + EXTRAIDO: 368748 - RN DE MARTA SANDRYELLY DA SILVA TAVARES | Campina Grande | 7 procs | 2025-05-22 -> 2025-05-22
  [723/931] + EXTRAIDO: 369771 - RN DE MAYNARA RAYANA BORGES DA CONCEICAO | Queimadas | 10 procs | 2025-05-25 -> 2025-05-29
  [724/931] + EXTRAIDO: 342879 - RN DE MIRELI GABRIEL DE LIMA | Campina Grande | 8 procs | 2025-02-23 -> 2025-02-26
  [725/931] + EXTRAIDO: 362040 - RN DE NATALIA AVES PINTO NASCIMENTO | Campina Grande | 18 procs | 2025-04-28 -> 2025-05-02
  [726/931] + EXTRAIDO: 362060 - RN DE PAMELA AISLLA NADCIMENTO GAMA | Campina Grande | 9 procs | 2025-04-29 -> 2025-05-01
  [727/931] + EXTRAIDO: 365906 - RN DE PRICYLLA BARBOSA OLIVEIRA PEREIRA SANTANA | Campina Grande | 10 procs | 2025-05-12 -> 2025-05-15
  [728/931] + EXTRAIDO: 367529 - RN DE RAFAELA DE SOUZA | Alagoa Nova | 14 procs | 2025-05-17 -> 2025-05-30
  [729/931] + EXTRAIDO: 362566 - RN DE RAQUEL SOUZA DIAS DE ALMEIDA | Serra Redonda | 10 procs | 2025-04-30 -> 2025-05-04
  [730/931] + EXTRAIDO: 366644 - RN DE REGINA COELI MACEDO SOUTO SOARES | Soledade | 8 procs | 2025-05-14 -> 2025-05-19
  [731/931] + EXTRAIDO: 366640 - RN DE RITA DE CASSIA VITO SIDRONIO | Alagoa Nova | 16 procs | 2025-05-14 -> 2025-05-20
  [732/931] + EXTRAIDO: 363275 - RN DE ROZANGELA MORAIS DA SILVA | Campina Grande | 12 procs | 2025-05-03 -> 2025-05-08
  [733/931] + EXTRAIDO: 365784 - RN DE SAMARA VICENTE SILVA | Campina Grande | 19 procs | 2025-05-12 -> 2025-05-30
  [734/931] + EXTRAIDO: 367005 - RN DE SAMIRA DA SILVA MARTILIANO PAZ | Lagoa Seca | 12 procs | 2025-05-16 -> 2025-05-22
  [735/931] + EXTRAIDO: 363012 - RN DE SAMIRA MOURA PEREIRA NICHOLS | Campina Grande | 10 procs | 2025-05-02 -> 2025-05-12
  [736/931] + EXTRAIDO: 364277 - RN DE SAYONARA ALEXANDRE DA SILVA GI | Esperança | 15 procs | 2025-05-06 -> 2025-05-07
  [737/931] + EXTRAIDO: 362833 - RN DE SIMONEIDE DEODATO DA SILVA  QUEIROZ | Campina Grande | 8 procs | 2025-05-01 -> 2025-05-09
  [738/931] + EXTRAIDO: 353772 - RN DE SOLANGE PEREIRA ALVES | Aroeiras | 11 procs | 2025-03-31 -> 2025-04-08
  [739/931] + EXTRAIDO: 367508 - RN DE SONALY DE LIMA SILVA | Massaranduba | 9 procs | 2025-05-17 -> 2025-05-26
  [740/931] + EXTRAIDO: 370105 - RN DE STEPHANNY SILVA ALVES | Boqueirão | 12 procs | 2025-05-26 -> 2025-05-27
  [741/931] + EXTRAIDO: 368526 - RN DE TAHISE PRISCILA DA SILVA | Campina Grande | 8 procs | 2025-05-21 -> 2025-05-23
  [742/931] + EXTRAIDO: 365366 - RN DE TATIANA SILVA DE SOUSA | Campina Grande | 9 procs | 2025-05-10 -> 2025-05-12
  [743/931] + EXTRAIDO: 363845 - RN DE TAYNARA BARROS DOS SANTOS | Lagoa Seca | 15 procs | 2025-05-05 -> 2025-05-15
  [744/931] + EXTRAIDO: 367296 - RN DE TAYNARA KATIELE DA CONCEICAO SANTOS | Monteiro | 8 procs | 2025-05-17 -> 2025-05-23
  [745/931] + EXTRAIDO: 364295 - RN DE VALDICEIA MELO GOMES SILVA | Queimadas | 10 procs | 2025-05-06 -> 2025-05-09
  [746/931] + EXTRAIDO: 369129 - RN DE VALERIA RODRIGUES DA SILVA | Aroeiras | 9 procs | 2025-05-23 -> 2025-05-29
  [747/931] + EXTRAIDO: 353758 - RN DE VITORIA GABRIELA BARBOSA MARTINS | Puxinanã | 10 procs | 2025-03-31 -> 2025-04-03
  [748/931] + EXTRAIDO: 367708 - RN DE YASMIN DANTAS CAVALCANTE | Lagoa Seca | 9 procs | 2025-05-18 -> 2025-05-26
  [749/931] + EXTRAIDO: 366955 - RN DIANA FELIX DIAS | Lagoa | 9 procs | 2025-05-16 -> 2025-05-21
  [750/931] + EXTRAIDO: 362190 - RN EDIELMA DE SOUSA RAMOS | Ouro Velho | 10 procs | 2025-04-29 -> 2025-05-05
  [751/931] + EXTRAIDO: 364681 - RN EDJANE MATIAS DO NASCIMENTO | Campina Grande | 10 procs | 2025-05-08 -> 2025-05-13
  [752/931] + EXTRAIDO: 359827 - RN EDVANIA ALVES DOS SANTOS | Umbuzeiro | 26 procs | 2025-04-21 -> 2025-05-30
  [753/931] + EXTRAIDO: 343372 - RN ELEN ALVES CESAR COELHO | Campina Grande | 7 procs | 2025-02-25 -> 2025-02-28
  [754/931] + EXTRAIDO: 365308 - RN ELLEN JOANE FREIRE DE SOUSA | Ouro Velho | 14 procs | 2025-05-10 -> 2025-05-15
  [755/931] + EXTRAIDO: 364358 - RN EXPEDITA AVELINO DANIEL | Juazeirinho | 8 procs | 2025-05-07 -> 2025-05-11
  [756/931] + EXTRAIDO: 361313 - RN G1 EDILENE DOS SANTOS PONTES | Alagoa Nova | 12 procs | 2025-04-25 -> 2025-05-03
  [757/931] + EXTRAIDO: 362494 - RN G2 DE MARIA VITORIA SOUSA FERREIRA | Massaranduba | 17 procs | 2025-04-30 -> 2025-05-09
  [758/931] + EXTRAIDO: 361317 - RN G2 EDILENE DOS SANTOS PONTES | Alagoa Nova | 10 procs | 2025-04-25 -> 2025-05-03
  [759/931] + EXTRAIDO: 362488 - RN GI DE MARIA VITORIA SOUSA FERREIRA | Massaranduba | 9 procs | 2025-04-30 -> 2025-05-09
  [760/931] + EXTRAIDO: 363955 - RN IANUA CELY NUNES JUSTINO | Campina Grande | 11 procs | 2025-05-06 -> 2025-05-14
  [761/931] + EXTRAIDO: 358897 - RN IZABEL CRISTINA DE SALES | Serra Redonda | 7 procs | 2025-04-17 -> 2025-04-18
  [762/931] + EXTRAIDO: 360252 - RN JAILZA RAIANE LEMOS DA SILVA | Campina Grande | 18 procs | 2025-04-22 -> 2025-05-01
  [763/931] + EXTRAIDO: 361008 - RN JAQUISIARA FERNANDA FARIAS DE SOUZA | Campina Grande | 13 procs | 2025-04-24 -> 2025-05-03
  [764/931] + EXTRAIDO: 365231 - RN JOSYLENE NASCIMENTO SILVA | Queimadas | 10 procs | 2025-05-09 -> 2025-05-16
  [765/931] + EXTRAIDO: 367070 - RN LAURA EMANUELLE PEREIRA DA SILVA SANTOS SOARES | Areia | 7 procs | 2025-05-16 -> 2025-05-21
  [766/931] + EXTRAIDO: 345326 - RN LILIANE DINIZ SINEZIO | Esperança | 12 procs | 2025-03-03 -> 2025-03-09
  [767/931] + EXTRAIDO: 355072 - RN LILIANE SILVA NASCIMENTO | Campina Grande | 22 procs | 2025-04-04 -> 2025-05-02
  [768/931] + EXTRAIDO: 364647 - RN LUCIANA SILVINO FERREIRA | Juazeirinho | 13 procs | 2025-05-07 -> 2025-05-26
  [769/931] + EXTRAIDO: 366770 - RN MARIA DA CONCEICAO DOS SANTOS | Areia | 10 procs | 2025-05-15 -> 2025-05-24
  [770/931] + EXTRAIDO: 368290 - RN MARIA DO CARMO DA SILVA | Remígio | 11 procs | 2025-05-20 -> 2025-05-30
  [771/931] + EXTRAIDO: 362174 - RN MARIA SUELI BEZERRA SILVA | Barra de Santana | 9 procs | 2025-04-29 -> 2025-05-01
  [772/931] + EXTRAIDO: 361149 - RN MARIA VITORIA MARQUES FERREIRA | Campina Grande | 11 procs | 2025-04-25 -> 2025-05-02
  [773/931] + EXTRAIDO: 366936 - RN MICAELY SOUZA SANTOS | Campina Grande | 14 procs | 2025-05-15 -> 2025-05-22
  [774/931] + EXTRAIDO: 361690 - RN MORGANA DAYSE DE PONTES SANTOS SILVA | Cuité | 12 procs | 2025-04-27 -> 2025-05-11
  [775/931] + EXTRAIDO: 364573 - RN PATRICIA CRISTINA ARAUJO VICENTE | Campina Grande | 9 procs | 2025-05-07 -> 2025-05-10
  [776/931] + EXTRAIDO: 364027 - RN POLLYANNA AUGUSTA PEREIRA DE ARAUJO | Boa Vista | 18 procs | 2025-05-06 -> 2025-05-21
  [777/931] + EXTRAIDO: 364027 - RN POLLYANNA AUGUSTA PEREIRA DE ARAUJO | Boa Vista | 7 procs | 2025-05-21 -> 2025-05-21
  [778/931] + EXTRAIDO: 363129 - RN PRISCILA ALVES MARQUES | Campina Grande | 9 procs | 2025-05-02 -> 2025-05-05
  [779/931] + EXTRAIDO: 354866 - RN RAFAELA EDUARDA DA SILVA VIEIRA | Campina Grande | 24 procs | 2025-04-03 -> 2025-05-16
  [780/931] + EXTRAIDO: 360124 - RN RANIELLY GOMES DA SILVA | Campina Grande | 27 procs | 2025-04-22 -> 2025-05-22
  [781/931] + EXTRAIDO: 366372 - RN RAQUEL PEREIRA DA SILVA | Campina Grande | 10 procs | 2025-05-14 -> 2025-05-24
  [782/931] + EXTRAIDO: 357307 - RN RAYANE LIRA NASCIMENTO | Campina Grande | 10 procs | 2025-04-11 -> 2025-04-20
  [783/931] + EXTRAIDO: 365310 - RN RENALLY HYLLARY MENDES PEREIRA DA SILVA | Campina Grande | 9 procs | 2025-05-10 -> 2025-05-14
  [784/931] + EXTRAIDO: 368638 - RN ROSILENE DE MARIZ COSTA | Campina Grande | 9 procs | 2025-05-21 -> 2025-05-27
  [785/931] + EXTRAIDO: 365037 - RN SABRINA LOPES DA SILVA | Arara | 23 procs | 2025-05-09 -> 2025-05-10
  [786/931] + EXTRAIDO: 368156 - RN SARAH RAYANE DE SOUSA SANTOS | Campina Grande | 10 procs | 2025-05-20 -> 2025-05-23
  [787/931] + EXTRAIDO: 357660 - RN TALYA SOBRAL DA SILVA | Monteiro | 15 procs | 2025-04-13 -> 2025-05-09
  [788/931] + EXTRAIDO: 359809 - RN TAVILA REBECA AMARANTE DA SILVA | Campina Grande | 23 procs | 2025-04-20 -> 2025-05-09
  [789/931] + EXTRAIDO: 360914 - RN THALYA MAXIMINO DOS SANTOS | Arara | 8 procs | 2025-04-24 -> 2025-05-02
  [790/931] + EXTRAIDO: 363610 - RN VANESSA FERREIRA DE LIMA SALES | Juarez Távora | 8 procs | 2025-05-04 -> 2025-05-07
  [791/931] JA NO BANCO: 365443
  [792/931] JA NO BANCO: 371241
  [793/931] JA NO BANCO: 364780
  [794/931] JA NO BANCO: 363750
  [795/931] JA NO BANCO: 362348
  [796/931] + EXTRAIDO: 363644 - ROSANGELA ARAUJO TERTO DA SILVA | Campina Grande | 19 procs | 2025-05-05 -> 2025-05-05
  [797/931] JA NO BANCO: 368110
  [798/931] JA NO BANCO: 343664
  [799/931] JA NO BANCO: 368078
  [800/931] JA NO BANCO: 362441
  [801/931] JA NO BANCO: 366046
  [802/931] JA NO BANCO: 363333
  [803/931] JA NO BANCO: 370536
  [804/931] JA NO BANCO: 368467
  [805/931] JA NO BANCO: 363855
  [806/931] JA NO BANCO: 363241
  [807/931] JA NO BANCO: 370447
  [808/931] JA NO BANCO: 366127
  [809/931] JA NO BANCO: 368801
  [810/931] JA NO BANCO: 365274
  [811/931] JA NO BANCO: 366981
  [812/931] JA NO BANCO: 364226
  [813/931] JA NO BANCO: 363109
  [814/931] JA NO BANCO: 367540
  [815/931] JA NO BANCO: 367792
  [816/931] JA NO BANCO: 362371
  [817/931] JA NO BANCO: 365700
  [818/931] + EXTRAIDO: 351869 - SAMARA VITORIA SANTANA DO NASCIMENTO | Campina Grande | 12 procs | 2025-03-24 -> 2025-03-29
  [819/931] + EXTRAIDO: 351869 - SAMARA VITORIA SANTANA DO NASCIMENTO | Campina Grande | 10 procs | 2025-03-29 -> 2025-03-30
  [820/931] JA NO BANCO: 367547
  [821/931] + EXTRAIDO: 364216 - SAMILLY TAINA COSTA CAVALCANTE | Campina Grande | 7 procs | 2025-05-06 -> 2025-05-07
  [822/931] JA NO BANCO: 366510
  [823/931] JA NO BANCO: 362956
  [824/931] JA NO BANCO: 368690
  [825/931] JA NO BANCO: 363682
  [826/931] JA NO BANCO: 367183
  [827/931] JA NO BANCO: 363004
  [828/931] JA NO BANCO: 363163
  [829/931] JA NO BANCO: 367922
  [830/931] JA NO BANCO: 370155
  [831/931] JA NO BANCO: 368398
  [832/931] JA NO BANCO: 362074
  [833/931] JA NO BANCO: 368092
  [834/931] + EXTRAIDO: 349895 - SASKYA ISABELE LIMA MEDEIROS | Campina Grande | 12 procs | 2025-03-17 -> 2025-03-20
  [835/931] + EXTRAIDO: 349895 - SASKYA ISABELE LIMA MEDEIROS | Campina Grande | 26 procs | 2025-03-20 -> 2025-03-26
  [836/931] JA NO BANCO: 363726
  [837/931] JA NO BANCO: 369857
  [838/931] JA NO BANCO: 365914
  [839/931] JA NO BANCO: 365763
  [840/931] JA NO BANCO: 362690
  [841/931] JA NO BANCO: 345490
  [842/931] JA NO BANCO: 345490
  [843/931] JA NO BANCO: 366903
  [844/931] JA NO BANCO: 370264
  [845/931] JA NO BANCO: 367354
  [846/931] JA NO BANCO: 364259
  [847/931] JA NO BANCO: 367653
  [848/931] JA NO BANCO: 362624
  [849/931] JA NO BANCO: 362747
  [850/931] JA NO BANCO: 348943
  [851/931] JA NO BANCO: 348943
  [852/931] JA NO BANCO: 357330
  [853/931] JA NO BANCO: 355302
  [854/931] JA NO BANCO: 363410
  [855/931] JA NO BANCO: 365526
  [856/931] JA NO BANCO: 368388
  [857/931] + EXTRAIDO: 367019 - TAINARA MARIA NASCIMENTO DOS SANTOS | Esperança | 24 procs | 2025-05-16 -> 2025-05-17
  [858/931] JA NO BANCO: 363917
  [859/931] JA NO BANCO: 367972
  [860/931] JA NO BANCO: 369695
  [861/931] JA NO BANCO: 370768
  [862/931] JA NO BANCO: 370111
  [863/931] JA NO BANCO: 370670
  [864/931] JA NO BANCO: 365216
  [865/931] JA NO BANCO: 368622
  [866/931] JA NO BANCO: 368970
  [867/931] JA NO BANCO: 363167
  [868/931] JA NO BANCO: 365137
  [869/931] JA NO BANCO: 364070
  [870/931] JA NO BANCO: 365567
  [871/931] JA NO BANCO: 359704
  [872/931] JA NO BANCO: 365115
  [873/931] JA NO BANCO: 363824
  [874/931] JA NO BANCO: 367286
  [875/931] JA NO BANCO: 368264
  [876/931] + EXTRAIDO: 363453 - TELMA GOMES DO NASCIMENTO | Fagundes | 12 procs | 2025-05-04 -> 2025-05-06
  [877/931] JA NO BANCO: 353067
  [878/931] JA NO BANCO: 366401
  [879/931] JA NO BANCO: 347716
  [880/931] JA NO BANCO: 358993
  [881/931] JA NO BANCO: 364084
  [882/931] JA NO BANCO: 352518
  [883/931] JA NO BANCO: 366044
  [884/931] JA NO BANCO: 348568
  [885/931] JA NO BANCO: 355175
  [886/931] JA NO BANCO: 348864
  [887/931] JA NO BANCO: 364524
  [888/931] JA NO BANCO: 353670
  [889/931] JA NO BANCO: 364220
  [890/931] JA NO BANCO: 364167
  [891/931] JA NO BANCO: 366419
  [892/931] JA NO BANCO: 367365
  [893/931] JA NO BANCO: 370163
  [894/931] JA NO BANCO: 365065
  [895/931] JA NO BANCO: 365949
  [896/931] JA NO BANCO: 358152
  [897/931] JA NO BANCO: 365987
  [898/931] JA NO BANCO: 368422
  [899/931] JA NO BANCO: 366861
  [900/931] + EXTRAIDO: 363557 - VANESSA FERREIRA DE LIMA SALES | Juarez Távora | 15 procs | 2025-05-04 -> 2025-05-06
  [901/931] JA NO BANCO: 369327
  [902/931] JA NO BANCO: 358443
  [903/931] JA NO BANCO: 368822
  [904/931] JA NO BANCO: 364891
  [905/931] JA NO BANCO: 362817
  [906/931] JA NO BANCO: 367729
  [907/931] JA NO BANCO: 365127
  [908/931] JA NO BANCO: 367935
  [909/931] + EXTRAIDO: 360801 - VERONICA MENDES NASCIMENTO | Ingá | 24 procs | 2025-04-24 -> 2025-05-02
  [910/931] JA NO BANCO: 368171
  [911/931] JA NO BANCO: 367304
  [912/931] JA NO BANCO: 353661
  [913/931] JA NO BANCO: 371097
  [914/931] JA NO BANCO: 368455
  [915/931] JA NO BANCO: 365767
  [916/931] JA NO BANCO: 369225
  [917/931] JA NO BANCO: 356464
  [918/931] JA NO BANCO: 368563
  [919/931] JA NO BANCO: 365245
  [920/931] JA NO BANCO: 365170
  [921/931] JA NO BANCO: 367360
  [922/931] JA NO BANCO: 366383
  [923/931] JA NO BANCO: 368775
  [924/931] JA NO BANCO: 357380
  [925/931] JA NO BANCO: 366307
  [926/931] JA NO BANCO: 362922
  [927/931] JA NO BANCO: 363209
  [928/931] JA NO BANCO: 367093
  [929/931] JA NO BANCO: 367661
  [930/931] JA NO BANCO: 369184
  [931/931] JA NO BANCO: 362763

  Salvando 210 prontuarios no banco...
  Salvo com sucesso!

  ========================================================
  RESUMO 06/2025
  ========================================================
  Total no site:           931
  Links encontrados:       931
  Ja estavam no banco:     721
  Extraidos agora (novos): 210
  Sem nome (pulados):      0
  Sem contar= (ignorados): 0
  Erros ao carregar:       0
  TOTAL NO BANCO AGORA:    717
  DIFERENCA: faltam 214 prontuarios no banco!

============================================================
COMPETENCIA 07/2025
============================================================
  Site total: 892 | Links encontrados: 892
  Ja registrados no banco: 672
  --------------------------------------------------------
  [1/892] JA NO BANCO: 373972
  [2/892] JA NO BANCO: 376444
  [3/892] JA NO BANCO: 374980
  [4/892] JA NO BANCO: 378974
  [5/892] JA NO BANCO: 371430
  [6/892] + EXTRAIDO: 355163 - ADRIANA APARECIDA PEREIRA LEAL | Ingá | 17 procs | 2025-04-04 -> 2025-04-06
  [7/892] + EXTRAIDO: 355163 - ADRIANA APARECIDA PEREIRA LEAL | Ingá | 10 procs | 2025-04-06 -> 2025-04-07
  [8/892] JA NO BANCO: 373271
  [9/892] JA NO BANCO: 371852
  [10/892] JA NO BANCO: 353991
  [11/892] JA NO BANCO: 376497
  [12/892] JA NO BANCO: 375688
  [13/892] JA NO BANCO: 372256
  [14/892] JA NO BANCO: 371923
  [15/892] JA NO BANCO: 375266
  [16/892] JA NO BANCO: 374026
  [17/892] JA NO BANCO: 371308
  [18/892] JA NO BANCO: 377948
  [19/892] JA NO BANCO: 371075
  [20/892] JA NO BANCO: 376617
  [21/892] JA NO BANCO: 379037
  [22/892] JA NO BANCO: 379062
  [23/892] JA NO BANCO: 375361
  [24/892] JA NO BANCO: 375980
  [25/892] JA NO BANCO: 374763
  [26/892] JA NO BANCO: 372093
  [27/892] JA NO BANCO: 379411
  [28/892] JA NO BANCO: 379137
  [29/892] JA NO BANCO: 371649
  [30/892] JA NO BANCO: 375871
  [31/892] JA NO BANCO: 376565
  [32/892] JA NO BANCO: 373647
  [33/892] JA NO BANCO: 378288
  [34/892] JA NO BANCO: 370474
  [35/892] JA NO BANCO: 371262
  [36/892] JA NO BANCO: 379216
  [37/892] JA NO BANCO: 372766
  [38/892] JA NO BANCO: 371571
  [39/892] JA NO BANCO: 374016
  [40/892] JA NO BANCO: 378691
  [41/892] JA NO BANCO: 373942
  [42/892] JA NO BANCO: 376425
  [43/892] JA NO BANCO: 379311
  [44/892] JA NO BANCO: 371892
  [45/892] JA NO BANCO: 374583
  [46/892] JA NO BANCO: 377922
  [47/892] JA NO BANCO: 372388
  [48/892] JA NO BANCO: 376039
  [49/892] JA NO BANCO: 376472
  [50/892] JA NO BANCO: 378658
  [51/892] JA NO BANCO: 377389
  [52/892] JA NO BANCO: 379271
  [53/892] JA NO BANCO: 376401
  [54/892] JA NO BANCO: 376930
  [55/892] + EXTRAIDO: 351203 - ANA CLAUDIA BENEDITO DOS SANTOS | Alagoa Nova | 28 procs | 2025-03-22 -> 2025-04-21
  [56/892] + EXTRAIDO: 351203 - ANA CLAUDIA BENEDITO DOS SANTOS | Alagoa Nova | 19 procs | 2025-04-21 -> 2025-04-23
  [57/892] JA NO BANCO: 376104
  [58/892] JA NO BANCO: 371415
  [59/892] + EXTRAIDO: 362545 - ANA HELOIZA KARINE RIBEIRO DE ANDRADE | Solânea | 14 procs | 2025-04-30 -> 2025-05-04
  [60/892] + EXTRAIDO: 362545 - ANA HELOIZA KARINE RIBEIRO DE ANDRADE | Solânea | 19 procs | 2025-05-04 -> 2025-05-06
  [61/892] JA NO BANCO: 372836
  [62/892] JA NO BANCO: 372813
  [63/892] JA NO BANCO: 369153
  [64/892] JA NO BANCO: 363833
  [65/892] JA NO BANCO: 374742
  [66/892] JA NO BANCO: 374231
  [67/892] + EXTRAIDO: 371466 - ANA LYVIA LINHARES NEVES SANTOS | Campina Grande | 12 procs | 2025-05-31 -> 2025-06-01
  [68/892] JA NO BANCO: 371653
  [69/892] JA NO BANCO: 377650
  [70/892] JA NO BANCO: 374615
  [71/892] JA NO BANCO: 379245
  [72/892] JA NO BANCO: 376974
  [73/892] JA NO BANCO: 375220
  [74/892] JA NO BANCO: 359593
  [75/892] JA NO BANCO: 359593
  [76/892] JA NO BANCO: 368853
  [77/892] JA NO BANCO: 368974
  [78/892] JA NO BANCO: 368932
  [79/892] JA NO BANCO: 378757
  [80/892] JA NO BANCO: 377140
  [81/892] JA NO BANCO: 372294
  [82/892] JA NO BANCO: 371741
  [83/892] JA NO BANCO: 371681
  [84/892] JA NO BANCO: 375495
  [85/892] JA NO BANCO: 379302
  [86/892] JA NO BANCO: 378110
  [87/892] JA NO BANCO: 356035
  [88/892] JA NO BANCO: 374336
  [89/892] JA NO BANCO: 372694
  [90/892] JA NO BANCO: 377991
  [91/892] JA NO BANCO: 371888
  [92/892] JA NO BANCO: 372566
  [93/892] JA NO BANCO: 377642
  [94/892] JA NO BANCO: 372196
  [95/892] JA NO BANCO: 371247
  [96/892] JA NO BANCO: 378557
  [97/892] JA NO BANCO: 375094
  [98/892] JA NO BANCO: 371339
  [99/892] JA NO BANCO: 376246
  [100/892] JA NO BANCO: 376530
  [101/892] JA NO BANCO: 377063
  [102/892] JA NO BANCO: 371697
  [103/892] JA NO BANCO: 377398
  [104/892] JA NO BANCO: 373310
  [105/892] JA NO BANCO: 368107
  [106/892] JA NO BANCO: 372930
  [107/892] JA NO BANCO: 374353
  [108/892] JA NO BANCO: 376765
  [109/892] JA NO BANCO: 376711
  [110/892] JA NO BANCO: 376304
  [111/892] JA NO BANCO: 373655
  [112/892] JA NO BANCO: 376553
  [113/892] + EXTRAIDO: 374768 - CARLUCE MACEDO MEDEIROS | Barra de Santana | 8 procs | 2025-06-11 -> 2025-06-14
  [114/892] JA NO BANCO: 375433
  [115/892] JA NO BANCO: 376227
  [116/892] JA NO BANCO: 378689
  [117/892] JA NO BANCO: 379528
  [118/892] JA NO BANCO: 372539
  [119/892] JA NO BANCO: 371564
  [120/892] JA NO BANCO: 373608
  [121/892] JA NO BANCO: 372642
  [122/892] JA NO BANCO: 377469
  [123/892] JA NO BANCO: 374667
  [124/892] JA NO BANCO: 356649
  [125/892] JA NO BANCO: 356649
  [126/892] JA NO BANCO: 376492
  [127/892] JA NO BANCO: 378357
  [128/892] JA NO BANCO: 376041
  [129/892] JA NO BANCO: 370848
  [130/892] JA NO BANCO: 372960
  [131/892] JA NO BANCO: 368589
  [132/892] JA NO BANCO: 368589
  [133/892] JA NO BANCO: 371846
  [134/892] + EXTRAIDO: 356931 - CRISLAINE ALVES DE OLIVEIRA | Sumé | 12 procs | 2025-04-10 -> 2025-04-15
  [135/892] + EXTRAIDO: 356931 - CRISLAINE ALVES DE OLIVEIRA | Sumé | 29 procs | 2025-04-15 -> 2025-04-17
  [136/892] + EXTRAIDO: 356931 - CRISLAINE ALVES DE OLIVEIRA | Sumé | 22 procs | 2025-04-17 -> 2025-04-21
  [137/892] JA NO BANCO: 373369
  [138/892] JA NO BANCO: 369478
  [139/892] JA NO BANCO: 375095
  [140/892] JA NO BANCO: 375049
  [141/892] JA NO BANCO: 378277
  [142/892] JA NO BANCO: 378393
  [143/892] JA NO BANCO: 370874
  [144/892] JA NO BANCO: 378941
  [145/892] JA NO BANCO: 376619
  [146/892] JA NO BANCO: 378619
  [147/892] JA NO BANCO: 374832
  [148/892] JA NO BANCO: 379407
  [149/892] JA NO BANCO: 376350
  [150/892] JA NO BANCO: 373976
  [151/892] JA NO BANCO: 371691
  [152/892] JA NO BANCO: 377438
  [153/892] JA NO BANCO: 375401
  [154/892] JA NO BANCO: 375014
  [155/892] JA NO BANCO: 375038
  [156/892] JA NO BANCO: 375929
  [157/892] JA NO BANCO: 377734
  [158/892] JA NO BANCO: 374687
  [159/892] JA NO BANCO: 358260
  [160/892] JA NO BANCO: 377004
  [161/892] JA NO BANCO: 378496
  [162/892] JA NO BANCO: 373970
  [163/892] JA NO BANCO: 378891
  [164/892] JA NO BANCO: 375757
  [165/892] JA NO BANCO: 370183
  [166/892] JA NO BANCO: 370183
  [167/892] JA NO BANCO: 372080
  [168/892] JA NO BANCO: 373578
  [169/892] JA NO BANCO: 379771
  [170/892] JA NO BANCO: 377087
  [171/892] JA NO BANCO: 379478
  [172/892] JA NO BANCO: 379186
  [173/892] JA NO BANCO: 377043
  [174/892] JA NO BANCO: 375761
  [175/892] JA NO BANCO: 378240
  [176/892] + EXTRAIDO: 358967 - EDVANIA ALVES DOS SANTOS | Umbuzeiro | 16 procs | 2025-04-17 -> 2025-04-21
  [177/892] + EXTRAIDO: 358967 - EDVANIA ALVES DOS SANTOS | Umbuzeiro | 4 procs | 2025-04-21 -> 2025-04-23
  [178/892] JA NO BANCO: 353502
  [179/892] JA NO BANCO: 375558
  [180/892] JA NO BANCO: 378026
  [181/892] JA NO BANCO: 378026
  [182/892] JA NO BANCO: 373257
  [183/892] JA NO BANCO: 375355
  [184/892] JA NO BANCO: 377251
  [185/892] + EXTRAIDO: 376699 - ELAINE MIKAELY MOTA DA SILVA FELIX | Arara | 14 procs | 2025-06-17 -> 2025-06-19
  [186/892] JA NO BANCO: 371284
  [187/892] JA NO BANCO: 375468
  [188/892] JA NO BANCO: 378069
  [189/892] JA NO BANCO: 378492
  [190/892] JA NO BANCO: 371419
  [191/892] JA NO BANCO: 370498
  [192/892] JA NO BANCO: 373743
  [193/892] JA NO BANCO: 373429
  [194/892] + EXTRAIDO: 373431 - ELISAMA FELIX DA SILVA DO O | Campina Grande | 13 procs | 2025-06-06 -> 2025-06-09
  [195/892] JA NO BANCO: 369095
  [196/892] JA NO BANCO: 376378
  [197/892] JA NO BANCO: 372706
  [198/892] JA NO BANCO: 379059
  [199/892] JA NO BANCO: 370892
  [200/892] JA NO BANCO: 377860
  [201/892] JA NO BANCO: 379610
  [202/892] JA NO BANCO: 373267
  [203/892] JA NO BANCO: 379421
  [204/892] JA NO BANCO: 377693
  [205/892] + EXTRAIDO: 356925 - EMILIA PEREIRA DA SILVA | Queimadas | 18 procs | 2025-04-10 -> 2025-04-21
  [206/892] + EXTRAIDO: 356925 - EMILIA PEREIRA DA SILVA | Queimadas | 20 procs | 2025-04-21 -> 2025-04-22
  [207/892] JA NO BANCO: 379209
  [208/892] JA NO BANCO: 376741
  [209/892] + EXTRAIDO: 378193 - ERIKA SIMONE DOS SANTOS SILVA | Campina Grande | 9 procs | 2025-06-23 -> 2025-06-23
  [210/892] JA NO BANCO: 378418
  [211/892] JA NO BANCO: 371989
  [212/892] + EXTRAIDO: 371779 - ESMERALDA PATRICIO DOS SANTOS SILVA | Campina Grande | 8 procs | 2025-06-02 -> 2025-06-02
  [213/892] JA NO BANCO: 373853
  [214/892] JA NO BANCO: 379192
  [215/892] JA NO BANCO: 371705
  [216/892] JA NO BANCO: 369195
  [217/892] JA NO BANCO: 372298
  [218/892] JA NO BANCO: 377065
  [219/892] JA NO BANCO: 377098
  [220/892] JA NO BANCO: 376575
  [221/892] JA NO BANCO: 376737
  [222/892] JA NO BANCO: 379588
  [223/892] JA NO BANCO: 374879
  [224/892] JA NO BANCO: 378906
  [225/892] JA NO BANCO: 375113
  [226/892] JA NO BANCO: 371330
  [227/892] JA NO BANCO: 374321
  [228/892] + EXTRAIDO: 375511 - FERNANDA BARBOSA GERALDO SILVA | Campina Grande | 14 procs | 2025-06-13 -> 2025-06-15
  [229/892] JA NO BANCO: 376978
  [230/892] JA NO BANCO: 374861
  [231/892] JA NO BANCO: 373239
  [232/892] JA NO BANCO: 378791
  [233/892] JA NO BANCO: 377238
  [234/892] JA NO BANCO: 379605
  [235/892] JA NO BANCO: 373992
  [236/892] JA NO BANCO: 377264
  [237/892] JA NO BANCO: 374952
  [238/892] JA NO BANCO: 374282
  [239/892] JA NO BANCO: 374760
  [240/892] + EXTRAIDO: 353488 - GABRIELLA SANTOS DANTAS | São Sebastião de Lagoa de Roça | 29 procs | 2025-03-29 -> 2025-04-18
  [241/892] + EXTRAIDO: 353488 - GABRIELLA SANTOS DANTAS | São Sebastião de Lagoa de Roça | 14 procs | 2025-04-18 -> 2025-04-25
  [242/892] JA NO BANCO: 372078
  [243/892] JA NO BANCO: 374917
  [244/892] JA NO BANCO: 375372
  [245/892] JA NO BANCO: 378158
  [246/892] JA NO BANCO: 377755
  [247/892] JA NO BANCO: 377435
  [248/892] JA NO BANCO: 373675
  [249/892] JA NO BANCO: 375699
  [250/892] JA NO BANCO: 377301
  [251/892] JA NO BANCO: 371980
  [252/892] JA NO BANCO: 372902
  [253/892] JA NO BANCO: 357725
  [254/892] JA NO BANCO: 372209
  [255/892] JA NO BANCO: 378615
  [256/892] JA NO BANCO: 378421
  [257/892] JA NO BANCO: 367062
  [258/892] JA NO BANCO: 372685
  [259/892] JA NO BANCO: 371665
  [260/892] JA NO BANCO: 375103
  [261/892] JA NO BANCO: 372698
  [262/892] + EXTRAIDO: 358550 - HILDECLECIA RODRIGUES SANTOS | Campina Grande | 18 procs | 2025-04-16 -> 2025-04-19
  [263/892] + EXTRAIDO: 358550 - HILDECLECIA RODRIGUES SANTOS | Campina Grande | 20 procs | 2025-04-19 -> 2025-04-23
  [264/892] + EXTRAIDO: 376397 - IAPONIRA CARDOSO FIGUEIREDO | Campina Grande | 18 procs | 2025-06-16 -> 2025-06-17
  [265/892] JA NO BANCO: 373810
  [266/892] JA NO BANCO: 378406
  [267/892] JA NO BANCO: 377136
  [268/892] JA NO BANCO: 375599
  [269/892] JA NO BANCO: 374915
  [270/892] + EXTRAIDO: 375535 - INGRID BARBOSA NEGREIROS GOMES | Campina Grande | 16 procs | 2025-06-13 -> 2025-06-16
  [271/892] JA NO BANCO: 378778
  [272/892] JA NO BANCO: 375765
  [273/892] JA NO BANCO: 373509
  [274/892] + EXTRAIDO: 354343 - IRENE PERES MOURA | Boa Vista | 20 procs | 2025-04-01 -> 2025-04-07
  [275/892] + EXTRAIDO: 354343 - IRENE PERES MOURA | Boa Vista | 22 procs | 2025-04-07 -> 2025-04-13
  [276/892] JA NO BANCO: 372584
  [277/892] JA NO BANCO: 379442
  [278/892] JA NO BANCO: 372014
  [279/892] JA NO BANCO: 375208
  [280/892] JA NO BANCO: 374242
  [281/892] JA NO BANCO: 372140
  [282/892] JA NO BANCO: 375246
  [283/892] JA NO BANCO: 366317
  [284/892] + EXTRAIDO: 379619 - JAILMA BARBOSA DA SILVA | Campina Grande | 8 procs | 2025-06-28 -> 2025-06-29
  [285/892] + EXTRAIDO: 353507 - JAILMA FREIRES DA SILVA | Montadas | 20 procs | 2025-03-29 -> 2025-04-03
  [286/892] + EXTRAIDO: 353507 - JAILMA FREIRES DA SILVA | Montadas | 18 procs | 2025-04-03 -> 2025-04-06
  [287/892] JA NO BANCO: 370187
  [288/892] JA NO BANCO: 371747
  [289/892] JA NO BANCO: 374453
  [290/892] JA NO BANCO: 379279
  [291/892] JA NO BANCO: 378219
  [292/892] JA NO BANCO: 373759
  [293/892] JA NO BANCO: 376421
  [294/892] JA NO BANCO: 378057
  [295/892] JA NO BANCO: 375047
  [296/892] JA NO BANCO: 374190
  [297/892] JA NO BANCO: 361260
  [298/892] JA NO BANCO: 361260
  [299/892] JA NO BANCO: 354876
  [300/892] JA NO BANCO: 371840
  [301/892] JA NO BANCO: 374912
  [302/892] JA NO BANCO: 376835
  [303/892] JA NO BANCO: 377910
  [304/892] JA NO BANCO: 375883
  [305/892] JA NO BANCO: 373007
  [306/892] JA NO BANCO: 377009
  [307/892] JA NO BANCO: 368948
  [308/892] JA NO BANCO: 374792
  [309/892] JA NO BANCO: 371392
  [310/892] JA NO BANCO: 374472
  [311/892] JA NO BANCO: 378863
  [312/892] JA NO BANCO: 377391
  [313/892] JA NO BANCO: 374225
  [314/892] JA NO BANCO: 377415
  [315/892] JA NO BANCO: 376559
  [316/892] JA NO BANCO: 371020
  [317/892] JA NO BANCO: 375717
  [318/892] JA NO BANCO: 376828
  [319/892] JA NO BANCO: 370856
  [320/892] JA NO BANCO: 377483
  [321/892] JA NO BANCO: 376411
  [322/892] JA NO BANCO: 378238
  [323/892] JA NO BANCO: 375806
  [324/892] JA NO BANCO: 378369
  [325/892] JA NO BANCO: 377330
  [326/892] JA NO BANCO: 376989
  [327/892] JA NO BANCO: 367597
  [328/892] JA NO BANCO: 377501
  [329/892] JA NO BANCO: 377184
  [330/892] JA NO BANCO: 369083
  [331/892] JA NO BANCO: 370884
  [332/892] JA NO BANCO: 372304
  [333/892] JA NO BANCO: 371336
  [334/892] JA NO BANCO: 378831
  [335/892] JA NO BANCO: 373441
  [336/892] JA NO BANCO: 373694
  [337/892] JA NO BANCO: 378966
  [338/892] JA NO BANCO: 378841
  [339/892] JA NO BANCO: 379537
  [340/892] JA NO BANCO: 378413
  [341/892] JA NO BANCO: 373125
  [342/892] JA NO BANCO: 358905
  [343/892] + EXTRAIDO: 360808 - JOYCE KAROLYNA MARQUES BARBOSA | Campina Grande | 20 procs | 2025-04-24 -> 2025-04-27
  [344/892] + EXTRAIDO: 360808 - JOYCE KAROLYNA MARQUES BARBOSA | Campina Grande | 12 procs | 2025-04-27 -> 2025-04-29
  [345/892] JA NO BANCO: 376893
  [346/892] JA NO BANCO: 377962
  [347/892] JA NO BANCO: 378441
  [348/892] JA NO BANCO: 376047
  [349/892] JA NO BANCO: 375875
  [350/892] JA NO BANCO: 374128
  [351/892] JA NO BANCO: 378180
  [352/892] JA NO BANCO: 373346
  [353/892] JA NO BANCO: 375711
  [354/892] JA NO BANCO: 377823
  [355/892] JA NO BANCO: 359508
  [356/892] JA NO BANCO: 359508
  [357/892] JA NO BANCO: 373521
  [358/892] JA NO BANCO: 376628
  [359/892] JA NO BANCO: 372433
  [360/892] JA NO BANCO: 374802
  [361/892] JA NO BANCO: 378325
  [362/892] JA NO BANCO: 372940
  [363/892] JA NO BANCO: 377324
  [364/892] JA NO BANCO: 378303
  [365/892] JA NO BANCO: 377770
  [366/892] JA NO BANCO: 372332
  [367/892] JA NO BANCO: 379076
  [368/892] JA NO BANCO: 370037
  [369/892] JA NO BANCO: 370851
  [370/892] JA NO BANCO: 373365
  [371/892] JA NO BANCO: 366352
  [372/892] JA NO BANCO: 377441
  [373/892] JA NO BANCO: 373707
  [374/892] JA NO BANCO: 374511
  [375/892] JA NO BANCO: 377336
  [376/892] JA NO BANCO: 372784
  [377/892] JA NO BANCO: 379104
  [378/892] JA NO BANCO: 374711
  [379/892] JA NO BANCO: 376626
  [380/892] JA NO BANCO: 376780
  [381/892] JA NO BANCO: 372954
  [382/892] JA NO BANCO: 373713
  [383/892] JA NO BANCO: 375009
  [384/892] JA NO BANCO: 376429
  [385/892] JA NO BANCO: 371272
  [386/892] JA NO BANCO: 374063
  [387/892] JA NO BANCO: 377932
  [388/892] JA NO BANCO: 379392
  [389/892] JA NO BANCO: 374575
  [390/892] JA NO BANCO: 375031
  [391/892] JA NO BANCO: 377524
  [392/892] JA NO BANCO: 376708
  [393/892] JA NO BANCO: 371959
  [394/892] JA NO BANCO: 375569
  [395/892] + EXTRAIDO: 378925 - LEANDRA DE LIMA SILVA | Campina Grande | 10 procs | 2025-06-26 -> 2025-06-26
  [396/892] JA NO BANCO: 374204
  [397/892] JA NO BANCO: 375670
  [398/892] JA NO BANCO: 373690
  [399/892] JA NO BANCO: 372320
  [400/892] JA NO BANCO: 377890
  [401/892] JA NO BANCO: 373312
  [402/892] JA NO BANCO: 377854
  [403/892] JA NO BANCO: 373523
  [404/892] JA NO BANCO: 373790
  [405/892] JA NO BANCO: 373084
  [406/892] JA NO BANCO: 377798
  [407/892] JA NO BANCO: 372910
  [408/892] JA NO BANCO: 371206
  [409/892] JA NO BANCO: 377536
  [410/892] JA NO BANCO: 371693
  [411/892] JA NO BANCO: 375276
  [412/892] JA NO BANCO: 374739
  [413/892] JA NO BANCO: 375940
  [414/892] JA NO BANCO: 375419
  [415/892] JA NO BANCO: 374113
  [416/892] JA NO BANCO: 377740
  [417/892] JA NO BANCO: 372101
  [418/892] JA NO BANCO: 371448
  [419/892] JA NO BANCO: 379499
  [420/892] JA NO BANCO: 378355
  [421/892] JA NO BANCO: 377902
  [422/892] JA NO BANCO: 355498
  [423/892] JA NO BANCO: 372797
  [424/892] + EXTRAIDO: 352485 - LUZINEIDE APARECIDA MARINHO | Monteiro | 13 procs | 2025-03-26 -> 2025-04-06
  [425/892] + EXTRAIDO: 352485 - LUZINEIDE APARECIDA MARINHO | Monteiro | 11 procs | 2025-04-06 -> 2025-04-07
  [426/892] JA NO BANCO: 372961
  [427/892] JA NO BANCO: 371130
  [428/892] JA NO BANCO: 374286
  [429/892] + EXTRAIDO: 355764 - MAIARA MARIA DO NASCIMENTO | Montadas | 20 procs | 2025-04-06 -> 2025-04-10
  [430/892] + EXTRAIDO: 355764 - MAIARA MARIA DO NASCIMENTO | Montadas | 19 procs | 2025-04-10 -> 2025-04-12
  [431/892] JA NO BANCO: 378154
  [432/892] JA NO BANCO: 373826
  [433/892] JA NO BANCO: 377898
  [434/892] + EXTRAIDO: 373776 - MANUELA VITORIA CANDIDO DA SILVA | Campina Grande | 20 procs | 2025-06-08 -> 2025-06-10
  [435/892] JA NO BANCO: 377989
  [436/892] JA NO BANCO: 375545
  [437/892] JA NO BANCO: 376457
  [438/892] JA NO BANCO: 373246
  [439/892] JA NO BANCO: 371808
  [440/892] JA NO BANCO: 377366
  [441/892] JA NO BANCO: 375771
  [442/892] JA NO BANCO: 374865
  [443/892] JA NO BANCO: 376966
  [444/892] JA NO BANCO: 376140
  [445/892] JA NO BANCO: 374087
  [446/892] JA NO BANCO: 372996
  [447/892] JA NO BANCO: 378063
  [448/892] JA NO BANCO: 375653
  [449/892] JA NO BANCO: 373154
  [450/892] JA NO BANCO: 377682
  [451/892] JA NO BANCO: 369335
  [452/892] JA NO BANCO: 361303
  [453/892] JA NO BANCO: 374082
  [454/892] JA NO BANCO: 372280
  [455/892] JA NO BANCO: 378705
  [456/892] JA NO BANCO: 372878
  [457/892] JA NO BANCO: 377936
  [458/892] JA NO BANCO: 371548
  [459/892] JA NO BANCO: 376912
  [460/892] JA NO BANCO: 372311
  [461/892] + EXTRAIDO: 359490 - MARIA EDUARDA COSTA SANTOS DA SILVA | Campina Grande | 17 procs | 2025-04-19 -> 2025-04-22
  [462/892] + EXTRAIDO: 359490 - MARIA EDUARDA COSTA SANTOS DA SILVA | Campina Grande | 20 procs | 2025-04-22 -> 2025-04-26
  [463/892] JA NO BANCO: 371355
  [464/892] JA NO BANCO: 377373
  [465/892] JA NO BANCO: 379217
  [466/892] JA NO BANCO: 377719
  [467/892] JA NO BANCO: 372975
  [468/892] JA NO BANCO: 374347
  [469/892] JA NO BANCO: 372716
  [470/892] JA NO BANCO: 374797
  [471/892] JA NO BANCO: 371970
  [472/892] JA NO BANCO: 372057
  [473/892] JA NO BANCO: 373642
  [474/892] JA NO BANCO: 379380
  [475/892] JA NO BANCO: 372179
  [476/892] + EXTRAIDO: 374324 - MARIA GORETH RANGEL RODRIGUES | Juazeirinho | 10 procs | 2025-06-10 -> 2025-06-10
  [477/892] JA NO BANCO: 373156
  [478/892] JA NO BANCO: 377039
  [479/892] JA NO BANCO: 375258
  [480/892] JA NO BANCO: 375506
  [481/892] JA NO BANCO: 374935
  [482/892] JA NO BANCO: 374252
  [483/892] + EXTRAIDO: 375668 - MARIA JOSE SILVA OLIIVEIRA | Areia | 11 procs | 2025-06-14 -> 2025-06-16
  [484/892] JA NO BANCO: 379388
  [485/892] JA NO BANCO: 373504
  [486/892] JA NO BANCO: 372557
  [487/892] JA NO BANCO: 375565
  [488/892] JA NO BANCO: 377658
  [489/892] JA NO BANCO: 356198
  [490/892] JA NO BANCO: 372374
  [491/892] JA NO BANCO: 375788
  [492/892] JA NO BANCO: 375957
  [493/892] JA NO BANCO: 372855
  [494/892] JA NO BANCO: 376533
  [495/892] JA NO BANCO: 359402
  [496/892] JA NO BANCO: 375472
  [497/892] JA NO BANCO: 358828
  [498/892] JA NO BANCO: 379691
  [499/892] JA NO BANCO: 374895
  [500/892] + EXTRAIDO: 373731 - MARIA SILVANA FEREIRA DA SILVA | Campina Grande | 12 procs | 2025-06-07 -> 2025-06-09
  [501/892] + EXTRAIDO: 374850 - MARIA TALITA GOMES SANTANA | Fagundes | 9 procs | 2025-06-11 -> 2025-06-13
  [502/892] JA NO BANCO: 371298
  [503/892] JA NO BANCO: 357600
  [504/892] JA NO BANCO: 376330
  [505/892] JA NO BANCO: 374873
  [506/892] JA NO BANCO: 355358
  [507/892] JA NO BANCO: 355358
  [508/892] JA NO BANCO: 373057
  [509/892] + EXTRAIDO: 373822 - MARIA VITORIA BARROS DE MEDEIROS | Campina Grande | 6 procs | 2025-06-08 -> 2025-06-08
  [510/892] JA NO BANCO: 371593
  [511/892] JA NO BANCO: 373182
  [512/892] + EXTRAIDO: 371938 - MARIA VITORIA SOUTO COSTA | Campina Grande | 12 procs | 2025-06-02 -> 2025-06-04
  [513/892] JA NO BANCO: 372219
  [514/892] JA NO BANCO: 378366
  [515/892] JA NO BANCO: 371091
  [516/892] JA NO BANCO: 375487
  [517/892] JA NO BANCO: 375398
  [518/892] JA NO BANCO: 374458
  [519/892] JA NO BANCO: 375547
  [520/892] JA NO BANCO: 379017
  [521/892] JA NO BANCO: 376253
  [522/892] JA NO BANCO: 374008
  [523/892] JA NO BANCO: 376757
  [524/892] JA NO BANCO: 379491
  [525/892] JA NO BANCO: 373622
  [526/892] JA NO BANCO: 373741
  [527/892] JA NO BANCO: 377737
  [528/892] JA NO BANCO: 370390
  [529/892] + EXTRAIDO: 379134 - MAYARA GONCALVES SOBRINHO | Campina Grande | 12 procs | 2025-06-26 -> 2025-06-28
  [530/892] JA NO BANCO: 375773
  [531/892] + EXTRAIDO: 353305 - MAYZA MANUELLA CRUZ DE CARVALHO | Campina Grande | 30 procs | 2025-03-29 -> 2025-04-07
  [532/892] + EXTRAIDO: 353305 - MAYZA MANUELLA CRUZ DE CARVALHO | Campina Grande | 19 procs | 2025-04-07 -> 2025-04-09
  [533/892] JA NO BANCO: 378465
  [534/892] JA NO BANCO: 371721
  [535/892] JA NO BANCO: 379008
  [536/892] JA NO BANCO: 371200
  [537/892] JA NO BANCO: 371856
  [538/892] JA NO BANCO: 373192
  [539/892] JA NO BANCO: 374593
  [540/892] JA NO BANCO: 378787
  [541/892] JA NO BANCO: 374090
  [542/892] JA NO BANCO: 377147
  [543/892] JA NO BANCO: 377758
  [544/892] + EXTRAIDO: 356638 - MILENA RAYSSA GOMES PEREIRA | Campina Grande | 11 procs | 2025-04-09 -> 2025-04-13
  [545/892] + EXTRAIDO: 356638 - MILENA RAYSSA GOMES PEREIRA | Campina Grande | 12 procs | 2025-04-13 -> 2025-04-15
  [546/892] JA NO BANCO: 372384
  [547/892] JA NO BANCO: 374508
  [548/892] JA NO BANCO: 370605
  [549/892] JA NO BANCO: 376509
  [550/892] JA NO BANCO: 378600
  [551/892] JA NO BANCO: 376031
  [552/892] JA NO BANCO: 361129
  [553/892] JA NO BANCO: 361129
  [554/892] JA NO BANCO: 373168
  [555/892] JA NO BANCO: 376214
  [556/892] + EXTRAIDO: 359651 - MORGANA DAYSE DE PONTES SANTOS OLIVEIRA | Cuité | 12 procs | 2025-04-20 -> 2025-04-27
  [557/892] + EXTRAIDO: 359651 - MORGANA DAYSE DE PONTES SANTOS OLIVEIRA | Cuité | 12 procs | 2025-04-27 -> 2025-04-30
  [558/892] JA NO BANCO: 378307
  [559/892] JA NO BANCO: 377225
  [560/892] JA NO BANCO: 377045
  [561/892] JA NO BANCO: 376360
  [562/892] JA NO BANCO: 379566
  [563/892] JA NO BANCO: 375307
  [564/892] JA NO BANCO: 376455
  [565/892] JA NO BANCO: 378065
  [566/892] JA NO BANCO: 371288
  [567/892] JA NO BANCO: 358295
  [568/892] JA NO BANCO: 358295
  [569/892] JA NO BANCO: 378976
  [570/892] JA NO BANCO: 376082
  [571/892] JA NO BANCO: 358532
  [572/892] JA NO BANCO: 374581
  [573/892] JA NO BANCO: 375073
  [574/892] JA NO BANCO: 371460
  [575/892] JA NO BANCO: 369361
  [576/892] JA NO BANCO: 379172
  [577/892] JA NO BANCO: 373612
  [578/892] JA NO BANCO: 372012
  [579/892] JA NO BANCO: 378550
  [580/892] JA NO BANCO: 373352
  [581/892] JA NO BANCO: 374520
  [582/892] JA NO BANCO: 374938
  [583/892] JA NO BANCO: 377825
  [584/892] JA NO BANCO: 374066
  [585/892] JA NO BANCO: 378565
  [586/892] JA NO BANCO: 373447
  [587/892] JA NO BANCO: 378821
  [588/892] + EXTRAIDO: 373065 - RAIANE VERISSIMO NASCIMENTO | Pocinhos | 29 procs | 2025-06-05 -> 2025-06-13
  [589/892] + EXTRAIDO: 354043 - RAISSA GALDINO DE FRANCA | Campina Grande | 25 procs | 2025-03-31 -> 2025-04-17
  [590/892] + EXTRAIDO: 354043 - RAISSA GALDINO DE FRANCA | Campina Grande | 19 procs | 2025-04-17 -> 2025-04-19
  [591/892] JA NO BANCO: 374821
  [592/892] JA NO BANCO: 372160
  [593/892] JA NO BANCO: 369089
  [594/892] JA NO BANCO: 379382
  [595/892] + EXTRAIDO: 350071 - RAQUEL SILVA PAZ | Campina Grande | 36 procs | 2025-03-18 -> 2025-04-05
  [596/892] + EXTRAIDO: 350071 - RAQUEL SILVA PAZ | Campina Grande | 20 procs | 2025-04-05 -> 2025-04-07
  [597/892] JA NO BANCO: 372681
  [598/892] JA NO BANCO: 375202
  [599/892] JA NO BANCO: 373082
  [600/892] JA NO BANCO: 374526
  [601/892] JA NO BANCO: 373492
  [602/892] JA NO BANCO: 375254
  [603/892] JA NO BANCO: 374445
  [604/892] JA NO BANCO: 373409
  [605/892] + EXTRAIDO: 357202 - RAYSSA KELLY SPINELLYS CORREIA | Campina Grande | 17 procs | 2025-04-11 -> 2025-04-13
  [606/892] + EXTRAIDO: 357202 - RAYSSA KELLY SPINELLYS CORREIA | Campina Grande | 19 procs | 2025-04-13 -> 2025-04-15
  [607/892] JA NO BANCO: 378081
  [608/892] JA NO BANCO: 377953
  [609/892] JA NO BANCO: 375839
  [610/892] JA NO BANCO: 377648
  [611/892] JA NO BANCO: 377383
  [612/892] JA NO BANCO: 371144
  [613/892] JA NO BANCO: 372169
  [614/892] JA NO BANCO: 371160
  [615/892] JA NO BANCO: 371160
  [616/892] JA NO BANCO: 376857
  [617/892] JA NO BANCO: 363873
  [618/892] JA NO BANCO: 377049
  [619/892] JA NO BANCO: 375887
  [620/892] JA NO BANCO: 373027
  [621/892] JA NO BANCO: 378667
  [622/892] JA NO BANCO: 371022
  [623/892] JA NO BANCO: 375679
  [624/892] JA NO BANCO: 373161
  [625/892] JA NO BANCO: 371968
  [626/892] JA NO BANCO: 354001
  [627/892] + EXTRAIDO: 378012 - RN DE  REBECA DA SILVA MARINHO | Campina Grande | 7 procs | 2025-06-22 -> 2025-06-27
  [628/892] + EXTRAIDO: 377223 - RN DE ADELAINE TAVARES DOS SANTOS | Queimadas | 10 procs | 2025-06-19 -> 2025-06-22
  [629/892] + EXTRAIDO: 373700 - RN DE ADRIANA DA SILVA SOUSA | Campina Grande | 13 procs | 2025-06-07 -> 2025-06-14
  [630/892] + EXTRAIDO: 369061 - RN DE AIMEE CRISTYNA DE ASSIS SECCHI DEFANTE | Campina Grande | 14 procs | 2025-05-23 -> 2025-06-02
  [631/892] + EXTRAIDO: 372105 - RN DE ALINE CONCEICAO CHAVES DOS SANTOS | Puxinanã | 8 procs | 2025-06-03 -> 2025-06-08
  [632/892] + EXTRAIDO: 378486 - RN DE ALITUANE DE SOUSA NASCIMENTO | Campina Grande | 9 procs | 2025-06-24 -> 2025-06-29
  [633/892] + EXTRAIDO: 370713 - RN DE AMANDA CARLOS SANTOS | Esperança | 14 procs | 2025-05-28 -> 2025-06-21
  [634/892] + EXTRAIDO: 371586 - RN DE AMANDA FELINTO DA SILVA | Fagundes | 28 procs | 2025-05-31 -> 2025-06-23
  [635/892] + EXTRAIDO: 375302 - RN DE AMANDA PEREIRA DE AMORIM | Sumé | 19 procs | 2025-06-13 -> 2025-06-23
  [636/892] + EXTRAIDO: 373958 - RN DE AMANDA RAMYNE DA SILVA COSTA | Campina Grande | 8 procs | 2025-06-08 -> 2025-06-11
  [637/892] + EXTRAIDO: 373144 - RN DE ANA BEATRIZ LIMA SABIO | Campina Grande | 9 procs | 2025-06-05 -> 2025-06-06
  [638/892] + EXTRAIDO: 377586 - RN DE ANA CAROLINE ARAUJO LIMA | Seridó | 9 procs | 2025-06-20 -> 2025-06-23
  [639/892] + EXTRAIDO: 376332 - RN DE ANA CLAUDIA SILVA MELO GI | Campina Grande | 14 procs | 2025-06-16 -> 2025-06-28
  [640/892] + EXTRAIDO: 371389 - RN DE ANA MARIA DOS SANTOS | Campina Grande | 13 procs | 2025-05-30 -> 2025-06-06
  [641/892] + EXTRAIDO: 369125 - RN DE ANDREA MARIA DE OLIVEIRA | Alcantil | 16 procs | 2025-05-23 -> 2025-06-08
  [642/892] + EXTRAIDO: 373963 - RN DE CARLA DE LUNA CANDIDO | Queimadas | 9 procs | 2025-06-08 -> 2025-06-10
  [643/892] + EXTRAIDO: 371964 - RN DE CLESIA MOURA DA SILVA | Campina Grande | 8 procs | 2025-06-02 -> 2025-06-14
  [644/892] + EXTRAIDO: 358229 - RN DE CRISLAINE ALVES DE OLIVEIRA | Sumé | 27 procs | 2025-04-15 -> 2025-06-16
  [645/892] + EXTRAIDO: 373467 - RN DE CRISTIANA DE SOUZA SILVA DOS SANTOS | Matinhas | 7 procs | 2025-06-06 -> 2025-06-09
  [646/892] + EXTRAIDO: 378311 - RN DE DAIANE FERREIRA DOS SANTOS | Damião | 10 procs | 2025-06-23 -> 2025-06-27
  [647/892] + EXTRAIDO: 370835 - RN DE DANIELE BARBOSA DA SILVA | Campina Grande | 14 procs | 2025-05-29 -> 2025-06-07
  [648/892] + EXTRAIDO: 374191 - RN DE DANIELY FERREIRA DE QUEIROZ | Sossêgo | 8 procs | 2025-06-09 -> 2025-06-12
  [649/892] + EXTRAIDO: 375966 - RN DE DAYANE SANDRELLI ALEIXO DA SILVA | Campina Grande | 13 procs | 2025-06-15 -> 2025-06-24
  [650/892] + EXTRAIDO: 377032 - RN DE DEMYLLE SILVA BENTO | Montadas | 9 procs | 2025-06-19 -> 2025-06-23
  [651/892] + EXTRAIDO: 375815 - RN DE EDIANE DOS SANTOS FARIAS | São Sebastião de Lagoa de Roça | 7 procs | 2025-06-14 -> 2025-06-17
  [652/892] + EXTRAIDO: 377211 - RN DE EDILVANI DE BRITO SOUZA | Areia | 8 procs | 2025-06-19 -> 2025-06-22
  [653/892] + EXTRAIDO: 375779 - RN DE EDNA SARA SILVA JUSTINO | Campina Grande | 8 procs | 2025-06-14 -> 2025-06-16
  [654/892] + EXTRAIDO: 373903 - RN DE EDVANIA SILVA DA COSTA | Campina Grande | 12 procs | 2025-06-08 -> 2025-06-18
  [655/892] + EXTRAIDO: 370381 - RN DE ELIDIANA PEREIRA DA SILVA | Alagoa Grande | 17 procs | 2025-05-27 -> 2025-06-09
  [656/892] + EXTRAIDO: 376727 - RN DE ELOA SARGES AZEVEDO | Sumé | 11 procs | 2025-06-17 -> 2025-06-26
  [657/892] + EXTRAIDO: 370143 - RN DE EMILLY ISABEL DE MELO SOUZA | Campina Grande | 13 procs | 2025-05-26 -> 2025-06-05
  [658/892] + EXTRAIDO: 371715 - RN DE FABIA DE OLIVEIRA SILVA | Juarez Távora | 9 procs | 2025-06-01 -> 2025-06-07
  [659/892] + EXTRAIDO: 374922 - RN DE FABRIZIA FERREIRA DA SILVA | Campina Grande | 10 procs | 2025-06-11 -> 2025-06-16
  [660/892] + EXTRAIDO: 374053 - RN DE FRANCIMARA DE BRITO SILVA | Campina Grande | 15 procs | 2025-06-09 -> 2025-06-17
  [661/892] + EXTRAIDO: 372346 - RN DE GERLANE GONCALVES DE MENEZES GII | Campina Grande | 19 procs | 2025-06-03 -> 2025-06-11
  [662/892] + EXTRAIDO: 370647 - RN DE GERLANE LAURENTINO DE OLIVEIRA | Campina Grande | 10 procs | 2025-05-28 -> 2025-06-09
  [663/892] + EXTRAIDO: 373936 - RN DE GERLANE LIMA DA CUNHA AZEVEDO | Picuí | 10 procs | 2025-06-08 -> 2025-06-13
  [664/892] + EXTRAIDO: 369424 - RN DE GILVACY DA SILVA AMARO BARBOSA | Barra de Santana | 14 procs | 2025-05-23 -> 2025-06-12
  [665/892] + EXTRAIDO: 357754 - RN DE GLACIENE ARAUJO DA SILVA RIBEIRO | Santo André | 24 procs | 2025-04-13 -> 2025-06-06
  [666/892] + EXTRAIDO: 369719 - RN DE GLAUCIA RENALY RIBEIRO DE SANTANA | Sumé | 10 procs | 2025-05-25 -> 2025-06-05
  [667/892] + EXTRAIDO: 372761 - RN DE GRAZIELA SANTOS SOUZA | Campina Grande | 7 procs | 2025-06-04 -> 2025-06-11
  [668/892] + EXTRAIDO: 373394 - RN DE HELLEN OLIVEIRA DE ARAUJO | São João do Cariri | 10 procs | 2025-06-06 -> 2025-06-14
  [669/892] + EXTRAIDO: 371700 - RN DE HELOYSA MOREIRA FERREIRA | Serra Branca | 12 procs | 2025-06-01 -> 2025-06-13
  [670/892] + EXTRAIDO: 374230 - RN DE IONARA RUMAO DA SILVA | Campina Grande | 10 procs | 2025-06-09 -> 2025-06-21
  [671/892] + EXTRAIDO: 372791 - RN DE ISABEL PEREIRA GONZAGA | Campina Grande | 9 procs | 2025-06-04 -> 2025-06-08
  [672/892] + EXTRAIDO: 371213 - RN DE ISABELA DE SOUZA SILVA | Campina Grande | 20 procs | 2025-05-30 -> 2025-06-09
  [673/892] + EXTRAIDO: 376311 - RN DE JANAINA DA SILVA SANTOS | Campina Grande | 15 procs | 2025-06-16 -> 2025-06-26
  [674/892] + EXTRAIDO: 372177 - RN DE JANIANA BARBOSA DE ARAUJO | Alagoa Nova | 10 procs | 2025-06-03 -> 2025-06-07
  [675/892] + EXTRAIDO: 371079 - RN DE JAQUEINE GONCALVES DUARTE | Campina Grande | 10 procs | 2025-05-29 -> 2025-06-05
  [676/892] + EXTRAIDO: 374744 - RN DE JESSICA DRIELY GOMES MORAIS ANDRADE | Campina Grande | 8 procs | 2025-06-11 -> 2025-06-12
  [677/892] + EXTRAIDO: 367276 - RN DE JESSICA HELLEN BARBOSA DA SILVA | Campina Grande | 21 procs | 2025-05-17 -> 2025-06-14
  [678/892] + EXTRAIDO: 371073 - RN DE JESSICA MAIARA DA SILVA | Barra de São Miguel | 12 procs | 2025-05-29 -> 2025-06-12
  [679/892] + EXTRAIDO: 376933 - RN DE JOANA BEATRIZ FERREIRA DA SILVA | Campina Grande | 10 procs | 2025-06-18 -> 2025-06-20
  [680/892] + EXTRAIDO: 377057 - RN DE JOSEFA RAISSA APARECIDA DA SILVA MORAIS | Fagundes | 18 procs | 2025-06-19 -> 2025-06-29
  [681/892] + EXTRAIDO: 348105 - RN DE JOSINEIDE CAVALCANTI DA SILVA | Riachão do Bacamarte | 25 procs | 2025-04-11 -> 2025-05-13
  [682/892] + EXTRAIDO: 373259 - RN DE JOYCE CAROLINE ALVES FERNANDES | Barra de Santa Rosa | 8 procs | 2025-06-06 -> 2025-06-08
  [683/892] + EXTRAIDO: 375931 - RN DE JOZILENE BERNARDINHO FIGUEIREDO SILVA | Fagundes | 8 procs | 2025-06-15 -> 2025-06-18
  [684/892] + EXTRAIDO: 372489 - RN DE KALIANNE COSTA NOGUEIRA | Barra de Santa Rosa | 13 procs | 2025-06-04 -> 2025-06-08
  [685/892] + EXTRAIDO: 376504 - RN DE KENIA THAINAR DE SOUZA GOMES | Campina Grande | 9 procs | 2025-06-17 -> 2025-06-29
  [686/892] + EXTRAIDO: 371379 - RN DE KESSIA BENTO DA SILVA | Massaranduba | 8 procs | 2025-05-30 -> 2025-06-02
  [687/892] + EXTRAIDO: 377996 - RN DE KEYLLA BEATRIZ ALVES SANTOS | Cuité | 8 procs | 2025-06-22 -> 2025-06-24
  [688/892] + EXTRAIDO: 372010 - RN DE LAYS FERREIRA MOUZINHO DOS SANTOS | Esperança | 9 procs | 2025-06-02 -> 2025-06-09
  [689/892] + EXTRAIDO: 375611 - RN DE LAYSE ISABEL SANTANA DA SILVA GI | Campina Grande | 10 procs | 2025-06-13 -> 2025-06-18
  [690/892] + EXTRAIDO: 375609 - RN DE LAYSE ISABEL SANTANA DA SILVA GII | Campina Grande | 14 procs | 2025-06-13 -> 2025-06-18
  [691/892] + EXTRAIDO: 376243 - RN DE LEIDIANE ALVES MOREIRA GI | Monteiro | 8 procs | 2025-06-16 -> 2025-06-20
  [692/892] + EXTRAIDO: 376248 - RN DE LEIDIANE ALVES MOREIRA GII | Monteiro | 9 procs | 2025-06-16 -> 2025-06-20
  [693/892] + EXTRAIDO: 359386 - RN DE LETICIA GOMES DA SILVA | Riachão do Bacamarte | 12 procs | 2025-04-19 -> 2025-04-29
  [694/892] + EXTRAIDO: 373782 - RN DE LIGIA FELIPE ANISIO | Campina Grande | 8 procs | 2025-06-08 -> 2025-06-10
  [695/892] + EXTRAIDO: 377610 - RN DE LORIANA GONCALVES DANTAS | Campina Grande | 9 procs | 2025-06-20 -> 2025-06-24
  [696/892] + EXTRAIDO: 371271 - RN DE LOUYSE MAELLE ALVES GUERRA | Campina Grande | 20 procs | 2025-05-30 -> 2025-06-07
  [697/892] + EXTRAIDO: 374796 - RN DE LUANA MICHELE ARAUJO DOS SANTOS | Caturité | 10 procs | 2025-06-11 -> 2025-06-16
  [698/892] + EXTRAIDO: 374209 - RN DE LUCIA DE FATIMA MARTINS PEREIRA | Esperança | 10 procs | 2025-06-09 -> 2025-06-16
  [699/892] + EXTRAIDO: 366073 - RN DE LUCIANA DE MACEDO DANTAS | Picuí | 6 procs | 2025-05-13 -> 2025-05-14
  [700/892] + EXTRAIDO: 366073 - RN DE LUCIANA DE MACEDO DANTAS | Picuí | 9 procs | 2025-05-14 -> 2025-05-16
  [701/892] + EXTRAIDO: 366073 - RN DE LUCIANA DE MACEDO DANTAS | Picuí | 19 procs | 2025-05-16 -> 2025-06-04
  [702/892] + EXTRAIDO: 375628 - RN DE MARCIA ERICA MEDEIROS MACEDO | Pedra Lavrada | 16 procs | 2025-06-14 -> 2025-06-18
  [703/892] + EXTRAIDO: 376606 - RN DE MARGARETH CECI MACEDO DE MEDEIROS | Soledade | 11 procs | 2025-06-17 -> 2025-06-24
  [704/892] + EXTRAIDO: 372564 - RN DE MARIA APARECIDA DA CONCEICAO | Monteiro | 18 procs | 2025-06-04 -> 2025-06-08
  [705/892] + EXTRAIDO: 372410 - RN DE MARIA DA VITORIAS PONTES RAMOS | Campina Grande | 9 procs | 2025-06-03 -> 2025-06-15
  [706/892] + EXTRAIDO: 379369 - RN DE MARIA EDUARDA LAUREANO | Campina Grande | 7 procs | 2025-06-27 -> 2025-06-30
  [707/892] + EXTRAIDO: 372865 - RN DE MARIA ELIZABETH GOMES DA SILVA | Aroeiras | 11 procs | 2025-06-05 -> 2025-06-08
  [708/892] + EXTRAIDO: 372551 - RN DE MARIA EMANUELE FRANCA DE ALM EIDA | Boa Vista | 16 procs | 2025-06-04 -> 2025-06-21
  [709/892] + EXTRAIDO: 373786 - RN DE MARIA FERNANDA DA SILVA ARAUJO | Campina Grande | 7 procs | 2025-06-08 -> 2025-06-14
  [710/892] + EXTRAIDO: 377665 - RN DE MARIA LUANA LEANDRA DOS SANTOS | Esperança | 11 procs | 2025-06-21 -> 2025-06-29
  [711/892] + EXTRAIDO: 373180 - RN DE MARIA LUIZA MIRANDA GOMES | Campina Grande | 9 procs | 2025-06-05 -> 2025-06-11
  [712/892] + EXTRAIDO: 372276 - RN DE MARIA RAQUEL CARLOS DOS SANTOS | Campina Grande | 9 procs | 2025-06-03 -> 2025-06-06
  [713/892] + EXTRAIDO: 375141 - RN DE MARIA ROSINEIDE QUINTINO PEQUENO SANTOS | Santa Cruz do Capibaribe | 18 procs | 2025-06-12 -> 2025-06-22
  [714/892] + EXTRAIDO: 373772 - RN DE MARIA SILVANA FERREIRA DA SILVA | Campina Grande | 11 procs | 2025-06-07 -> 2025-06-19
  [715/892] + EXTRAIDO: 357616 - RN DE MARIA THAIS DA SILVA BARBOSA | Campina Grande | 29 procs | 2025-04-13 -> 2025-06-08
  [716/892] + EXTRAIDO: 373226 - RN DE MARIA VITORIA ARAUJO DOS SANTOS | Campina Grande | 8 procs | 2025-06-06 -> 2025-06-11
  [717/892] + EXTRAIDO: 369845 - RN DE MARIA VITORIA MATIAS SILVA | Campina Grande | 10 procs | 2025-05-25 -> 2025-06-07
  [718/892] + EXTRAIDO: 371663 - RN DE MARIA VITORIA NASCIMENTO DE LIMA | Campina Grande | 11 procs | 2025-06-01 -> 2025-06-10
  [719/892] + EXTRAIDO: 373689 - RN DE MARIA VITORIA PAULO DA SILVA | Fagundes | 9 procs | 2025-06-07 -> 2025-06-10
  [720/892] + EXTRAIDO: 372429 - RN DE MARINALVA MEDEIROS E SILVA G2 | Casserengue | 16 procs | 2025-06-04 -> 2025-06-11
  [721/892] + EXTRAIDO: 376819 - RN DE MARLENE SILVA LIMEIRA | Lagoa Seca | 15 procs | 2025-06-18 -> 2025-06-25
  [722/892] + EXTRAIDO: 373868 - RN DE MARTHA DE SANTANA DA SILVA | Queimadas | 8 procs | 2025-06-08 -> 2025-06-11
  [723/892] + EXTRAIDO: 370420 - RN DE MAYARA FAUSTINO DE SOUZA COSTA | Lagoa Seca | 13 procs | 2025-05-28 -> 2025-06-06
  [724/892] + EXTRAIDO: 377318 - RN DE MIKAELY ROSEMIRO DA SILVA | Esperança | 9 procs | 2025-06-19 -> 2025-06-29
  [725/892] + EXTRAIDO: 370743 - RN DE MIRIAN CARDOSO DE LIMA SILVA | Campina Grande | 10 procs | 2025-05-28 -> 2025-06-09
  [726/892] + EXTRAIDO: 373510 - RN DE MONARA ALLANA DA SILVA | Campina Grande | 9 procs | 2025-06-07 -> 2025-06-13
  [727/892] + EXTRAIDO: 370758 - RN DE NATALIA ALVES DA SILVA SANTOS ANDRADE | Alagoa Grande | 13 procs | 2025-05-28 -> 2025-06-06
  [728/892] + EXTRAIDO: 372588 - RN DE NATALIA BARBOSA DE MELO DUARTE | Esperança | 14 procs | 2025-06-04 -> 2025-06-10
  [729/892] + EXTRAIDO: 371396 - RN DE OLIVIA ROSANA DA SILVA | Queimadas | 10 procs | 2025-05-30 -> 2025-06-02
  [730/892] + EXTRAIDO: 373011 - RN DE PALOMA CAETANO ALVES | Campina Grande | 10 procs | 2025-06-05 -> 2025-06-12
  [731/892] + EXTRAIDO: 373414 - RN DE QUEREM HAPUQUE COSTA VIEIRA | Cuité | 17 procs | 2025-06-06 -> 2025-06-11
  [732/892] + EXTRAIDO: 378595 - RN DE RAFAELLE DOS SANTOS SILVA | Campina Grande | 7 procs | 2025-06-25 -> 2025-06-28
  [733/892] + EXTRAIDO: 375646 - RN DE RAQUELY DOS SANTOS SOUZA | Lagoa Seca | 8 procs | 2025-06-14 -> 2025-06-17
  [734/892] + EXTRAIDO: 378089 - RN DE REBECA ANDRADE ARAUJO RANGEL DE ALBUQUERQUE | Serra Branca | 10 procs | 2025-06-22 -> 2025-06-26
  [735/892] + EXTRAIDO: 375899 - RN DE RENATA DOS SANTOS MOREIRA | Campina Grande | 12 procs | 2025-06-15 -> 2025-06-18
  [736/892] + EXTRAIDO: 373211 - RN DE ROSANGELA DA SILVA OLIVEIRA | Campina Grande | 10 procs | 2025-06-06 -> 2025-06-19
  [737/892] + EXTRAIDO: 373588 - RN DE ROSICLEIDE APOLINARIO LIMA | Campina Grande | 9 procs | 2025-06-07 -> 2025-06-12
  [738/892] + EXTRAIDO: 355711 - RN DE ROSIMERY JOSE DA SILVA | Aroeiras | 29 procs | 2025-04-06 -> 2025-06-29
  [739/892] + EXTRAIDO: 371050 - RN DE RUTHE DE SOUSA PEREIRA | Cabaceiras | 11 procs | 2025-05-29 -> 2025-06-08
  [740/892] + EXTRAIDO: 372121 - RN DE SABRINA MAYARA SILVA HERCULANO | Campina Grande | 14 procs | 2025-06-03 -> 2025-06-15
  [741/892] + EXTRAIDO: 376365 - RN DE SAMYRA REBEKA DE SOUZA TONEL | Campina Grande | 8 procs | 2025-06-16 -> 2025-06-20
  [742/892] + EXTRAIDO: 331654 - RN DE SANDRA BATISTA DO NASCIMENTO | Campina Grande | 27 procs | 2025-04-01 -> 2025-06-20
  [743/892] + EXTRAIDO: 374839 - RN DE SAYONARA RAMOS DE SOUSA | Campina Grande | 8 procs | 2025-06-11 -> 2025-06-13
  [744/892] + EXTRAIDO: 372950 - RN DE SILMARA ALVES LEITE DE VASCONCELOS GII | Campina Grande | 8 procs | 2025-06-05 -> 2025-06-09
  [745/892] + EXTRAIDO: 372948 - RN DE SILMARA ALVES LEITE VASCONCELOS GII | São José dos Cordeiros | 9 procs | 2025-06-05 -> 2025-06-09
  [746/892] + EXTRAIDO: 374828 - RN DE STEFFANNY DE OLIVEIRA NASCIMENTO | Campina Grande | 8 procs | 2025-06-11 -> 2025-06-14
  [747/892] + EXTRAIDO: 373673 - RN DE SUELLEN FELIX DE ARAUJO | Alagoa Grande | 8 procs | 2025-06-07 -> 2025-06-10
  [748/892] + EXTRAIDO: 372679 - RN DE SUENIA FERREIRA DA SILVA FREITAS | Fagundes | 10 procs | 2025-06-04 -> 2025-06-13
  [749/892] + EXTRAIDO: 371709 - RN DE TAIS NOBREGA SANTOS | Queimadas | 14 procs | 2025-06-01 -> 2025-06-23
  [750/892] + EXTRAIDO: 370782 - RN DE TAMARA CRISTINA FERREIRA DE OLIVEIRA | Campina Grande | 9 procs | 2025-05-29 -> 2025-06-04
  [751/892] + EXTRAIDO: 370703 - RN DE TAMYRES STHEFANY ARAUJO SALES | Pocinhos | 10 procs | 2025-05-28 -> 2025-06-10
  [752/892] + EXTRAIDO: 374357 - RN DE TATIANE LOPES MENDES | Queimadas | 10 procs | 2025-06-10 -> 2025-06-14
  [753/892] + EXTRAIDO: 376723 - RN DE TAYSE BARBOSA DOS SANTOS | Esperança | 12 procs | 2025-06-17 -> 2025-06-27
  [754/892] + EXTRAIDO: 372330 - RN DE THAUANY DOS ANJOS DOMINGOS DA SILVA | Ingá | 10 procs | 2025-06-03 -> 2025-06-10
  [755/892] + EXTRAIDO: 377381 - RN DE THAYS DAIANY DE ALMEIDA DA SILVA | Alagoa Grande | 10 procs | 2025-06-20 -> 2025-06-26
  [756/892] + EXTRAIDO: 373928 - RN DE THAYS SALVINO PEREIRA | Campina Grande | 14 procs | 2025-06-08 -> 2025-06-14
  [757/892] + EXTRAIDO: 369684 - RN DE VALDENUSA MARIA LOPES | Campina Grande | 18 procs | 2025-05-24 -> 2025-06-11
  [758/892] + EXTRAIDO: 375936 - RN DE VANESSA BARBOSA DA SILVA | Campina Grande | 14 procs | 2025-06-15 -> 2025-06-18
  [759/892] + EXTRAIDO: 373476 - RN DE VANESSA SOUSA DA SILVA | Cacimba de Dentro | 8 procs | 2025-06-06 -> 2025-06-09
  [760/892] + EXTRAIDO: 371495 - RN DE VITORIA KELLY SILVA DE ANDRADE | Itatuba | 10 procs | 2025-05-31 -> 2025-06-02
  [761/892] + EXTRAIDO: 367115 - RN DE VIVIANE JOYCE DE OLIVEIRA MARQUES | Ingá | 20 procs | 2025-05-16 -> 2025-05-18
  [762/892] + EXTRAIDO: 367115 - RN DE VIVIANE JOYCE DE OLIVEIRA MARQUES | Ingá | 15 procs | 2025-05-18 -> 2025-06-04
  [763/892] + EXTRAIDO: 374648 - RN DE VIVIANE QUEIROZ DE AGUIAR | Barra de Santana | 20 procs | 2025-06-11 -> 2025-06-23
  [764/892] + EXTRAIDO: 377350 - RN DE WANESSA GOMES DE ARRUDA | Fagundes | 9 procs | 2025-06-20 -> 2025-06-22
  [765/892] + EXTRAIDO: 363911 - RN DEJAQUELINE DA SILVA ALBINO | Lagoa Seca | 7 procs | 2025-05-05 -> 2025-05-09
  [766/892] JA NO BANCO: 378148
  [767/892] JA NO BANCO: 373086
  [768/892] JA NO BANCO: 379102
  [769/892] JA NO BANCO: 375337
  [770/892] JA NO BANCO: 373681
  [771/892] JA NO BANCO: 378747
  [772/892] JA NO BANCO: 376011
  [773/892] JA NO BANCO: 371614
  [774/892] JA NO BANCO: 355459
  [775/892] JA NO BANCO: 371070
  [776/892] JA NO BANCO: 374363
  [777/892] JA NO BANCO: 377342
  [778/892] JA NO BANCO: 378992
  [779/892] JA NO BANCO: 370982
  [780/892] JA NO BANCO: 372859
  [781/892] JA NO BANCO: 375984
  [782/892] JA NO BANCO: 374548
  [783/892] JA NO BANCO: 377510
  [784/892] JA NO BANCO: 379524
  [785/892] JA NO BANCO: 372024
  [786/892] JA NO BANCO: 375632
  [787/892] JA NO BANCO: 373620
  [788/892] JA NO BANCO: 378138
  [789/892] JA NO BANCO: 373541
  [790/892] JA NO BANCO: 378222
  [791/892] JA NO BANCO: 376689
  [792/892] JA NO BANCO: 374534
  [793/892] JA NO BANCO: 375993
  [794/892] JA NO BANCO: 374136
  [795/892] JA NO BANCO: 374656
  [796/892] JA NO BANCO: 376571
  [797/892] JA NO BANCO: 375849
  [798/892] JA NO BANCO: 376587
  [799/892] JA NO BANCO: 374678
  [800/892] JA NO BANCO: 379323
  [801/892] JA NO BANCO: 375412
  [802/892] JA NO BANCO: 373203
  [803/892] JA NO BANCO: 373216
  [804/892] JA NO BANCO: 378609
  [805/892] JA NO BANCO: 372830
  [806/892] JA NO BANCO: 371729
  [807/892] JA NO BANCO: 373944
  [808/892] JA NO BANCO: 375341
  [809/892] JA NO BANCO: 378542
  [810/892] + EXTRAIDO: 371384 - SIMONE MIGUEL DA SILVA | Umbuzeiro | 17 procs | 2025-05-30 -> 2025-06-01
  [811/892] JA NO BANCO: 377748
  [812/892] JA NO BANCO: 375117
  [813/892] JA NO BANCO: 372471
  [814/892] JA NO BANCO: 372471
  [815/892] JA NO BANCO: 378298
  [816/892] JA NO BANCO: 374665
  [817/892] JA NO BANCO: 377291
  [818/892] JA NO BANCO: 369494
  [819/892] JA NO BANCO: 377790
  [820/892] JA NO BANCO: 373663
  [821/892] JA NO BANCO: 373322
  [822/892] JA NO BANCO: 372597
  [823/892] JA NO BANCO: 375252
  [824/892] JA NO BANCO: 374659
  [825/892] JA NO BANCO: 370741
  [826/892] JA NO BANCO: 375161
  [827/892] JA NO BANCO: 373243
  [828/892] JA NO BANCO: 371427
  [829/892] JA NO BANCO: 369147
  [830/892] + EXTRAIDO: 353530 - TALYA SOBRAL DA SILVA | Monteiro | 31 procs | 2025-03-29 -> 2025-04-13
  [831/892] + EXTRAIDO: 353530 - TALYA SOBRAL DA SILVA | Monteiro | 19 procs | 2025-04-13 -> 2025-04-15
  [832/892] JA NO BANCO: 375579
  [833/892] JA NO BANCO: 372423
  [834/892] JA NO BANCO: 373629
  [835/892] JA NO BANCO: 376998
  [836/892] JA NO BANCO: 371326
  [837/892] JA NO BANCO: 372611
  [838/892] JA NO BANCO: 375089
  [839/892] JA NO BANCO: 376634
  [840/892] JA NO BANCO: 373567
  [841/892] JA NO BANCO: 371821
  [842/892] JA NO BANCO: 377684
  [843/892] JA NO BANCO: 377199
  [844/892] JA NO BANCO: 371408
  [845/892] JA NO BANCO: 375414
  [846/892] JA NO BANCO: 379673
  [847/892] JA NO BANCO: 376684
  [848/892] JA NO BANCO: 374518
  [849/892] JA NO BANCO: 377402
  [850/892] JA NO BANCO: 371616
  [851/892] JA NO BANCO: 371991
  [852/892] JA NO BANCO: 376075
  [853/892] JA NO BANCO: 370529
  [854/892] JA NO BANCO: 377275
  [855/892] JA NO BANCO: 376059
  [856/892] JA NO BANCO: 371522
  [857/892] + EXTRAIDO: 369659 - VALDENUSA MARIA LOPES | Queimadas | 20 procs | 2025-05-24 -> 2025-05-27
  [858/892] JA NO BANCO: 374202
  [859/892] JA NO BANCO: 374478
  [860/892] JA NO BANCO: 379489
  [861/892] JA NO BANCO: 376045
  [862/892] JA NO BANCO: 369014
  [863/892] JA NO BANCO: 372935
  [864/892] JA NO BANCO: 373795
  [865/892] JA NO BANCO: 374068
  [866/892] JA NO BANCO: 379584
  [867/892] JA NO BANCO: 375905
  [868/892] + EXTRAIDO: 373163 - VANESSA DE FARIAS QUEIROZ | Campina Grande | 22 procs | 2025-06-05 -> 2025-06-09
  [869/892] JA NO BANCO: 374368
  [870/892] JA NO BANCO: 371349
  [871/892] JA NO BANCO: 373439
  [872/892] JA NO BANCO: 376665
  [873/892] JA NO BANCO: 378984
  [874/892] JA NO BANCO: 371788
  [875/892] JA NO BANCO: 375318
  [876/892] JA NO BANCO: 124542
  [877/892] JA NO BANCO: 124542
  [878/892] JA NO BANCO: 374334
  [879/892] JA NO BANCO: 371158
  [880/892] JA NO BANCO: 374303
  [881/892] JA NO BANCO: 375056
  [882/892] JA NO BANCO: 366777
  [883/892] JA NO BANCO: 374550
  [884/892] JA NO BANCO: 374434
  [885/892] JA NO BANCO: 377190
  [886/892] JA NO BANCO: 372458
  [887/892] JA NO BANCO: 372710
  [888/892] JA NO BANCO: 374561
  [889/892] + EXTRAIDO: 355800 - YASMIM MARIA AMANCIO | Campina Grande | 11 procs | 2025-04-07 -> 2025-04-11
  [890/892] + EXTRAIDO: 355800 - YASMIM MARIA AMANCIO | Campina Grande | 9 procs | 2025-04-11 -> 2025-04-13
  [891/892] JA NO BANCO: 372846
  [892/892] JA NO BANCO: 377862

  Salvando 207 prontuarios no banco...
