Scraper Hospital - 2026-03-17 17:39:22
Concorrencia: 5 abas simultaneas
============================================================

Logging in...
Logged in!

============================================================
COMPETENCIA 06/2025
============================================================
  Site total: 931 | Links encontrados: 931
  Ja registrados no banco: 931
  --------------------------------------------------------
  Ja no banco: 931 | A processar: 0

  ========================================================
  RESUMO 06/2025
  ========================================================
  Links no site:           931
  Ja estavam no banco:     931
  Extraidos agora (novos): 0
  Com problemas:           0
  Sem nome (pulados):      0
  Sem contar= (ignorados): 0
  Erros ao carregar:       0
  TOTAL NO BANCO AGORA:    931
  COMPLETO: 931 de 931 registros!
